2019-01-14 10:45:50.410  INFO 4084 --- [main] com.jit.skiad.SkiadApplication           : Starting SkiadApplication on dell-PC with PID 4084 (started by Administrator in D:\项目开发\苏垦新项目\back\skiad(redis+minaClient)12-29\skiad)
2019-01-14 10:45:50.454  INFO 4084 --- [main] com.jit.skiad.SkiadApplication           : No active profile set, falling back to default profiles: default
2019-01-14 10:45:50.594  INFO 4084 --- [main] ationConfigEmbeddedWebApplicationContext : Refreshing org.springframework.boot.context.embedded.AnnotationConfigEmbeddedWebApplicationContext@305b7c14: startup date [Mon Jan 14 10:45:50 CST 2019]; root of context hierarchy
2019-01-14 10:45:56.544  INFO 4084 --- [main] o.s.b.f.s.DefaultListableBeanFactory     : Overriding bean definition for bean 'dataSource' with a different definition: replacing [Root bean: class [null]; scope=; abstract=false; lazyInit=false; autowireMode=3; dependencyCheck=0; autowireCandidate=true; primary=false; factoryBeanName=org.springframework.boot.autoconfigure.jdbc.DataSourceConfiguration$Dbcp2; factoryMethodName=dataSource; initMethodName=null; destroyMethodName=(inferred); defined in class path resource [org/springframework/boot/autoconfigure/jdbc/DataSourceConfiguration$Dbcp2.class]] with [Root bean: class [null]; scope=; abstract=false; lazyInit=false; autowireMode=3; dependencyCheck=0; autowireCandidate=true; primary=false; factoryBeanName=org.springframework.boot.autoconfigure.jdbc.DataSourceConfiguration$Tomcat; factoryMethodName=dataSource; initMethodName=null; destroyMethodName=(inferred); defined in class path resource [org/springframework/boot/autoconfigure/jdbc/DataSourceConfiguration$Tomcat.class]]
2019-01-14 10:45:56.859  INFO 4084 --- [main] .s.d.r.c.RepositoryConfigurationDelegate : Multiple Spring Data modules found, entering strict repository configuration mode!
2019-01-14 10:45:58.349  INFO 4084 --- [main] trationDelegate$BeanPostProcessorChecker : Bean 'org.springframework.transaction.annotation.ProxyTransactionManagementConfiguration' of type [org.springframework.transaction.annotation.ProxyTransactionManagementConfiguration$$EnhancerBySpringCGLIB$$5b56f34f] is not eligible for getting processed by all BeanPostProcessors (for example: not eligible for auto-proxying)
2019-01-14 10:45:58.357  INFO 4084 --- [main] trationDelegate$BeanPostProcessorChecker : Bean 'redisConfig' of type [com.jit.skiad.config.RedisConfig$$EnhancerBySpringCGLIB$$8401c4e5] is not eligible for getting processed by all BeanPostProcessors (for example: not eligible for auto-proxying)
2019-01-14 10:45:58.470  INFO 4084 --- [main] trationDelegate$BeanPostProcessorChecker : Bean 'keyGenerator' of type [com.jit.skiad.config.RedisConfig$1] is not eligible for getting processed by all BeanPostProcessors (for example: not eligible for auto-proxying)
2019-01-14 10:45:58.471  INFO 4084 --- [main] trationDelegate$BeanPostProcessorChecker : Bean 'org.springframework.cache.annotation.ProxyCachingConfiguration' of type [org.springframework.cache.annotation.ProxyCachingConfiguration$$EnhancerBySpringCGLIB$$a469296d] is not eligible for getting processed by all BeanPostProcessors (for example: not eligible for auto-proxying)
2019-01-14 10:46:01.912  INFO 4084 --- [main] s.b.c.e.t.TomcatEmbeddedServletContainer : Tomcat initialized with port(s): 8431 (http)
2019-01-14 10:46:02.037  INFO 4084 --- [main] o.apache.catalina.core.StandardService   : Starting service [Tomcat]
2019-01-14 10:46:02.038  INFO 4084 --- [main] org.apache.catalina.core.StandardEngine  : Starting Servlet Engine: Apache Tomcat/8.5.20
2019-01-14 10:46:02.572  INFO 4084 --- [localhost-startStop-1] o.a.c.c.C.[Tomcat].[localhost].[/]       : Initializing Spring embedded WebApplicationContext
2019-01-14 10:46:02.573  INFO 4084 --- [localhost-startStop-1] o.s.web.context.ContextLoader            : Root WebApplicationContext: initialization completed in 11979 ms
2019-01-14 10:46:04.208  INFO 4084 --- [localhost-startStop-1] o.s.b.w.servlet.FilterRegistrationBean   : Mapping filter: 'corsConfig' to: [/*]
2019-01-14 10:46:04.209  INFO 4084 --- [localhost-startStop-1] o.s.b.w.servlet.FilterRegistrationBean   : Mapping filter: 'characterEncodingFilter' to: [/*]
2019-01-14 10:46:04.209  INFO 4084 --- [localhost-startStop-1] o.s.b.w.servlet.FilterRegistrationBean   : Mapping filter: 'hiddenHttpMethodFilter' to: [/*]
2019-01-14 10:46:04.209  INFO 4084 --- [localhost-startStop-1] o.s.b.w.servlet.FilterRegistrationBean   : Mapping filter: 'httpPutFormContentFilter' to: [/*]
2019-01-14 10:46:04.210  INFO 4084 --- [localhost-startStop-1] o.s.b.w.servlet.FilterRegistrationBean   : Mapping filter: 'requestContextFilter' to: [/*]
2019-01-14 10:46:04.210  INFO 4084 --- [localhost-startStop-1] .s.DelegatingFilterProxyRegistrationBean : Mapping filter: 'springSecurityFilterChain' to: [/*]
2019-01-14 10:46:04.210  INFO 4084 --- [localhost-startStop-1] o.s.b.w.servlet.FilterRegistrationBean   : Mapping filter: 'jwtAuthenticationFilter' to: [/*]
2019-01-14 10:46:04.211  INFO 4084 --- [localhost-startStop-1] o.s.b.w.servlet.ServletRegistrationBean  : Mapping servlet: 'dispatcherServlet' to [/]
2019-01-14 10:46:06.630  INFO 4084 --- [main] s.w.s.m.m.a.RequestMappingHandlerMapping : Mapped "{[/alarm/user/water],methods=[PUT]}" onto public com.jit.skiad.commons.ObjectRestResponse<com.jit.skiad.domain.GatewayDO> com.jit.skiad.controller.AlarmController.updateWaterLevel(java.lang.Integer,java.lang.Float)
2019-01-14 10:46:06.631  INFO 4084 --- [main] s.w.s.m.m.a.RequestMappingHandlerMapping : Mapped "{[/alarm/user/water],methods=[GET]}" onto public com.jit.skiad.commons.ObjectRestResponse<com.jit.skiad.domain.GatewayDO> com.jit.skiad.controller.AlarmController.getWaterLevel(java.lang.Integer)
2019-01-14 10:46:06.632  INFO 4084 --- [main] s.w.s.m.m.a.RequestMappingHandlerMapping : Mapped "{[/alarm/user/number],methods=[GET]}" onto public com.jit.skiad.commons.ObjectRestResponse<java.lang.Integer> com.jit.skiad.controller.AlarmController.getAlarmNumber()
2019-01-14 10:46:06.632  INFO 4084 --- [main] s.w.s.m.m.a.RequestMappingHandlerMapping : Mapped "{[/alarm/user/list],methods=[GET]}" onto public com.jit.skiad.commons.ObjectRestResponse<java.util.List<com.jit.skiad.domain.AlarmDO>> com.jit.skiad.controller.AlarmController.getAlarmList(java.lang.Integer)
2019-01-14 10:46:06.634  INFO 4084 --- [main] s.w.s.m.m.a.RequestMappingHandlerMapping : Mapped "{[/auth/signup],methods=[POST]}" onto public com.jit.skiad.commons.ObjectRestResponse<java.lang.Void> com.jit.skiad.controller.AuthController.register(com.jit.skiad.dto.UserDTO)
2019-01-14 10:46:06.635  INFO 4084 --- [main] s.w.s.m.m.a.RequestMappingHandlerMapping : Mapped "{[/auth/forgetpw],methods=[PUT]}" onto public com.jit.skiad.commons.ObjectRestResponse<java.lang.Void> com.jit.skiad.controller.AuthController.forgetPassWord(java.lang.String,java.lang.String)
2019-01-14 10:46:06.635  INFO 4084 --- [main] s.w.s.m.m.a.RequestMappingHandlerMapping : Mapped "{[/auth/login],methods=[POST]}" onto public com.jit.skiad.commons.ObjectRestResponse<com.jit.skiad.dto.UserDTO> com.jit.skiad.controller.AuthController.createAuthenticationToken(com.jit.skiad.dto.JwtUser)
2019-01-14 10:46:06.636  INFO 4084 --- [main] s.w.s.m.m.a.RequestMappingHandlerMapping : Mapped "{[/excel/water],methods=[GET]}" onto void com.jit.skiad.controller.ExcelController.getWaterData(javax.servlet.http.HttpServletResponse,java.lang.Integer,java.lang.String,java.lang.String) throws java.lang.Exception
2019-01-14 10:46:06.637  INFO 4084 --- [main] s.w.s.m.m.a.RequestMappingHandlerMapping : Mapped "{[/excel/alarm],methods=[GET]}" onto void com.jit.skiad.controller.ExcelController.getGateData(javax.servlet.http.HttpServletResponse,java.lang.Integer) throws java.lang.Exception
2019-01-14 10:46:06.638  INFO 4084 --- [main] s.w.s.m.m.a.RequestMappingHandlerMapping : Mapped "{[/gate/user/data],methods=[GET]}" onto com.jit.skiad.commons.ObjectRestResponse<java.util.List<com.jit.skiad.dto.GateDTO>> com.jit.skiad.controller.GateController.getGateData(java.lang.Integer)
2019-01-14 10:46:06.638  INFO 4084 --- [main] s.w.s.m.m.a.RequestMappingHandlerMapping : Mapped "{[/gate/user/update],methods=[PUT]}" onto com.jit.skiad.commons.ObjectRestResponse<com.jit.skiad.dto.GateDTO> com.jit.skiad.controller.GateController.updateGateStatus(com.jit.skiad.dto.ControlDTO)
2019-01-14 10:46:06.639  INFO 4084 --- [main] s.w.s.m.m.a.RequestMappingHandlerMapping : Mapped "{[/gate/user/all],methods=[GET]}" onto com.jit.skiad.commons.ObjectRestResponse<java.util.List<com.jit.skiad.dto.GatePumpDTO>> com.jit.skiad.controller.GateController.getGatePumpInfo()
2019-01-14 10:46:06.640  INFO 4084 --- [main] s.w.s.m.m.a.RequestMappingHandlerMapping : Mapped "{[/pump/user/data],methods=[GET]}" onto com.jit.skiad.commons.ObjectRestResponse<java.util.List<com.jit.skiad.dto.PumpDTO>> com.jit.skiad.controller.PumpController.getPumpData(java.lang.Integer)
2019-01-14 10:46:06.640  INFO 4084 --- [main] s.w.s.m.m.a.RequestMappingHandlerMapping : Mapped "{[/pump/user/status],methods=[PUT]}" onto com.jit.skiad.commons.ObjectRestResponse<com.jit.skiad.dto.PumpDTO> com.jit.skiad.controller.PumpController.updatePumpStatus(com.jit.skiad.dto.ControlDTO)
2019-01-14 10:46:06.644  INFO 4084 --- [main] s.w.s.m.m.a.RequestMappingHandlerMapping : Mapped "{[/user/admin/add],methods=[POST]}" onto com.jit.skiad.commons.ObjectRestResponse<com.jit.skiad.dto.UserDTO> com.jit.skiad.controller.UserController.addUser(com.jit.skiad.dto.UserAddDTO)
2019-01-14 10:46:06.644  INFO 4084 --- [main] s.w.s.m.m.a.RequestMappingHandlerMapping : Mapped "{[/user/admin/page],methods=[GET]}" onto com.jit.skiad.commons.ObjectRestResponse<com.github.pagehelper.PageInfo<com.jit.skiad.dto.UserDTO>> com.jit.skiad.controller.UserController.getListByPage(java.lang.Integer,java.lang.Integer)
2019-01-14 10:46:06.645  INFO 4084 --- [main] s.w.s.m.m.a.RequestMappingHandlerMapping : Mapped "{[/user/admin/all],methods=[GET]}" onto com.jit.skiad.commons.ObjectRestResponse<java.util.List<com.jit.skiad.dto.UserDTO>> com.jit.skiad.controller.UserController.getLists()
2019-01-14 10:46:06.645  INFO 4084 --- [main] s.w.s.m.m.a.RequestMappingHandlerMapping : Mapped "{[/user/user/one],methods=[GET]}" onto com.jit.skiad.commons.ObjectRestResponse<com.jit.skiad.dto.UserDTO> com.jit.skiad.controller.UserController.getOneUserbyUser()
2019-01-14 10:46:06.645  INFO 4084 --- [main] s.w.s.m.m.a.RequestMappingHandlerMapping : Mapped "{[/user/user/resetpassword],methods=[PUT]}" onto com.jit.skiad.commons.ObjectRestResponse<com.jit.skiad.dto.UserDTO> com.jit.skiad.controller.UserController.resetPassword(javax.servlet.http.HttpServletRequest,com.jit.skiad.dto.ResetPassword)
2019-01-14 10:46:06.645  INFO 4084 --- [main] s.w.s.m.m.a.RequestMappingHandlerMapping : Mapped "{[/user/user/changepassword],methods=[PUT]}" onto com.jit.skiad.commons.ObjectRestResponse<java.lang.Void> com.jit.skiad.controller.UserController.changePassword(com.jit.skiad.dto.ResetPassword)
2019-01-14 10:46:06.646  INFO 4084 --- [main] s.w.s.m.m.a.RequestMappingHandlerMapping : Mapped "{[/user/user/resetinfo],methods=[PUT]}" onto com.jit.skiad.commons.ObjectRestResponse<com.jit.skiad.dto.UserDTO> com.jit.skiad.controller.UserController.resetUserInfo(com.jit.skiad.domain.UserDO)
2019-01-14 10:46:06.646  INFO 4084 --- [main] s.w.s.m.m.a.RequestMappingHandlerMapping : Mapped "{[/user/admin/ids],methods=[DELETE]}" onto com.jit.skiad.commons.ObjectRestResponse<java.lang.Boolean> com.jit.skiad.controller.UserController.deleteUserInfo(java.lang.String)
2019-01-14 10:46:06.646  INFO 4084 --- [main] s.w.s.m.m.a.RequestMappingHandlerMapping : Mapped "{[/user/admin/{userId}],methods=[DELETE]}" onto com.jit.skiad.commons.ObjectRestResponse<java.lang.Boolean> com.jit.skiad.controller.UserController.deleteUserInfo(java.lang.Integer)
2019-01-14 10:46:06.646  INFO 4084 --- [main] s.w.s.m.m.a.RequestMappingHandlerMapping : Mapped "{[/user/admin/permit],methods=[PUT]}" onto com.jit.skiad.commons.ObjectRestResponse<java.lang.Boolean> com.jit.skiad.controller.UserController.permitUserInfo(java.lang.Integer,java.lang.Integer)
2019-01-14 10:46:06.647  INFO 4084 --- [main] s.w.s.m.m.a.RequestMappingHandlerMapping : Mapped "{[/user/admin/initpassword],methods=[PUT]}" onto com.jit.skiad.commons.ObjectRestResponse<java.lang.Void> com.jit.skiad.controller.UserController.initPassword(java.lang.String)
2019-01-14 10:46:06.648  INFO 4084 --- [main] s.w.s.m.m.a.RequestMappingHandlerMapping : Mapped "{[/user/admin/one],methods=[GET]}" onto com.jit.skiad.commons.ObjectRestResponse<com.jit.skiad.dto.UserDTO> com.jit.skiad.controller.UserController.getOneUserbyAdmin(java.lang.Integer)
2019-01-14 10:46:06.648  INFO 4084 --- [main] s.w.s.m.m.a.RequestMappingHandlerMapping : Mapped "{[/user/user/permission],methods=[GET]}" onto com.jit.skiad.commons.ObjectRestResponse<java.util.List<com.jit.skiad.dto.UserDTO>> com.jit.skiad.controller.UserController.getUserPermissionByGwId(java.lang.Integer)
2019-01-14 10:46:06.649  INFO 4084 --- [main] s.w.s.m.m.a.RequestMappingHandlerMapping : Mapped "{[/water/user/current],methods=[GET]}" onto com.jit.skiad.commons.ObjectRestResponse<com.jit.skiad.dto.WaterDTO> com.jit.skiad.controller.WaterController.getCurrentData(java.lang.Integer)
2019-01-14 10:46:06.649  INFO 4084 --- [main] s.w.s.m.m.a.RequestMappingHandlerMapping : Mapped "{[/water/user/data],methods=[GET]}" onto com.jit.skiad.commons.ObjectRestResponse<com.jit.skiad.dto.WaterDTO> com.jit.skiad.controller.WaterController.getDataByTime(java.lang.Integer,java.lang.String,java.lang.String)
2019-01-14 10:46:06.652  INFO 4084 --- [main] s.w.s.m.m.a.RequestMappingHandlerMapping : Mapped "{[/swagger-resources/configuration/security]}" onto public org.springframework.http.ResponseEntity<springfox.documentation.swagger.web.SecurityConfiguration> springfox.documentation.swagger.web.ApiResourceController.securityConfiguration()
2019-01-14 10:46:06.653  INFO 4084 --- [main] s.w.s.m.m.a.RequestMappingHandlerMapping : Mapped "{[/swagger-resources]}" onto public org.springframework.http.ResponseEntity<java.util.List<springfox.documentation.swagger.web.SwaggerResource>> springfox.documentation.swagger.web.ApiResourceController.swaggerResources()
2019-01-14 10:46:06.653  INFO 4084 --- [main] s.w.s.m.m.a.RequestMappingHandlerMapping : Mapped "{[/swagger-resources/configuration/ui]}" onto public org.springframework.http.ResponseEntity<springfox.documentation.swagger.web.UiConfiguration> springfox.documentation.swagger.web.ApiResourceController.uiConfiguration()
2019-01-14 10:46:06.655  INFO 4084 --- [main] s.w.s.m.m.a.RequestMappingHandlerMapping : Mapped "{[/error]}" onto public org.springframework.http.ResponseEntity<java.util.Map<java.lang.String, java.lang.Object>> org.springframework.boot.autoconfigure.web.BasicErrorController.error(javax.servlet.http.HttpServletRequest)
2019-01-14 10:46:06.656  INFO 4084 --- [main] s.w.s.m.m.a.RequestMappingHandlerMapping : Mapped "{[/error],produces=[text/html]}" onto public org.springframework.web.servlet.ModelAndView org.springframework.boot.autoconfigure.web.BasicErrorController.errorHtml(javax.servlet.http.HttpServletRequest,javax.servlet.http.HttpServletResponse)
2019-01-14 10:46:07.012  INFO 4084 --- [main] pertySourcedRequestMappingHandlerMapping : Mapped URL path [/v2/api-docs] onto method [public org.springframework.http.ResponseEntity<springfox.documentation.spring.web.json.Json> springfox.documentation.swagger2.web.Swagger2Controller.getDocumentation(java.lang.String,javax.servlet.http.HttpServletRequest)]
2019-01-14 10:46:07.033  INFO 4084 --- [main] o.s.w.s.handler.SimpleUrlHandlerMapping  : Mapped URL path [/webjars/**] onto handler of type [class org.springframework.web.servlet.resource.ResourceHttpRequestHandler]
2019-01-14 10:46:07.034  INFO 4084 --- [main] o.s.w.s.handler.SimpleUrlHandlerMapping  : Mapped URL path [/**] onto handler of type [class org.springframework.web.servlet.resource.ResourceHttpRequestHandler]
2019-01-14 10:46:07.047  INFO 4084 --- [main] o.s.w.s.handler.SimpleUrlHandlerMapping  : Mapped URL path [/**/favicon.ico] onto handler of type [class org.springframework.web.servlet.resource.ResourceHttpRequestHandler]
2019-01-14 10:46:07.060  INFO 4084 --- [main] o.s.s.web.DefaultSecurityFilterChain     : Creating filter chain: Ant [pattern='/**/*.gif'], []
2019-01-14 10:46:07.060  INFO 4084 --- [main] o.s.s.web.DefaultSecurityFilterChain     : Creating filter chain: Ant [pattern='/**/*.png'], []
2019-01-14 10:46:07.060  INFO 4084 --- [main] o.s.s.web.DefaultSecurityFilterChain     : Creating filter chain: Ant [pattern='/**/*.jpg'], []
2019-01-14 10:46:07.060  INFO 4084 --- [main] o.s.s.web.DefaultSecurityFilterChain     : Creating filter chain: Ant [pattern='/**/*.html'], []
2019-01-14 10:46:07.060  INFO 4084 --- [main] o.s.s.web.DefaultSecurityFilterChain     : Creating filter chain: Ant [pattern='/**/*.js'], []
2019-01-14 10:46:07.061  INFO 4084 --- [main] o.s.s.web.DefaultSecurityFilterChain     : Creating filter chain: Ant [pattern='/**/*.css'], []
2019-01-14 10:46:07.061  INFO 4084 --- [main] o.s.s.web.DefaultSecurityFilterChain     : Creating filter chain: Ant [pattern='/**/*.ico'], []
2019-01-14 10:46:07.061  INFO 4084 --- [main] o.s.s.web.DefaultSecurityFilterChain     : Creating filter chain: Ant [pattern='/webjars/**'], []
2019-01-14 10:46:07.061  INFO 4084 --- [main] o.s.s.web.DefaultSecurityFilterChain     : Creating filter chain: Ant [pattern='/swagger-ui.html*/**'], []
2019-01-14 10:46:07.061  INFO 4084 --- [main] o.s.s.web.DefaultSecurityFilterChain     : Creating filter chain: org.springframework.security.web.servlet.util.matcher.MvcRequestMatcher@1084f78c, []
2019-01-14 10:46:07.061  INFO 4084 --- [main] o.s.s.web.DefaultSecurityFilterChain     : Creating filter chain: org.springframework.security.web.servlet.util.matcher.MvcRequestMatcher@2f74900b, []
2019-01-14 10:46:07.061  INFO 4084 --- [main] o.s.s.web.DefaultSecurityFilterChain     : Creating filter chain: org.springframework.security.web.servlet.util.matcher.MvcRequestMatcher@6d8796c1, []
2019-01-14 10:46:07.061  INFO 4084 --- [main] o.s.s.web.DefaultSecurityFilterChain     : Creating filter chain: org.springframework.security.web.servlet.util.matcher.MvcRequestMatcher@2e26173, []
2019-01-14 10:46:07.061  INFO 4084 --- [main] o.s.s.web.DefaultSecurityFilterChain     : Creating filter chain: org.springframework.security.web.servlet.util.matcher.MvcRequestMatcher@27be17c8, []
2019-01-14 10:46:07.061  INFO 4084 --- [main] o.s.s.web.DefaultSecurityFilterChain     : Creating filter chain: org.springframework.security.web.servlet.util.matcher.MvcRequestMatcher@2c413ffc, []
2019-01-14 10:46:07.118  INFO 4084 --- [main] o.s.s.web.DefaultSecurityFilterChain     : Creating filter chain: org.springframework.security.web.util.matcher.AnyRequestMatcher@1, [org.springframework.security.web.context.request.async.WebAsyncManagerIntegrationFilter@239f017e, org.springframework.security.web.context.SecurityContextPersistenceFilter@6bfaa0a6, org.springframework.security.web.header.HeaderWriterFilter@6badba10, org.springframework.security.web.authentication.logout.LogoutFilter@74d6736, com.jit.skiad.jwtsecurity.filter.JwtAuthenticationFilter@38cedb7d, org.springframework.security.web.savedrequest.RequestCacheAwareFilter@314b9e4b, org.springframework.security.web.servletapi.SecurityContextHolderAwareRequestFilter@2ee83775, org.springframework.security.web.authentication.AnonymousAuthenticationFilter@772caabe, org.springframework.security.web.session.SessionManagementFilter@2fd64b11, org.springframework.security.web.access.ExceptionTranslationFilter@40d23c82, org.springframework.security.web.access.intercept.FilterSecurityInterceptor@777d0bc3]
2019-01-14 10:46:07.373  INFO 4084 --- [main] s.w.s.m.m.a.RequestMappingHandlerAdapter : Looking for @ControllerAdvice: org.springframework.boot.context.embedded.AnnotationConfigEmbeddedWebApplicationContext@305b7c14: startup date [Mon Jan 14 10:45:50 CST 2019]; root of context hierarchy
2019-01-14 10:46:07.425  INFO 4084 --- [main] .m.m.a.ExceptionHandlerExceptionResolver : Detected @ExceptionHandler methods in customExceptionHandler
2019-01-14 10:46:07.863  INFO 4084 --- [main] o.s.ui.freemarker.SpringTemplateLoader   : SpringTemplateLoader for FreeMarker: using resource loader [org.springframework.boot.context.embedded.AnnotationConfigEmbeddedWebApplicationContext@305b7c14: startup date [Mon Jan 14 10:45:50 CST 2019]; root of context hierarchy] and template loader path [classpath:/templates/]
2019-01-14 10:46:07.864  INFO 4084 --- [main] o.s.w.s.v.f.FreeMarkerConfigurer         : ClassTemplateLoader for Spring macros added to FreeMarker configuration
2019-01-14 10:46:08.058  INFO 4084 --- [main] o.s.j.e.a.AnnotationMBeanExporter        : Registering beans for JMX exposure on startup
2019-01-14 10:46:08.067  INFO 4084 --- [main] o.s.c.support.DefaultLifecycleProcessor  : Starting beans in phase 2147483647
2019-01-14 10:46:08.067  INFO 4084 --- [main] d.s.w.p.DocumentationPluginsBootstrapper : Context refreshed
2019-01-14 10:46:08.105  INFO 4084 --- [main] d.s.w.p.DocumentationPluginsBootstrapper : Found 1 custom documentation plugin(s)
2019-01-14 10:46:08.180  INFO 4084 --- [main] s.d.s.w.s.ApiListingReferenceScanner     : Scanning for api listing references
2019-01-14 10:46:08.369  INFO 4084 --- [main] .d.s.w.r.o.CachingOperationNameGenerator : Generating unique operation named: getGateDataUsingGET_1
2019-01-14 10:46:08.396  INFO 4084 --- [main] .d.s.w.r.o.CachingOperationNameGenerator : Generating unique operation named: deleteUserInfoUsingDELETE_1
2019-01-14 10:46:08.617  INFO 4084 --- [main] s.b.c.e.t.TomcatEmbeddedServletContainer : Tomcat started on port(s): 8431 (http)
2019-01-14 10:46:08.636  INFO 4084 --- [main] com.jit.skiad.SkiadApplication           : Started SkiadApplication in 19.971 seconds (JVM running for 24.912)
2019-01-14 10:46:08.636  INFO 4084 --- [main] com.jit.skiad.SkiadApplication           : skiad application is running.........
2019-01-14 11:02:28.912  INFO 4084 --- [http-nio-8431-exec-1] o.a.c.c.C.[Tomcat].[localhost].[/]       : Initializing Spring FrameworkServlet 'dispatcherServlet'
2019-01-14 11:02:28.912  INFO 4084 --- [http-nio-8431-exec-1] o.s.web.servlet.DispatcherServlet        : FrameworkServlet 'dispatcherServlet': initialization started
2019-01-14 11:02:28.973  INFO 4084 --- [http-nio-8431-exec-1] o.s.web.servlet.DispatcherServlet        : FrameworkServlet 'dispatcherServlet': initialization completed in 61 ms
2019-01-14 11:07:25.211  INFO 2124 --- [main] com.jit.skiad.SkiadApplication           : Starting SkiadApplication on dell-PC with PID 2124 (started by Administrator in D:\项目开发\苏垦新项目\back\skiad(redis+minaClient)12-29\skiad)
2019-01-14 11:07:25.224  INFO 2124 --- [main] com.jit.skiad.SkiadApplication           : No active profile set, falling back to default profiles: default
2019-01-14 11:07:25.778  INFO 2124 --- [main] ationConfigEmbeddedWebApplicationContext : Refreshing org.springframework.boot.context.embedded.AnnotationConfigEmbeddedWebApplicationContext@305b7c14: startup date [Mon Jan 14 11:07:25 CST 2019]; root of context hierarchy
2019-01-14 11:07:28.306  INFO 2124 --- [main] o.s.b.f.s.DefaultListableBeanFactory     : Overriding bean definition for bean 'dataSource' with a different definition: replacing [Root bean: class [null]; scope=; abstract=false; lazyInit=false; autowireMode=3; dependencyCheck=0; autowireCandidate=true; primary=false; factoryBeanName=org.springframework.boot.autoconfigure.jdbc.DataSourceConfiguration$Dbcp2; factoryMethodName=dataSource; initMethodName=null; destroyMethodName=(inferred); defined in class path resource [org/springframework/boot/autoconfigure/jdbc/DataSourceConfiguration$Dbcp2.class]] with [Root bean: class [null]; scope=; abstract=false; lazyInit=false; autowireMode=3; dependencyCheck=0; autowireCandidate=true; primary=false; factoryBeanName=org.springframework.boot.autoconfigure.jdbc.DataSourceConfiguration$Tomcat; factoryMethodName=dataSource; initMethodName=null; destroyMethodName=(inferred); defined in class path resource [org/springframework/boot/autoconfigure/jdbc/DataSourceConfiguration$Tomcat.class]]
2019-01-14 11:07:28.333  INFO 2124 --- [main] .s.d.r.c.RepositoryConfigurationDelegate : Multiple Spring Data modules found, entering strict repository configuration mode!
2019-01-14 11:07:28.726  INFO 2124 --- [main] trationDelegate$BeanPostProcessorChecker : Bean 'org.springframework.transaction.annotation.ProxyTransactionManagementConfiguration' of type [org.springframework.transaction.annotation.ProxyTransactionManagementConfiguration$$EnhancerBySpringCGLIB$$9b2ff040] is not eligible for getting processed by all BeanPostProcessors (for example: not eligible for auto-proxying)
2019-01-14 11:07:28.747  INFO 2124 --- [main] trationDelegate$BeanPostProcessorChecker : Bean 'redisConfig' of type [com.jit.skiad.config.RedisConfig$$EnhancerBySpringCGLIB$$c3dac1d6] is not eligible for getting processed by all BeanPostProcessors (for example: not eligible for auto-proxying)
2019-01-14 11:07:28.756  INFO 2124 --- [main] trationDelegate$BeanPostProcessorChecker : Bean 'keyGenerator' of type [com.jit.skiad.config.RedisConfig$1] is not eligible for getting processed by all BeanPostProcessors (for example: not eligible for auto-proxying)
2019-01-14 11:07:28.757  INFO 2124 --- [main] trationDelegate$BeanPostProcessorChecker : Bean 'org.springframework.cache.annotation.ProxyCachingConfiguration' of type [org.springframework.cache.annotation.ProxyCachingConfiguration$$EnhancerBySpringCGLIB$$e442265e] is not eligible for getting processed by all BeanPostProcessors (for example: not eligible for auto-proxying)
2019-01-14 11:07:29.166  INFO 2124 --- [main] s.b.c.e.t.TomcatEmbeddedServletContainer : Tomcat initialized with port(s): 8431 (http)
2019-01-14 11:07:29.180  INFO 2124 --- [main] o.apache.catalina.core.StandardService   : Starting service [Tomcat]
2019-01-14 11:07:29.181  INFO 2124 --- [main] org.apache.catalina.core.StandardEngine  : Starting Servlet Engine: Apache Tomcat/8.5.20
2019-01-14 11:07:29.294  INFO 2124 --- [localhost-startStop-1] o.a.c.c.C.[Tomcat].[localhost].[/]       : Initializing Spring embedded WebApplicationContext
2019-01-14 11:07:29.295  INFO 2124 --- [localhost-startStop-1] o.s.web.context.ContextLoader            : Root WebApplicationContext: initialization completed in 3517 ms
2019-01-14 11:07:30.641  INFO 2124 --- [localhost-startStop-1] o.s.b.w.servlet.FilterRegistrationBean   : Mapping filter: 'corsConfig' to: [/*]
2019-01-14 11:07:30.642  INFO 2124 --- [localhost-startStop-1] o.s.b.w.servlet.FilterRegistrationBean   : Mapping filter: 'characterEncodingFilter' to: [/*]
2019-01-14 11:07:30.642  INFO 2124 --- [localhost-startStop-1] o.s.b.w.servlet.FilterRegistrationBean   : Mapping filter: 'hiddenHttpMethodFilter' to: [/*]
2019-01-14 11:07:30.642  INFO 2124 --- [localhost-startStop-1] o.s.b.w.servlet.FilterRegistrationBean   : Mapping filter: 'httpPutFormContentFilter' to: [/*]
2019-01-14 11:07:30.642  INFO 2124 --- [localhost-startStop-1] o.s.b.w.servlet.FilterRegistrationBean   : Mapping filter: 'requestContextFilter' to: [/*]
2019-01-14 11:07:30.643  INFO 2124 --- [localhost-startStop-1] .s.DelegatingFilterProxyRegistrationBean : Mapping filter: 'springSecurityFilterChain' to: [/*]
2019-01-14 11:07:30.643  INFO 2124 --- [localhost-startStop-1] o.s.b.w.servlet.FilterRegistrationBean   : Mapping filter: 'jwtAuthenticationFilter' to: [/*]
2019-01-14 11:07:30.643  INFO 2124 --- [localhost-startStop-1] o.s.b.w.servlet.ServletRegistrationBean  : Mapping servlet: 'dispatcherServlet' to [/]
2019-01-14 11:07:31.445  INFO 2124 --- [main] s.w.s.m.m.a.RequestMappingHandlerMapping : Mapped "{[/alarm/user/water],methods=[PUT]}" onto public com.jit.skiad.commons.ObjectRestResponse<com.jit.skiad.domain.GatewayDO> com.jit.skiad.controller.AlarmController.updateWaterLevel(java.lang.Integer,java.lang.Float)
2019-01-14 11:07:31.446  INFO 2124 --- [main] s.w.s.m.m.a.RequestMappingHandlerMapping : Mapped "{[/alarm/user/water],methods=[GET]}" onto public com.jit.skiad.commons.ObjectRestResponse<com.jit.skiad.domain.GatewayDO> com.jit.skiad.controller.AlarmController.getWaterLevel(java.lang.Integer)
2019-01-14 11:07:31.446  INFO 2124 --- [main] s.w.s.m.m.a.RequestMappingHandlerMapping : Mapped "{[/alarm/user/number],methods=[GET]}" onto public com.jit.skiad.commons.ObjectRestResponse<java.lang.Integer> com.jit.skiad.controller.AlarmController.getAlarmNumber()
2019-01-14 11:07:31.447  INFO 2124 --- [main] s.w.s.m.m.a.RequestMappingHandlerMapping : Mapped "{[/alarm/user/list],methods=[GET]}" onto public com.jit.skiad.commons.ObjectRestResponse<java.util.List<com.jit.skiad.domain.AlarmDO>> com.jit.skiad.controller.AlarmController.getAlarmList(java.lang.Integer)
2019-01-14 11:07:31.448  INFO 2124 --- [main] s.w.s.m.m.a.RequestMappingHandlerMapping : Mapped "{[/auth/signup],methods=[POST]}" onto public com.jit.skiad.commons.ObjectRestResponse<java.lang.Void> com.jit.skiad.controller.AuthController.register(com.jit.skiad.dto.UserDTO)
2019-01-14 11:07:31.448  INFO 2124 --- [main] s.w.s.m.m.a.RequestMappingHandlerMapping : Mapped "{[/auth/login],methods=[POST]}" onto public com.jit.skiad.commons.ObjectRestResponse<com.jit.skiad.dto.UserDTO> com.jit.skiad.controller.AuthController.createAuthenticationToken(com.jit.skiad.dto.JwtUser)
2019-01-14 11:07:31.448  INFO 2124 --- [main] s.w.s.m.m.a.RequestMappingHandlerMapping : Mapped "{[/auth/forgetpw],methods=[PUT]}" onto public com.jit.skiad.commons.ObjectRestResponse<java.lang.Void> com.jit.skiad.controller.AuthController.forgetPassWord(java.lang.String,java.lang.String)
2019-01-14 11:07:31.449  INFO 2124 --- [main] s.w.s.m.m.a.RequestMappingHandlerMapping : Mapped "{[/excel/water],methods=[GET]}" onto void com.jit.skiad.controller.ExcelController.getWaterData(javax.servlet.http.HttpServletResponse,java.lang.Integer,java.lang.String,java.lang.String) throws java.lang.Exception
2019-01-14 11:07:31.449  INFO 2124 --- [main] s.w.s.m.m.a.RequestMappingHandlerMapping : Mapped "{[/excel/alarm],methods=[GET]}" onto void com.jit.skiad.controller.ExcelController.getGateData(javax.servlet.http.HttpServletResponse,java.lang.Integer) throws java.lang.Exception
2019-01-14 11:07:31.450  INFO 2124 --- [main] s.w.s.m.m.a.RequestMappingHandlerMapping : Mapped "{[/gate/user/data],methods=[GET]}" onto com.jit.skiad.commons.ObjectRestResponse<java.util.List<com.jit.skiad.dto.GateDTO>> com.jit.skiad.controller.GateController.getGateData(java.lang.Integer)
2019-01-14 11:07:31.450  INFO 2124 --- [main] s.w.s.m.m.a.RequestMappingHandlerMapping : Mapped "{[/gate/user/update],methods=[PUT]}" onto com.jit.skiad.commons.ObjectRestResponse<com.jit.skiad.dto.GateDTO> com.jit.skiad.controller.GateController.updateGateStatus(com.jit.skiad.dto.ControlDTO)
2019-01-14 11:07:31.450  INFO 2124 --- [main] s.w.s.m.m.a.RequestMappingHandlerMapping : Mapped "{[/gate/user/all],methods=[GET]}" onto com.jit.skiad.commons.ObjectRestResponse<java.util.List<com.jit.skiad.dto.GatePumpDTO>> com.jit.skiad.controller.GateController.getGatePumpInfo()
2019-01-14 11:07:31.451  INFO 2124 --- [main] s.w.s.m.m.a.RequestMappingHandlerMapping : Mapped "{[/pump/user/data],methods=[GET]}" onto com.jit.skiad.commons.ObjectRestResponse<java.util.List<com.jit.skiad.dto.PumpDTO>> com.jit.skiad.controller.PumpController.getPumpData(java.lang.Integer)
2019-01-14 11:07:31.451  INFO 2124 --- [main] s.w.s.m.m.a.RequestMappingHandlerMapping : Mapped "{[/pump/user/status],methods=[PUT]}" onto com.jit.skiad.commons.ObjectRestResponse<com.jit.skiad.dto.PumpDTO> com.jit.skiad.controller.PumpController.updatePumpStatus(com.jit.skiad.dto.ControlDTO)
2019-01-14 11:07:31.455  INFO 2124 --- [main] s.w.s.m.m.a.RequestMappingHandlerMapping : Mapped "{[/user/admin/one],methods=[GET]}" onto com.jit.skiad.commons.ObjectRestResponse<com.jit.skiad.dto.UserDTO> com.jit.skiad.controller.UserController.getOneUserbyAdmin(java.lang.Integer)
2019-01-14 11:07:31.455  INFO 2124 --- [main] s.w.s.m.m.a.RequestMappingHandlerMapping : Mapped "{[/user/user/permission],methods=[GET]}" onto com.jit.skiad.commons.ObjectRestResponse<java.util.List<com.jit.skiad.dto.UserDTO>> com.jit.skiad.controller.UserController.getUserPermissionByGwId(java.lang.Integer)
2019-01-14 11:07:31.455  INFO 2124 --- [main] s.w.s.m.m.a.RequestMappingHandlerMapping : Mapped "{[/user/admin/page],methods=[GET]}" onto com.jit.skiad.commons.ObjectRestResponse<com.github.pagehelper.PageInfo<com.jit.skiad.dto.UserDTO>> com.jit.skiad.controller.UserController.getListByPage(java.lang.Integer,java.lang.Integer)
2019-01-14 11:07:31.455  INFO 2124 --- [main] s.w.s.m.m.a.RequestMappingHandlerMapping : Mapped "{[/user/admin/all],methods=[GET]}" onto com.jit.skiad.commons.ObjectRestResponse<java.util.List<com.jit.skiad.dto.UserDTO>> com.jit.skiad.controller.UserController.getLists()
2019-01-14 11:07:31.455  INFO 2124 --- [main] s.w.s.m.m.a.RequestMappingHandlerMapping : Mapped "{[/user/user/one],methods=[GET]}" onto com.jit.skiad.commons.ObjectRestResponse<com.jit.skiad.dto.UserDTO> com.jit.skiad.controller.UserController.getOneUserbyUser()
2019-01-14 11:07:31.456  INFO 2124 --- [main] s.w.s.m.m.a.RequestMappingHandlerMapping : Mapped "{[/user/user/resetpassword],methods=[PUT]}" onto com.jit.skiad.commons.ObjectRestResponse<com.jit.skiad.dto.UserDTO> com.jit.skiad.controller.UserController.resetPassword(javax.servlet.http.HttpServletRequest,com.jit.skiad.dto.ResetPassword)
2019-01-14 11:07:31.456  INFO 2124 --- [main] s.w.s.m.m.a.RequestMappingHandlerMapping : Mapped "{[/user/user/changepassword],methods=[PUT]}" onto com.jit.skiad.commons.ObjectRestResponse<java.lang.Void> com.jit.skiad.controller.UserController.changePassword(com.jit.skiad.dto.ResetPassword)
2019-01-14 11:07:31.456  INFO 2124 --- [main] s.w.s.m.m.a.RequestMappingHandlerMapping : Mapped "{[/user/user/resetinfo],methods=[PUT]}" onto com.jit.skiad.commons.ObjectRestResponse<com.jit.skiad.dto.UserDTO> com.jit.skiad.controller.UserController.resetUserInfo(com.jit.skiad.domain.UserDO)
2019-01-14 11:07:31.456  INFO 2124 --- [main] s.w.s.m.m.a.RequestMappingHandlerMapping : Mapped "{[/user/admin/{userId}],methods=[DELETE]}" onto com.jit.skiad.commons.ObjectRestResponse<java.lang.Boolean> com.jit.skiad.controller.UserController.deleteUserInfo(java.lang.Integer)
2019-01-14 11:07:31.457  INFO 2124 --- [main] s.w.s.m.m.a.RequestMappingHandlerMapping : Mapped "{[/user/admin/ids],methods=[DELETE]}" onto com.jit.skiad.commons.ObjectRestResponse<java.lang.Boolean> com.jit.skiad.controller.UserController.deleteUserInfo(java.lang.String)
2019-01-14 11:07:31.457  INFO 2124 --- [main] s.w.s.m.m.a.RequestMappingHandlerMapping : Mapped "{[/user/admin/permit],methods=[PUT]}" onto com.jit.skiad.commons.ObjectRestResponse<java.lang.Boolean> com.jit.skiad.controller.UserController.permitUserInfo(java.lang.Integer,java.lang.Integer)
2019-01-14 11:07:31.458  INFO 2124 --- [main] s.w.s.m.m.a.RequestMappingHandlerMapping : Mapped "{[/user/admin/initpassword],methods=[PUT]}" onto com.jit.skiad.commons.ObjectRestResponse<java.lang.Void> com.jit.skiad.controller.UserController.initPassword(java.lang.String)
2019-01-14 11:07:31.458  INFO 2124 --- [main] s.w.s.m.m.a.RequestMappingHandlerMapping : Mapped "{[/user/admin/add],methods=[POST]}" onto com.jit.skiad.commons.ObjectRestResponse<com.jit.skiad.dto.UserDTO> com.jit.skiad.controller.UserController.addUser(com.jit.skiad.dto.UserAddDTO)
2019-01-14 11:07:31.459  INFO 2124 --- [main] s.w.s.m.m.a.RequestMappingHandlerMapping : Mapped "{[/water/user/current],methods=[GET]}" onto com.jit.skiad.commons.ObjectRestResponse<com.jit.skiad.dto.WaterDTO> com.jit.skiad.controller.WaterController.getCurrentData(java.lang.Integer)
2019-01-14 11:07:31.460  INFO 2124 --- [main] s.w.s.m.m.a.RequestMappingHandlerMapping : Mapped "{[/water/user/data],methods=[GET]}" onto com.jit.skiad.commons.ObjectRestResponse<com.jit.skiad.dto.WaterDTO> com.jit.skiad.controller.WaterController.getDataByTime(java.lang.Integer,java.lang.String,java.lang.String)
2019-01-14 11:07:31.463  INFO 2124 --- [main] s.w.s.m.m.a.RequestMappingHandlerMapping : Mapped "{[/swagger-resources/configuration/security]}" onto public org.springframework.http.ResponseEntity<springfox.documentation.swagger.web.SecurityConfiguration> springfox.documentation.swagger.web.ApiResourceController.securityConfiguration()
2019-01-14 11:07:31.463  INFO 2124 --- [main] s.w.s.m.m.a.RequestMappingHandlerMapping : Mapped "{[/swagger-resources]}" onto public org.springframework.http.ResponseEntity<java.util.List<springfox.documentation.swagger.web.SwaggerResource>> springfox.documentation.swagger.web.ApiResourceController.swaggerResources()
2019-01-14 11:07:31.463  INFO 2124 --- [main] s.w.s.m.m.a.RequestMappingHandlerMapping : Mapped "{[/swagger-resources/configuration/ui]}" onto public org.springframework.http.ResponseEntity<springfox.documentation.swagger.web.UiConfiguration> springfox.documentation.swagger.web.ApiResourceController.uiConfiguration()
2019-01-14 11:07:31.465  INFO 2124 --- [main] s.w.s.m.m.a.RequestMappingHandlerMapping : Mapped "{[/error]}" onto public org.springframework.http.ResponseEntity<java.util.Map<java.lang.String, java.lang.Object>> org.springframework.boot.autoconfigure.web.BasicErrorController.error(javax.servlet.http.HttpServletRequest)
2019-01-14 11:07:31.466  INFO 2124 --- [main] s.w.s.m.m.a.RequestMappingHandlerMapping : Mapped "{[/error],produces=[text/html]}" onto public org.springframework.web.servlet.ModelAndView org.springframework.boot.autoconfigure.web.BasicErrorController.errorHtml(javax.servlet.http.HttpServletRequest,javax.servlet.http.HttpServletResponse)
2019-01-14 11:07:31.672  INFO 2124 --- [main] pertySourcedRequestMappingHandlerMapping : Mapped URL path [/v2/api-docs] onto method [public org.springframework.http.ResponseEntity<springfox.documentation.spring.web.json.Json> springfox.documentation.swagger2.web.Swagger2Controller.getDocumentation(java.lang.String,javax.servlet.http.HttpServletRequest)]
2019-01-14 11:07:31.696  INFO 2124 --- [main] o.s.w.s.handler.SimpleUrlHandlerMapping  : Mapped URL path [/webjars/**] onto handler of type [class org.springframework.web.servlet.resource.ResourceHttpRequestHandler]
2019-01-14 11:07:31.696  INFO 2124 --- [main] o.s.w.s.handler.SimpleUrlHandlerMapping  : Mapped URL path [/**] onto handler of type [class org.springframework.web.servlet.resource.ResourceHttpRequestHandler]
2019-01-14 11:07:31.711  INFO 2124 --- [main] o.s.w.s.handler.SimpleUrlHandlerMapping  : Mapped URL path [/**/favicon.ico] onto handler of type [class org.springframework.web.servlet.resource.ResourceHttpRequestHandler]
2019-01-14 11:07:31.723  INFO 2124 --- [main] o.s.s.web.DefaultSecurityFilterChain     : Creating filter chain: Ant [pattern='/**/*.gif'], []
2019-01-14 11:07:31.723  INFO 2124 --- [main] o.s.s.web.DefaultSecurityFilterChain     : Creating filter chain: Ant [pattern='/**/*.png'], []
2019-01-14 11:07:31.723  INFO 2124 --- [main] o.s.s.web.DefaultSecurityFilterChain     : Creating filter chain: Ant [pattern='/**/*.jpg'], []
2019-01-14 11:07:31.723  INFO 2124 --- [main] o.s.s.web.DefaultSecurityFilterChain     : Creating filter chain: Ant [pattern='/**/*.html'], []
2019-01-14 11:07:31.724  INFO 2124 --- [main] o.s.s.web.DefaultSecurityFilterChain     : Creating filter chain: Ant [pattern='/**/*.js'], []
2019-01-14 11:07:31.724  INFO 2124 --- [main] o.s.s.web.DefaultSecurityFilterChain     : Creating filter chain: Ant [pattern='/**/*.css'], []
2019-01-14 11:07:31.724  INFO 2124 --- [main] o.s.s.web.DefaultSecurityFilterChain     : Creating filter chain: Ant [pattern='/**/*.ico'], []
2019-01-14 11:07:31.724  INFO 2124 --- [main] o.s.s.web.DefaultSecurityFilterChain     : Creating filter chain: Ant [pattern='/webjars/**'], []
2019-01-14 11:07:31.724  INFO 2124 --- [main] o.s.s.web.DefaultSecurityFilterChain     : Creating filter chain: Ant [pattern='/swagger-ui.html*/**'], []
2019-01-14 11:07:31.724  INFO 2124 --- [main] o.s.s.web.DefaultSecurityFilterChain     : Creating filter chain: org.springframework.security.web.servlet.util.matcher.MvcRequestMatcher@25f723b0, []
2019-01-14 11:07:31.724  INFO 2124 --- [main] o.s.s.web.DefaultSecurityFilterChain     : Creating filter chain: org.springframework.security.web.servlet.util.matcher.MvcRequestMatcher@6d8796c1, []
2019-01-14 11:07:31.724  INFO 2124 --- [main] o.s.s.web.DefaultSecurityFilterChain     : Creating filter chain: org.springframework.security.web.servlet.util.matcher.MvcRequestMatcher@2e26173, []
2019-01-14 11:07:31.724  INFO 2124 --- [main] o.s.s.web.DefaultSecurityFilterChain     : Creating filter chain: org.springframework.security.web.servlet.util.matcher.MvcRequestMatcher@27be17c8, []
2019-01-14 11:07:31.724  INFO 2124 --- [main] o.s.s.web.DefaultSecurityFilterChain     : Creating filter chain: org.springframework.security.web.servlet.util.matcher.MvcRequestMatcher@2c413ffc, []
2019-01-14 11:07:31.724  INFO 2124 --- [main] o.s.s.web.DefaultSecurityFilterChain     : Creating filter chain: org.springframework.security.web.servlet.util.matcher.MvcRequestMatcher@7d21852b, []
2019-01-14 11:07:31.782  INFO 2124 --- [main] o.s.s.web.DefaultSecurityFilterChain     : Creating filter chain: org.springframework.security.web.util.matcher.AnyRequestMatcher@1, [org.springframework.security.web.context.request.async.WebAsyncManagerIntegrationFilter@38cedb7d, org.springframework.security.web.context.SecurityContextPersistenceFilter@76e9f00b, org.springframework.security.web.header.HeaderWriterFilter@2b7e8044, org.springframework.security.web.authentication.logout.LogoutFilter@52a33c3f, com.jit.skiad.jwtsecurity.filter.JwtAuthenticationFilter@772caabe, org.springframework.security.web.savedrequest.RequestCacheAwareFilter@6f1b8544, org.springframework.security.web.servletapi.SecurityContextHolderAwareRequestFilter@7c2924d7, org.springframework.security.web.authentication.AnonymousAuthenticationFilter@2acdcce8, org.springframework.security.web.session.SessionManagementFilter@949c598, org.springframework.security.web.access.ExceptionTranslationFilter@7cf78c85, org.springframework.security.web.access.intercept.FilterSecurityInterceptor@3178219a]
2019-01-14 11:07:31.997  INFO 2124 --- [main] s.w.s.m.m.a.RequestMappingHandlerAdapter : Looking for @ControllerAdvice: org.springframework.boot.context.embedded.AnnotationConfigEmbeddedWebApplicationContext@305b7c14: startup date [Mon Jan 14 11:07:25 CST 2019]; root of context hierarchy
2019-01-14 11:07:32.034  INFO 2124 --- [main] .m.m.a.ExceptionHandlerExceptionResolver : Detected @ExceptionHandler methods in customExceptionHandler
2019-01-14 11:07:32.298  INFO 2124 --- [main] o.s.ui.freemarker.SpringTemplateLoader   : SpringTemplateLoader for FreeMarker: using resource loader [org.springframework.boot.context.embedded.AnnotationConfigEmbeddedWebApplicationContext@305b7c14: startup date [Mon Jan 14 11:07:25 CST 2019]; root of context hierarchy] and template loader path [classpath:/templates/]
2019-01-14 11:07:32.298  INFO 2124 --- [main] o.s.w.s.v.f.FreeMarkerConfigurer         : ClassTemplateLoader for Spring macros added to FreeMarker configuration
2019-01-14 11:07:32.445  INFO 2124 --- [main] o.s.j.e.a.AnnotationMBeanExporter        : Registering beans for JMX exposure on startup
2019-01-14 11:07:32.453  INFO 2124 --- [main] o.s.c.support.DefaultLifecycleProcessor  : Starting beans in phase 2147483647
2019-01-14 11:07:32.453  INFO 2124 --- [main] d.s.w.p.DocumentationPluginsBootstrapper : Context refreshed
2019-01-14 11:07:32.472  INFO 2124 --- [main] d.s.w.p.DocumentationPluginsBootstrapper : Found 1 custom documentation plugin(s)
2019-01-14 11:07:32.499  INFO 2124 --- [main] s.d.s.w.s.ApiListingReferenceScanner     : Scanning for api listing references
2019-01-14 11:07:32.702  INFO 2124 --- [main] .d.s.w.r.o.CachingOperationNameGenerator : Generating unique operation named: getGateDataUsingGET_1
2019-01-14 11:07:32.736  INFO 2124 --- [main] .d.s.w.r.o.CachingOperationNameGenerator : Generating unique operation named: deleteUserInfoUsingDELETE_1
2019-01-14 11:07:32.824  INFO 2124 --- [main] s.b.c.e.t.TomcatEmbeddedServletContainer : Tomcat started on port(s): 8431 (http)
2019-01-14 11:07:32.830  INFO 2124 --- [main] com.jit.skiad.SkiadApplication           : Started SkiadApplication in 8.554 seconds (JVM running for 11.326)
2019-01-14 11:07:32.830  INFO 2124 --- [main] com.jit.skiad.SkiadApplication           : skiad application is running.........
2019-01-14 11:08:01.196  INFO 2124 --- [http-nio-8431-exec-1] o.a.c.c.C.[Tomcat].[localhost].[/]       : Initializing Spring FrameworkServlet 'dispatcherServlet'
2019-01-14 11:08:01.197  INFO 2124 --- [http-nio-8431-exec-1] o.s.web.servlet.DispatcherServlet        : FrameworkServlet 'dispatcherServlet': initialization started
2019-01-14 11:08:01.224  INFO 2124 --- [http-nio-8431-exec-1] o.s.web.servlet.DispatcherServlet        : FrameworkServlet 'dispatcherServlet': initialization completed in 27 ms
