2018-11-27 17:33:49.553 DEBUG 249332 --- [localhost-startStop-1] c.j.s.j.filter.JwtAuthenticationFilter   : Initializing filter 'jwtAuthenticationFilter'
2018-11-27 17:33:49.553 DEBUG 249332 --- [localhost-startStop-1] c.j.s.j.filter.JwtAuthenticationFilter   : Filter 'jwtAuthenticationFilter' configured successfully
2018-11-27 17:34:04.886 DEBUG 249332 --- [http-nio-8080-exec-2] c.jit.skiad.mapper.UserMapper.selectOne  : ==>  Preparing: SELECT ID AS id,username,`password`,real_name AS realName,image,register_time AS registerTime,last_password_reset_date AS lastPasswordResetDate FROM user WHERE username=? 
2018-11-27 17:34:04.907 DEBUG 249332 --- [http-nio-8080-exec-2] c.jit.skiad.mapper.UserMapper.selectOne  : ==> Parameters: zhangsan(String)
2018-11-27 17:34:04.917 DEBUG 249332 --- [http-nio-8080-exec-2] c.jit.skiad.mapper.UserMapper.selectOne  : <==      Total: 1
2018-11-27 17:34:04.923 DEBUG 249332 --- [http-nio-8080-exec-2] c.jit.skiad.mapper.UserMapper.selectOne  : ==>  Preparing: SELECT ID AS id,username,`password`,real_name AS realName,image,register_time AS registerTime,last_password_reset_date AS lastPasswordResetDate FROM user WHERE username=? 
2018-11-27 17:34:04.925 DEBUG 249332 --- [http-nio-8080-exec-2] c.jit.skiad.mapper.UserMapper.selectOne  : ==> Parameters: zhangsan(String)
2018-11-27 17:34:04.928 DEBUG 249332 --- [http-nio-8080-exec-2] c.jit.skiad.mapper.UserMapper.selectOne  : <==      Total: 1
2018-11-27 17:34:04.929 DEBUG 249332 --- [http-nio-8080-exec-2] c.j.s.mapper.RoleMapper.getRoleByUserId  : ==>  Preparing: select r.* from role r where r.id = ( select role_id from user_role where user_id = ?) 
2018-11-27 17:34:04.932 DEBUG 249332 --- [http-nio-8080-exec-2] c.j.s.mapper.RoleMapper.getRoleByUserId  : ==> Parameters: 1(Integer)
2018-11-27 17:34:04.934 DEBUG 249332 --- [http-nio-8080-exec-2] c.j.s.mapper.RoleMapper.getRoleByUserId  : <==      Total: 1
2018-11-27 17:35:23.908 DEBUG 257524 --- [main] com.jit.skiad.SkiadApplication           : Running with Spring Boot v1.5.7.RELEASE, Spring v4.3.11.RELEASE
2018-11-27 17:35:27.159 DEBUG 257524 --- [localhost-startStop-1] c.j.s.j.filter.JwtAuthenticationFilter   : Initializing filter 'jwtAuthenticationFilter'
2018-11-27 17:35:27.159 DEBUG 257524 --- [localhost-startStop-1] c.j.s.j.filter.JwtAuthenticationFilter   : Filter 'jwtAuthenticationFilter' configured successfully
2018-11-27 17:35:39.948 DEBUG 257524 --- [http-nio-8080-exec-1] c.jit.skiad.mapper.UserMapper.selectOne  : ==>  Preparing: SELECT ID AS id,username,`password`,real_name AS realName,image,register_time AS registerTime,last_password_reset_date AS lastPasswordResetDate FROM user WHERE username=? 
2018-11-27 17:35:39.969 DEBUG 257524 --- [http-nio-8080-exec-1] c.jit.skiad.mapper.UserMapper.selectOne  : ==> Parameters: zhangsan(String)
2018-11-27 17:35:39.981 DEBUG 257524 --- [http-nio-8080-exec-1] c.jit.skiad.mapper.UserMapper.selectOne  : <==      Total: 1
2018-11-27 17:35:39.987 DEBUG 257524 --- [http-nio-8080-exec-1] c.jit.skiad.mapper.UserMapper.selectOne  : ==>  Preparing: SELECT ID AS id,username,`password`,real_name AS realName,image,register_time AS registerTime,last_password_reset_date AS lastPasswordResetDate FROM user WHERE username=? 
2018-11-27 17:35:39.990 DEBUG 257524 --- [http-nio-8080-exec-1] c.jit.skiad.mapper.UserMapper.selectOne  : ==> Parameters: zhangsan(String)
2018-11-27 17:35:39.994 DEBUG 257524 --- [http-nio-8080-exec-1] c.jit.skiad.mapper.UserMapper.selectOne  : <==      Total: 1
2018-11-27 17:35:39.995 DEBUG 257524 --- [http-nio-8080-exec-1] c.j.s.mapper.RoleMapper.getRoleByUserId  : ==>  Preparing: select r.* from role r where r.id = ( select role_id from user_role where user_id = ?) 
2018-11-27 17:35:39.998 DEBUG 257524 --- [http-nio-8080-exec-1] c.j.s.mapper.RoleMapper.getRoleByUserId  : ==> Parameters: 1(Integer)
2018-11-27 17:35:40.000 DEBUG 257524 --- [http-nio-8080-exec-1] c.j.s.mapper.RoleMapper.getRoleByUserId  : <==      Total: 1
