2019-01-06 09:25:49.052  INFO 4856 --- [main] com.jit.skiad.SkiadApplication           : Starting SkiadApplication on dell-PC with PID 4856 (started by Administrator in D:\项目开发\苏垦新项目\back\skiad(redis+minaClient)12-29\skiad)
2019-01-06 09:25:49.252  INFO 4856 --- [main] com.jit.skiad.SkiadApplication           : No active profile set, falling back to default profiles: default
2019-01-06 09:25:49.511  INFO 4856 --- [main] ationConfigEmbeddedWebApplicationContext : Refreshing org.springframework.boot.context.embedded.AnnotationConfigEmbeddedWebApplicationContext@305b7c14: startup date [Sun Jan 06 09:25:49 CST 2019]; root of context hierarchy
2019-01-06 09:25:52.000  INFO 4856 --- [main] o.s.b.f.s.DefaultListableBeanFactory     : Overriding bean definition for bean 'dataSource' with a different definition: replacing [Root bean: class [null]; scope=; abstract=false; lazyInit=false; autowireMode=3; dependencyCheck=0; autowireCandidate=true; primary=false; factoryBeanName=org.springframework.boot.autoconfigure.jdbc.DataSourceConfiguration$Dbcp2; factoryMethodName=dataSource; initMethodName=null; destroyMethodName=(inferred); defined in class path resource [org/springframework/boot/autoconfigure/jdbc/DataSourceConfiguration$Dbcp2.class]] with [Root bean: class [null]; scope=; abstract=false; lazyInit=false; autowireMode=3; dependencyCheck=0; autowireCandidate=true; primary=false; factoryBeanName=org.springframework.boot.autoconfigure.jdbc.DataSourceConfiguration$Tomcat; factoryMethodName=dataSource; initMethodName=null; destroyMethodName=(inferred); defined in class path resource [org/springframework/boot/autoconfigure/jdbc/DataSourceConfiguration$Tomcat.class]]
2019-01-06 09:25:52.075  INFO 4856 --- [main] .s.d.r.c.RepositoryConfigurationDelegate : Multiple Spring Data modules found, entering strict repository configuration mode!
2019-01-06 09:25:52.481  INFO 4856 --- [main] trationDelegate$BeanPostProcessorChecker : Bean 'org.springframework.transaction.annotation.ProxyTransactionManagementConfiguration' of type [org.springframework.transaction.annotation.ProxyTransactionManagementConfiguration$$EnhancerBySpringCGLIB$$11924be4] is not eligible for getting processed by all BeanPostProcessors (for example: not eligible for auto-proxying)
2019-01-06 09:25:52.489  INFO 4856 --- [main] trationDelegate$BeanPostProcessorChecker : Bean 'redisConfig' of type [com.jit.skiad.config.RedisConfig$$EnhancerBySpringCGLIB$$3a3d1d7a] is not eligible for getting processed by all BeanPostProcessors (for example: not eligible for auto-proxying)
2019-01-06 09:25:52.511  INFO 4856 --- [main] trationDelegate$BeanPostProcessorChecker : Bean 'keyGenerator' of type [com.jit.skiad.config.RedisConfig$1] is not eligible for getting processed by all BeanPostProcessors (for example: not eligible for auto-proxying)
2019-01-06 09:25:52.511  INFO 4856 --- [main] trationDelegate$BeanPostProcessorChecker : Bean 'org.springframework.cache.annotation.ProxyCachingConfiguration' of type [org.springframework.cache.annotation.ProxyCachingConfiguration$$EnhancerBySpringCGLIB$$5aa48202] is not eligible for getting processed by all BeanPostProcessors (for example: not eligible for auto-proxying)
2019-01-06 09:25:54.125  INFO 4856 --- [main] s.b.c.e.t.TomcatEmbeddedServletContainer : Tomcat initialized with port(s): 8431 (http)
2019-01-06 09:25:54.142  INFO 4856 --- [main] o.apache.catalina.core.StandardService   : Starting service [Tomcat]
2019-01-06 09:25:54.144  INFO 4856 --- [main] org.apache.catalina.core.StandardEngine  : Starting Servlet Engine: Apache Tomcat/8.5.20
2019-01-06 09:25:54.561  INFO 4856 --- [localhost-startStop-1] o.a.c.c.C.[Tomcat].[localhost].[/]       : Initializing Spring embedded WebApplicationContext
2019-01-06 09:25:54.561  INFO 4856 --- [localhost-startStop-1] o.s.web.context.ContextLoader            : Root WebApplicationContext: initialization completed in 5050 ms
2019-01-06 09:25:56.071  INFO 4856 --- [localhost-startStop-1] o.s.b.w.servlet.FilterRegistrationBean   : Mapping filter: 'corsConfig' to: [/*]
2019-01-06 09:25:56.071  INFO 4856 --- [localhost-startStop-1] o.s.b.w.servlet.FilterRegistrationBean   : Mapping filter: 'characterEncodingFilter' to: [/*]
2019-01-06 09:25:56.071  INFO 4856 --- [localhost-startStop-1] o.s.b.w.servlet.FilterRegistrationBean   : Mapping filter: 'hiddenHttpMethodFilter' to: [/*]
2019-01-06 09:25:56.071  INFO 4856 --- [localhost-startStop-1] o.s.b.w.servlet.FilterRegistrationBean   : Mapping filter: 'httpPutFormContentFilter' to: [/*]
2019-01-06 09:25:56.072  INFO 4856 --- [localhost-startStop-1] o.s.b.w.servlet.FilterRegistrationBean   : Mapping filter: 'requestContextFilter' to: [/*]
2019-01-06 09:25:56.072  INFO 4856 --- [localhost-startStop-1] .s.DelegatingFilterProxyRegistrationBean : Mapping filter: 'springSecurityFilterChain' to: [/*]
2019-01-06 09:25:56.072  INFO 4856 --- [localhost-startStop-1] o.s.b.w.servlet.FilterRegistrationBean   : Mapping filter: 'jwtAuthenticationFilter' to: [/*]
2019-01-06 09:25:56.072  INFO 4856 --- [localhost-startStop-1] o.s.b.w.servlet.ServletRegistrationBean  : Mapping servlet: 'dispatcherServlet' to [/]
2019-01-06 09:25:58.560  INFO 4856 --- [main] s.w.s.m.m.a.RequestMappingHandlerMapping : Mapped "{[/alarm/user/water],methods=[PUT]}" onto public com.jit.skiad.commons.ObjectRestResponse<com.jit.skiad.domain.GatewayDO> com.jit.skiad.controller.AlarmController.updateWaterLevel(java.lang.Integer,java.lang.Float)
2019-01-06 09:25:58.561  INFO 4856 --- [main] s.w.s.m.m.a.RequestMappingHandlerMapping : Mapped "{[/alarm/user/water],methods=[GET]}" onto public com.jit.skiad.commons.ObjectRestResponse<com.jit.skiad.domain.GatewayDO> com.jit.skiad.controller.AlarmController.getWaterLevel(java.lang.Integer)
2019-01-06 09:25:58.561  INFO 4856 --- [main] s.w.s.m.m.a.RequestMappingHandlerMapping : Mapped "{[/alarm/user/number],methods=[GET]}" onto public com.jit.skiad.commons.ObjectRestResponse<java.lang.Integer> com.jit.skiad.controller.AlarmController.getAlarmNumber()
2019-01-06 09:25:58.562  INFO 4856 --- [main] s.w.s.m.m.a.RequestMappingHandlerMapping : Mapped "{[/alarm/user/list],methods=[GET]}" onto public com.jit.skiad.commons.ObjectRestResponse<java.util.List<com.jit.skiad.domain.AlarmDO>> com.jit.skiad.controller.AlarmController.getAlarmList(java.lang.Integer)
2019-01-06 09:25:58.563  INFO 4856 --- [main] s.w.s.m.m.a.RequestMappingHandlerMapping : Mapped "{[/auth/signup],methods=[POST]}" onto public com.jit.skiad.commons.ObjectRestResponse<java.lang.Void> com.jit.skiad.controller.AuthController.register(com.jit.skiad.dto.UserDTO)
2019-01-06 09:25:58.564  INFO 4856 --- [main] s.w.s.m.m.a.RequestMappingHandlerMapping : Mapped "{[/auth/login],methods=[POST]}" onto public com.jit.skiad.commons.ObjectRestResponse<com.jit.skiad.dto.UserDTO> com.jit.skiad.controller.AuthController.createAuthenticationToken(com.jit.skiad.dto.JwtUser)
2019-01-06 09:25:58.564  INFO 4856 --- [main] s.w.s.m.m.a.RequestMappingHandlerMapping : Mapped "{[/auth/forgetpw],methods=[PUT]}" onto public com.jit.skiad.commons.ObjectRestResponse<java.lang.Void> com.jit.skiad.controller.AuthController.forgetPassWord(java.lang.String,java.lang.String)
2019-01-06 09:25:58.564  INFO 4856 --- [main] s.w.s.m.m.a.RequestMappingHandlerMapping : Mapped "{[/gate/user/data],methods=[GET]}" onto com.jit.skiad.commons.ObjectRestResponse<java.util.List<com.jit.skiad.dto.GateDTO>> com.jit.skiad.controller.GateController.getGateData(java.lang.Integer)
2019-01-06 09:25:58.565  INFO 4856 --- [main] s.w.s.m.m.a.RequestMappingHandlerMapping : Mapped "{[/gate/user/update],methods=[PUT]}" onto com.jit.skiad.commons.ObjectRestResponse<com.jit.skiad.dto.GateDTO> com.jit.skiad.controller.GateController.updateGateStatus(com.jit.skiad.dto.ControlDTO)
2019-01-06 09:25:58.565  INFO 4856 --- [main] s.w.s.m.m.a.RequestMappingHandlerMapping : Mapped "{[/pump/user/data],methods=[GET]}" onto com.jit.skiad.commons.ObjectRestResponse<java.util.List<com.jit.skiad.dto.PumpDTO>> com.jit.skiad.controller.PumpController.getPumpData(java.lang.Integer)
2019-01-06 09:25:58.566  INFO 4856 --- [main] s.w.s.m.m.a.RequestMappingHandlerMapping : Mapped "{[/pump/user/status],methods=[PUT]}" onto com.jit.skiad.commons.ObjectRestResponse<com.jit.skiad.dto.PumpDTO> com.jit.skiad.controller.PumpController.updatePumpStatus(com.jit.skiad.dto.ControlDTO)
2019-01-06 09:25:58.569  INFO 4856 --- [main] s.w.s.m.m.a.RequestMappingHandlerMapping : Mapped "{[/user/admin/add],methods=[POST]}" onto com.jit.skiad.commons.ObjectRestResponse<com.jit.skiad.dto.UserDTO> com.jit.skiad.controller.UserController.addUser(com.jit.skiad.dto.UserAddDTO)
2019-01-06 09:25:58.569  INFO 4856 --- [main] s.w.s.m.m.a.RequestMappingHandlerMapping : Mapped "{[/user/admin/one],methods=[GET]}" onto com.jit.skiad.commons.ObjectRestResponse<com.jit.skiad.dto.UserDTO> com.jit.skiad.controller.UserController.getOneUserbyAdmin(java.lang.Integer)
2019-01-06 09:25:58.569  INFO 4856 --- [main] s.w.s.m.m.a.RequestMappingHandlerMapping : Mapped "{[/user/admin/page],methods=[GET]}" onto com.jit.skiad.commons.ObjectRestResponse<com.github.pagehelper.PageInfo<com.jit.skiad.dto.UserDTO>> com.jit.skiad.controller.UserController.getListByPage(java.lang.Integer,java.lang.Integer)
2019-01-06 09:25:58.570  INFO 4856 --- [main] s.w.s.m.m.a.RequestMappingHandlerMapping : Mapped "{[/user/admin/all],methods=[GET]}" onto com.jit.skiad.commons.ObjectRestResponse<java.util.List<com.jit.skiad.dto.UserDTO>> com.jit.skiad.controller.UserController.getLists()
2019-01-06 09:25:58.570  INFO 4856 --- [main] s.w.s.m.m.a.RequestMappingHandlerMapping : Mapped "{[/user/user/one],methods=[GET]}" onto com.jit.skiad.commons.ObjectRestResponse<com.jit.skiad.dto.UserDTO> com.jit.skiad.controller.UserController.getOneUserbyUser()
2019-01-06 09:25:58.570  INFO 4856 --- [main] s.w.s.m.m.a.RequestMappingHandlerMapping : Mapped "{[/user/user/resetpassword],methods=[PUT]}" onto com.jit.skiad.commons.ObjectRestResponse<com.jit.skiad.dto.UserDTO> com.jit.skiad.controller.UserController.resetPassword(javax.servlet.http.HttpServletRequest,com.jit.skiad.dto.ResetPassword)
2019-01-06 09:25:58.570  INFO 4856 --- [main] s.w.s.m.m.a.RequestMappingHandlerMapping : Mapped "{[/user/user/resetinfo],methods=[PUT]}" onto com.jit.skiad.commons.ObjectRestResponse<com.jit.skiad.dto.UserDTO> com.jit.skiad.controller.UserController.resetUserInfo(com.jit.skiad.domain.UserDO)
2019-01-06 09:25:58.571  INFO 4856 --- [main] s.w.s.m.m.a.RequestMappingHandlerMapping : Mapped "{[/user/admin/{userId}],methods=[DELETE]}" onto com.jit.skiad.commons.ObjectRestResponse<java.lang.Boolean> com.jit.skiad.controller.UserController.deleteUserInfo(java.lang.Integer)
2019-01-06 09:25:58.571  INFO 4856 --- [main] s.w.s.m.m.a.RequestMappingHandlerMapping : Mapped "{[/user/admin/ids],methods=[DELETE]}" onto com.jit.skiad.commons.ObjectRestResponse<java.lang.Boolean> com.jit.skiad.controller.UserController.deleteUserInfo(java.lang.String)
2019-01-06 09:25:58.571  INFO 4856 --- [main] s.w.s.m.m.a.RequestMappingHandlerMapping : Mapped "{[/user/admin/permit],methods=[PUT]}" onto com.jit.skiad.commons.ObjectRestResponse<java.lang.Boolean> com.jit.skiad.controller.UserController.permitUserInfo(java.lang.Integer,java.lang.Integer)
2019-01-06 09:25:58.571  INFO 4856 --- [main] s.w.s.m.m.a.RequestMappingHandlerMapping : Mapped "{[/user/admin/initpassword],methods=[PUT]}" onto com.jit.skiad.commons.ObjectRestResponse<java.lang.Void> com.jit.skiad.controller.UserController.initPassword(java.lang.String)
2019-01-06 09:25:58.572  INFO 4856 --- [main] s.w.s.m.m.a.RequestMappingHandlerMapping : Mapped "{[/user/user/permission],methods=[GET]}" onto com.jit.skiad.commons.ObjectRestResponse<java.util.List<com.jit.skiad.dto.UserDTO>> com.jit.skiad.controller.UserController.getUserPermissionByGwId(java.lang.Integer)
2019-01-06 09:25:58.572  INFO 4856 --- [main] s.w.s.m.m.a.RequestMappingHandlerMapping : Mapped "{[/water/user/data],methods=[GET]}" onto com.jit.skiad.commons.ObjectRestResponse<com.jit.skiad.dto.WaterDTO> com.jit.skiad.controller.WaterController.getDataByTime(java.lang.Integer,java.lang.String,java.lang.String)
2019-01-06 09:25:58.572  INFO 4856 --- [main] s.w.s.m.m.a.RequestMappingHandlerMapping : Mapped "{[/water/user/current],methods=[GET]}" onto com.jit.skiad.commons.ObjectRestResponse<com.jit.skiad.dto.WaterDTO> com.jit.skiad.controller.WaterController.getCurrentData(java.lang.Integer)
2019-01-06 09:25:58.575  INFO 4856 --- [main] s.w.s.m.m.a.RequestMappingHandlerMapping : Mapped "{[/swagger-resources]}" onto public org.springframework.http.ResponseEntity<java.util.List<springfox.documentation.swagger.web.SwaggerResource>> springfox.documentation.swagger.web.ApiResourceController.swaggerResources()
2019-01-06 09:25:58.576  INFO 4856 --- [main] s.w.s.m.m.a.RequestMappingHandlerMapping : Mapped "{[/swagger-resources/configuration/ui]}" onto public org.springframework.http.ResponseEntity<springfox.documentation.swagger.web.UiConfiguration> springfox.documentation.swagger.web.ApiResourceController.uiConfiguration()
2019-01-06 09:25:58.576  INFO 4856 --- [main] s.w.s.m.m.a.RequestMappingHandlerMapping : Mapped "{[/swagger-resources/configuration/security]}" onto public org.springframework.http.ResponseEntity<springfox.documentation.swagger.web.SecurityConfiguration> springfox.documentation.swagger.web.ApiResourceController.securityConfiguration()
2019-01-06 09:25:58.579  INFO 4856 --- [main] s.w.s.m.m.a.RequestMappingHandlerMapping : Mapped "{[/error]}" onto public org.springframework.http.ResponseEntity<java.util.Map<java.lang.String, java.lang.Object>> org.springframework.boot.autoconfigure.web.BasicErrorController.error(javax.servlet.http.HttpServletRequest)
2019-01-06 09:25:58.579  INFO 4856 --- [main] s.w.s.m.m.a.RequestMappingHandlerMapping : Mapped "{[/error],produces=[text/html]}" onto public org.springframework.web.servlet.ModelAndView org.springframework.boot.autoconfigure.web.BasicErrorController.errorHtml(javax.servlet.http.HttpServletRequest,javax.servlet.http.HttpServletResponse)
2019-01-06 09:25:59.494  INFO 4856 --- [main] pertySourcedRequestMappingHandlerMapping : Mapped URL path [/v2/api-docs] onto method [public org.springframework.http.ResponseEntity<springfox.documentation.spring.web.json.Json> springfox.documentation.swagger2.web.Swagger2Controller.getDocumentation(java.lang.String,javax.servlet.http.HttpServletRequest)]
2019-01-06 09:25:59.716  INFO 4856 --- [main] o.s.w.s.handler.SimpleUrlHandlerMapping  : Mapped URL path [/webjars/**] onto handler of type [class org.springframework.web.servlet.resource.ResourceHttpRequestHandler]
2019-01-06 09:25:59.716  INFO 4856 --- [main] o.s.w.s.handler.SimpleUrlHandlerMapping  : Mapped URL path [/**] onto handler of type [class org.springframework.web.servlet.resource.ResourceHttpRequestHandler]
2019-01-06 09:25:59.754  INFO 4856 --- [main] o.s.w.s.handler.SimpleUrlHandlerMapping  : Mapped URL path [/**/favicon.ico] onto handler of type [class org.springframework.web.servlet.resource.ResourceHttpRequestHandler]
2019-01-06 09:25:59.798  INFO 4856 --- [main] o.s.s.web.DefaultSecurityFilterChain     : Creating filter chain: Ant [pattern='/**/*.gif'], []
2019-01-06 09:25:59.798  INFO 4856 --- [main] o.s.s.web.DefaultSecurityFilterChain     : Creating filter chain: Ant [pattern='/**/*.png'], []
2019-01-06 09:25:59.798  INFO 4856 --- [main] o.s.s.web.DefaultSecurityFilterChain     : Creating filter chain: Ant [pattern='/**/*.jpg'], []
2019-01-06 09:25:59.798  INFO 4856 --- [main] o.s.s.web.DefaultSecurityFilterChain     : Creating filter chain: Ant [pattern='/**/*.html'], []
2019-01-06 09:25:59.798  INFO 4856 --- [main] o.s.s.web.DefaultSecurityFilterChain     : Creating filter chain: Ant [pattern='/**/*.js'], []
2019-01-06 09:25:59.798  INFO 4856 --- [main] o.s.s.web.DefaultSecurityFilterChain     : Creating filter chain: Ant [pattern='/**/*.css'], []
2019-01-06 09:25:59.799  INFO 4856 --- [main] o.s.s.web.DefaultSecurityFilterChain     : Creating filter chain: Ant [pattern='/**/*.ico'], []
2019-01-06 09:25:59.799  INFO 4856 --- [main] o.s.s.web.DefaultSecurityFilterChain     : Creating filter chain: Ant [pattern='/webjars/**'], []
2019-01-06 09:25:59.799  INFO 4856 --- [main] o.s.s.web.DefaultSecurityFilterChain     : Creating filter chain: Ant [pattern='/swagger-ui.html*/**'], []
2019-01-06 09:25:59.799  INFO 4856 --- [main] o.s.s.web.DefaultSecurityFilterChain     : Creating filter chain: org.springframework.security.web.servlet.util.matcher.MvcRequestMatcher@6a916402, []
2019-01-06 09:25:59.799  INFO 4856 --- [main] o.s.s.web.DefaultSecurityFilterChain     : Creating filter chain: org.springframework.security.web.servlet.util.matcher.MvcRequestMatcher@24eeac69, []
2019-01-06 09:25:59.799  INFO 4856 --- [main] o.s.s.web.DefaultSecurityFilterChain     : Creating filter chain: org.springframework.security.web.servlet.util.matcher.MvcRequestMatcher@18539cb1, []
2019-01-06 09:25:59.799  INFO 4856 --- [main] o.s.s.web.DefaultSecurityFilterChain     : Creating filter chain: org.springframework.security.web.servlet.util.matcher.MvcRequestMatcher@748f93bb, []
2019-01-06 09:25:59.799  INFO 4856 --- [main] o.s.s.web.DefaultSecurityFilterChain     : Creating filter chain: org.springframework.security.web.servlet.util.matcher.MvcRequestMatcher@7f2d31af, []
2019-01-06 09:25:59.799  INFO 4856 --- [main] o.s.s.web.DefaultSecurityFilterChain     : Creating filter chain: org.springframework.security.web.servlet.util.matcher.MvcRequestMatcher@2e7157c7, []
2019-01-06 09:26:00.064  INFO 4856 --- [main] o.s.s.web.DefaultSecurityFilterChain     : Creating filter chain: org.springframework.security.web.util.matcher.AnyRequestMatcher@1, [org.springframework.security.web.context.request.async.WebAsyncManagerIntegrationFilter@939ff41, org.springframework.security.web.context.SecurityContextPersistenceFilter@6badba10, org.springframework.security.web.header.HeaderWriterFilter@28369db0, org.springframework.security.web.authentication.logout.LogoutFilter@688a2c09, com.jit.skiad.jwtsecurity.filter.JwtAuthenticationFilter@6e0e5dec, org.springframework.security.web.savedrequest.RequestCacheAwareFilter@550de6b8, org.springframework.security.web.servletapi.SecurityContextHolderAwareRequestFilter@949c598, org.springframework.security.web.authentication.AnonymousAuthenticationFilter@48a663e9, org.springframework.security.web.session.SessionManagementFilter@7cf78c85, org.springframework.security.web.access.ExceptionTranslationFilter@61514735, org.springframework.security.web.access.intercept.FilterSecurityInterceptor@60c1663c]
2019-01-06 09:26:00.444  INFO 4856 --- [main] s.w.s.m.m.a.RequestMappingHandlerAdapter : Looking for @ControllerAdvice: org.springframework.boot.context.embedded.AnnotationConfigEmbeddedWebApplicationContext@305b7c14: startup date [Sun Jan 06 09:25:49 CST 2019]; root of context hierarchy
2019-01-06 09:26:00.496  INFO 4856 --- [main] .m.m.a.ExceptionHandlerExceptionResolver : Detected @ExceptionHandler methods in customExceptionHandler
2019-01-06 09:26:00.836  INFO 4856 --- [main] o.s.ui.freemarker.SpringTemplateLoader   : SpringTemplateLoader for FreeMarker: using resource loader [org.springframework.boot.context.embedded.AnnotationConfigEmbeddedWebApplicationContext@305b7c14: startup date [Sun Jan 06 09:25:49 CST 2019]; root of context hierarchy] and template loader path [classpath:/templates/]
2019-01-06 09:26:00.837  INFO 4856 --- [main] o.s.w.s.v.f.FreeMarkerConfigurer         : ClassTemplateLoader for Spring macros added to FreeMarker configuration
2019-01-06 09:26:01.059  INFO 4856 --- [main] o.s.j.e.a.AnnotationMBeanExporter        : Registering beans for JMX exposure on startup
2019-01-06 09:26:01.072  INFO 4856 --- [main] o.s.c.support.DefaultLifecycleProcessor  : Starting beans in phase 2147483647
2019-01-06 09:26:01.072  INFO 4856 --- [main] d.s.w.p.DocumentationPluginsBootstrapper : Context refreshed
2019-01-06 09:26:01.130  INFO 4856 --- [main] d.s.w.p.DocumentationPluginsBootstrapper : Found 1 custom documentation plugin(s)
2019-01-06 09:26:01.174  INFO 4856 --- [main] s.d.s.w.s.ApiListingReferenceScanner     : Scanning for api listing references
2019-01-06 09:26:01.350  INFO 4856 --- [main] .d.s.w.r.o.CachingOperationNameGenerator : Generating unique operation named: deleteUserInfoUsingDELETE_1
2019-01-06 09:26:01.464  INFO 4856 --- [main] s.b.c.e.t.TomcatEmbeddedServletContainer : Tomcat started on port(s): 8431 (http)
2019-01-06 09:26:01.475  INFO 4856 --- [main] com.jit.skiad.SkiadApplication           : Started SkiadApplication in 13.612 seconds (JVM running for 21.638)
2019-01-06 09:26:01.475  INFO 4856 --- [main] com.jit.skiad.SkiadApplication           : skiad application is running.........
2019-01-06 09:26:10.271  INFO 4856 --- [http-nio-8431-exec-1] o.a.c.c.C.[Tomcat].[localhost].[/]       : Initializing Spring FrameworkServlet 'dispatcherServlet'
2019-01-06 09:26:10.272  INFO 4856 --- [http-nio-8431-exec-1] o.s.web.servlet.DispatcherServlet        : FrameworkServlet 'dispatcherServlet': initialization started
2019-01-06 09:26:10.387  INFO 4856 --- [http-nio-8431-exec-1] o.s.web.servlet.DispatcherServlet        : FrameworkServlet 'dispatcherServlet': initialization completed in 114 ms
2019-01-06 09:26:38.075  INFO 4856 --- [http-nio-8431-exec-8] com.jit.skiad.controller.AuthController  : ---------------------login 1 -------------
2019-01-06 09:29:32.464  INFO 6260 --- [main] com.jit.skiad.SkiadApplication           : Starting SkiadApplication on dell-PC with PID 6260 (started by Administrator in D:\项目开发\苏垦新项目\back\skiad(redis+minaClient)12-29\skiad)
2019-01-06 09:29:32.466  INFO 6260 --- [main] com.jit.skiad.SkiadApplication           : No active profile set, falling back to default profiles: default
2019-01-06 09:29:32.499  INFO 6260 --- [main] ationConfigEmbeddedWebApplicationContext : Refreshing org.springframework.boot.context.embedded.AnnotationConfigEmbeddedWebApplicationContext@3e821657: startup date [Sun Jan 06 09:29:32 CST 2019]; root of context hierarchy
2019-01-06 09:29:33.356  INFO 6260 --- [main] o.s.b.f.s.DefaultListableBeanFactory     : Overriding bean definition for bean 'dataSource' with a different definition: replacing [Root bean: class [null]; scope=; abstract=false; lazyInit=false; autowireMode=3; dependencyCheck=0; autowireCandidate=true; primary=false; factoryBeanName=org.springframework.boot.autoconfigure.jdbc.DataSourceConfiguration$Dbcp2; factoryMethodName=dataSource; initMethodName=null; destroyMethodName=(inferred); defined in class path resource [org/springframework/boot/autoconfigure/jdbc/DataSourceConfiguration$Dbcp2.class]] with [Root bean: class [null]; scope=; abstract=false; lazyInit=false; autowireMode=3; dependencyCheck=0; autowireCandidate=true; primary=false; factoryBeanName=org.springframework.boot.autoconfigure.jdbc.DataSourceConfiguration$Tomcat; factoryMethodName=dataSource; initMethodName=null; destroyMethodName=(inferred); defined in class path resource [org/springframework/boot/autoconfigure/jdbc/DataSourceConfiguration$Tomcat.class]]
2019-01-06 09:29:33.387  INFO 6260 --- [main] .s.d.r.c.RepositoryConfigurationDelegate : Multiple Spring Data modules found, entering strict repository configuration mode!
2019-01-06 09:29:33.749  INFO 6260 --- [main] trationDelegate$BeanPostProcessorChecker : Bean 'org.springframework.transaction.annotation.ProxyTransactionManagementConfiguration' of type [org.springframework.transaction.annotation.ProxyTransactionManagementConfiguration$$EnhancerBySpringCGLIB$$7711401d] is not eligible for getting processed by all BeanPostProcessors (for example: not eligible for auto-proxying)
2019-01-06 09:29:33.760  INFO 6260 --- [main] trationDelegate$BeanPostProcessorChecker : Bean 'redisConfig' of type [com.jit.skiad.config.RedisConfig$$EnhancerBySpringCGLIB$$9fbc11b3] is not eligible for getting processed by all BeanPostProcessors (for example: not eligible for auto-proxying)
2019-01-06 09:29:33.773  INFO 6260 --- [main] trationDelegate$BeanPostProcessorChecker : Bean 'keyGenerator' of type [com.jit.skiad.config.RedisConfig$1] is not eligible for getting processed by all BeanPostProcessors (for example: not eligible for auto-proxying)
2019-01-06 09:29:33.773  INFO 6260 --- [main] trationDelegate$BeanPostProcessorChecker : Bean 'org.springframework.cache.annotation.ProxyCachingConfiguration' of type [org.springframework.cache.annotation.ProxyCachingConfiguration$$EnhancerBySpringCGLIB$$c023763b] is not eligible for getting processed by all BeanPostProcessors (for example: not eligible for auto-proxying)
2019-01-06 09:29:34.119  INFO 6260 --- [main] s.b.c.e.t.TomcatEmbeddedServletContainer : Tomcat initialized with port(s): 8431 (http)
2019-01-06 09:29:34.127  INFO 6260 --- [main] o.apache.catalina.core.StandardService   : Starting service [Tomcat]
2019-01-06 09:29:34.128  INFO 6260 --- [main] org.apache.catalina.core.StandardEngine  : Starting Servlet Engine: Apache Tomcat/8.5.20
2019-01-06 09:29:34.237  INFO 6260 --- [localhost-startStop-1] o.a.c.c.C.[Tomcat].[localhost].[/]       : Initializing Spring embedded WebApplicationContext
2019-01-06 09:29:34.237  INFO 6260 --- [localhost-startStop-1] o.s.web.context.ContextLoader            : Root WebApplicationContext: initialization completed in 1738 ms
2019-01-06 09:29:35.316  INFO 6260 --- [localhost-startStop-1] o.s.b.w.servlet.FilterRegistrationBean   : Mapping filter: 'corsConfig' to: [/*]
2019-01-06 09:29:35.316  INFO 6260 --- [localhost-startStop-1] o.s.b.w.servlet.FilterRegistrationBean   : Mapping filter: 'characterEncodingFilter' to: [/*]
2019-01-06 09:29:35.317  INFO 6260 --- [localhost-startStop-1] o.s.b.w.servlet.FilterRegistrationBean   : Mapping filter: 'hiddenHttpMethodFilter' to: [/*]
2019-01-06 09:29:35.317  INFO 6260 --- [localhost-startStop-1] o.s.b.w.servlet.FilterRegistrationBean   : Mapping filter: 'httpPutFormContentFilter' to: [/*]
2019-01-06 09:29:35.317  INFO 6260 --- [localhost-startStop-1] o.s.b.w.servlet.FilterRegistrationBean   : Mapping filter: 'requestContextFilter' to: [/*]
2019-01-06 09:29:35.317  INFO 6260 --- [localhost-startStop-1] .s.DelegatingFilterProxyRegistrationBean : Mapping filter: 'springSecurityFilterChain' to: [/*]
2019-01-06 09:29:35.318  INFO 6260 --- [localhost-startStop-1] o.s.b.w.servlet.FilterRegistrationBean   : Mapping filter: 'jwtAuthenticationFilter' to: [/*]
2019-01-06 09:29:35.318  INFO 6260 --- [localhost-startStop-1] o.s.b.w.servlet.ServletRegistrationBean  : Mapping servlet: 'dispatcherServlet' to [/]
2019-01-06 09:29:36.555  INFO 6260 --- [main] s.w.s.m.m.a.RequestMappingHandlerMapping : Mapped "{[/alarm/user/water],methods=[GET]}" onto public com.jit.skiad.commons.ObjectRestResponse<com.jit.skiad.domain.GatewayDO> com.jit.skiad.controller.AlarmController.getWaterLevel(java.lang.Integer)
2019-01-06 09:29:36.556  INFO 6260 --- [main] s.w.s.m.m.a.RequestMappingHandlerMapping : Mapped "{[/alarm/user/water],methods=[PUT]}" onto public com.jit.skiad.commons.ObjectRestResponse<com.jit.skiad.domain.GatewayDO> com.jit.skiad.controller.AlarmController.updateWaterLevel(java.lang.Integer,java.lang.Float)
2019-01-06 09:29:36.557  INFO 6260 --- [main] s.w.s.m.m.a.RequestMappingHandlerMapping : Mapped "{[/alarm/user/number],methods=[GET]}" onto public com.jit.skiad.commons.ObjectRestResponse<java.lang.Integer> com.jit.skiad.controller.AlarmController.getAlarmNumber()
2019-01-06 09:29:36.557  INFO 6260 --- [main] s.w.s.m.m.a.RequestMappingHandlerMapping : Mapped "{[/alarm/user/list],methods=[GET]}" onto public com.jit.skiad.commons.ObjectRestResponse<java.util.List<com.jit.skiad.domain.AlarmDO>> com.jit.skiad.controller.AlarmController.getAlarmList(java.lang.Integer)
2019-01-06 09:29:36.559  INFO 6260 --- [main] s.w.s.m.m.a.RequestMappingHandlerMapping : Mapped "{[/auth/signup],methods=[POST]}" onto public com.jit.skiad.commons.ObjectRestResponse<java.lang.Void> com.jit.skiad.controller.AuthController.register(com.jit.skiad.dto.UserDTO)
2019-01-06 09:29:36.559  INFO 6260 --- [main] s.w.s.m.m.a.RequestMappingHandlerMapping : Mapped "{[/auth/login],methods=[POST]}" onto public com.jit.skiad.commons.ObjectRestResponse<com.jit.skiad.dto.UserDTO> com.jit.skiad.controller.AuthController.createAuthenticationToken(com.jit.skiad.dto.JwtUser)
2019-01-06 09:29:36.559  INFO 6260 --- [main] s.w.s.m.m.a.RequestMappingHandlerMapping : Mapped "{[/auth/forgetpw],methods=[PUT]}" onto public com.jit.skiad.commons.ObjectRestResponse<java.lang.Void> com.jit.skiad.controller.AuthController.forgetPassWord(java.lang.String,java.lang.String)
2019-01-06 09:29:36.560  INFO 6260 --- [main] s.w.s.m.m.a.RequestMappingHandlerMapping : Mapped "{[/gate/user/data],methods=[GET]}" onto com.jit.skiad.commons.ObjectRestResponse<java.util.List<com.jit.skiad.dto.GateDTO>> com.jit.skiad.controller.GateController.getGateData(java.lang.Integer)
2019-01-06 09:29:36.561  INFO 6260 --- [main] s.w.s.m.m.a.RequestMappingHandlerMapping : Mapped "{[/gate/user/update],methods=[PUT]}" onto com.jit.skiad.commons.ObjectRestResponse<com.jit.skiad.dto.GateDTO> com.jit.skiad.controller.GateController.updateGateStatus(com.jit.skiad.dto.ControlDTO)
2019-01-06 09:29:36.561  INFO 6260 --- [main] s.w.s.m.m.a.RequestMappingHandlerMapping : Mapped "{[/pump/user/data],methods=[GET]}" onto com.jit.skiad.commons.ObjectRestResponse<java.util.List<com.jit.skiad.dto.PumpDTO>> com.jit.skiad.controller.PumpController.getPumpData(java.lang.Integer)
2019-01-06 09:29:36.562  INFO 6260 --- [main] s.w.s.m.m.a.RequestMappingHandlerMapping : Mapped "{[/pump/user/status],methods=[PUT]}" onto com.jit.skiad.commons.ObjectRestResponse<com.jit.skiad.dto.PumpDTO> com.jit.skiad.controller.PumpController.updatePumpStatus(com.jit.skiad.dto.ControlDTO)
2019-01-06 09:29:36.565  INFO 6260 --- [main] s.w.s.m.m.a.RequestMappingHandlerMapping : Mapped "{[/user/admin/add],methods=[POST]}" onto com.jit.skiad.commons.ObjectRestResponse<com.jit.skiad.dto.UserDTO> com.jit.skiad.controller.UserController.addUser(com.jit.skiad.dto.UserAddDTO)
2019-01-06 09:29:36.565  INFO 6260 --- [main] s.w.s.m.m.a.RequestMappingHandlerMapping : Mapped "{[/user/admin/one],methods=[GET]}" onto com.jit.skiad.commons.ObjectRestResponse<com.jit.skiad.dto.UserDTO> com.jit.skiad.controller.UserController.getOneUserbyAdmin(java.lang.Integer)
2019-01-06 09:29:36.566  INFO 6260 --- [main] s.w.s.m.m.a.RequestMappingHandlerMapping : Mapped "{[/user/user/permission],methods=[GET]}" onto com.jit.skiad.commons.ObjectRestResponse<java.util.List<com.jit.skiad.dto.UserDTO>> com.jit.skiad.controller.UserController.getUserPermissionByGwId(java.lang.Integer)
2019-01-06 09:29:36.566  INFO 6260 --- [main] s.w.s.m.m.a.RequestMappingHandlerMapping : Mapped "{[/user/admin/page],methods=[GET]}" onto com.jit.skiad.commons.ObjectRestResponse<com.github.pagehelper.PageInfo<com.jit.skiad.dto.UserDTO>> com.jit.skiad.controller.UserController.getListByPage(java.lang.Integer,java.lang.Integer)
2019-01-06 09:29:36.566  INFO 6260 --- [main] s.w.s.m.m.a.RequestMappingHandlerMapping : Mapped "{[/user/admin/all],methods=[GET]}" onto com.jit.skiad.commons.ObjectRestResponse<java.util.List<com.jit.skiad.dto.UserDTO>> com.jit.skiad.controller.UserController.getLists()
2019-01-06 09:29:36.566  INFO 6260 --- [main] s.w.s.m.m.a.RequestMappingHandlerMapping : Mapped "{[/user/user/one],methods=[GET]}" onto com.jit.skiad.commons.ObjectRestResponse<com.jit.skiad.dto.UserDTO> com.jit.skiad.controller.UserController.getOneUserbyUser()
2019-01-06 09:29:36.567  INFO 6260 --- [main] s.w.s.m.m.a.RequestMappingHandlerMapping : Mapped "{[/user/user/resetpassword],methods=[PUT]}" onto com.jit.skiad.commons.ObjectRestResponse<com.jit.skiad.dto.UserDTO> com.jit.skiad.controller.UserController.resetPassword(javax.servlet.http.HttpServletRequest,com.jit.skiad.dto.ResetPassword)
2019-01-06 09:29:36.567  INFO 6260 --- [main] s.w.s.m.m.a.RequestMappingHandlerMapping : Mapped "{[/user/user/resetinfo],methods=[PUT]}" onto com.jit.skiad.commons.ObjectRestResponse<com.jit.skiad.dto.UserDTO> com.jit.skiad.controller.UserController.resetUserInfo(com.jit.skiad.domain.UserDO)
2019-01-06 09:29:36.567  INFO 6260 --- [main] s.w.s.m.m.a.RequestMappingHandlerMapping : Mapped "{[/user/admin/{userId}],methods=[DELETE]}" onto com.jit.skiad.commons.ObjectRestResponse<java.lang.Boolean> com.jit.skiad.controller.UserController.deleteUserInfo(java.lang.Integer)
2019-01-06 09:29:36.567  INFO 6260 --- [main] s.w.s.m.m.a.RequestMappingHandlerMapping : Mapped "{[/user/admin/ids],methods=[DELETE]}" onto com.jit.skiad.commons.ObjectRestResponse<java.lang.Boolean> com.jit.skiad.controller.UserController.deleteUserInfo(java.lang.String)
2019-01-06 09:29:36.568  INFO 6260 --- [main] s.w.s.m.m.a.RequestMappingHandlerMapping : Mapped "{[/user/admin/permit],methods=[PUT]}" onto com.jit.skiad.commons.ObjectRestResponse<java.lang.Boolean> com.jit.skiad.controller.UserController.permitUserInfo(java.lang.Integer,java.lang.Integer)
2019-01-06 09:29:36.569  INFO 6260 --- [main] s.w.s.m.m.a.RequestMappingHandlerMapping : Mapped "{[/user/admin/initpassword],methods=[PUT]}" onto com.jit.skiad.commons.ObjectRestResponse<java.lang.Void> com.jit.skiad.controller.UserController.initPassword(java.lang.String)
2019-01-06 09:29:36.570  INFO 6260 --- [main] s.w.s.m.m.a.RequestMappingHandlerMapping : Mapped "{[/water/user/data],methods=[GET]}" onto com.jit.skiad.commons.ObjectRestResponse<com.jit.skiad.dto.WaterDTO> com.jit.skiad.controller.WaterController.getDataByTime(java.lang.Integer,java.lang.String,java.lang.String)
2019-01-06 09:29:36.570  INFO 6260 --- [main] s.w.s.m.m.a.RequestMappingHandlerMapping : Mapped "{[/water/user/current],methods=[GET]}" onto com.jit.skiad.commons.ObjectRestResponse<com.jit.skiad.dto.WaterDTO> com.jit.skiad.controller.WaterController.getCurrentData(java.lang.Integer)
2019-01-06 09:29:36.574  INFO 6260 --- [main] s.w.s.m.m.a.RequestMappingHandlerMapping : Mapped "{[/swagger-resources/configuration/security]}" onto public org.springframework.http.ResponseEntity<springfox.documentation.swagger.web.SecurityConfiguration> springfox.documentation.swagger.web.ApiResourceController.securityConfiguration()
2019-01-06 09:29:36.574  INFO 6260 --- [main] s.w.s.m.m.a.RequestMappingHandlerMapping : Mapped "{[/swagger-resources/configuration/ui]}" onto public org.springframework.http.ResponseEntity<springfox.documentation.swagger.web.UiConfiguration> springfox.documentation.swagger.web.ApiResourceController.uiConfiguration()
2019-01-06 09:29:36.575  INFO 6260 --- [main] s.w.s.m.m.a.RequestMappingHandlerMapping : Mapped "{[/swagger-resources]}" onto public org.springframework.http.ResponseEntity<java.util.List<springfox.documentation.swagger.web.SwaggerResource>> springfox.documentation.swagger.web.ApiResourceController.swaggerResources()
2019-01-06 09:29:36.578  INFO 6260 --- [main] s.w.s.m.m.a.RequestMappingHandlerMapping : Mapped "{[/error]}" onto public org.springframework.http.ResponseEntity<java.util.Map<java.lang.String, java.lang.Object>> org.springframework.boot.autoconfigure.web.BasicErrorController.error(javax.servlet.http.HttpServletRequest)
2019-01-06 09:29:36.578  INFO 6260 --- [main] s.w.s.m.m.a.RequestMappingHandlerMapping : Mapped "{[/error],produces=[text/html]}" onto public org.springframework.web.servlet.ModelAndView org.springframework.boot.autoconfigure.web.BasicErrorController.errorHtml(javax.servlet.http.HttpServletRequest,javax.servlet.http.HttpServletResponse)
2019-01-06 09:29:36.822  INFO 6260 --- [main] pertySourcedRequestMappingHandlerMapping : Mapped URL path [/v2/api-docs] onto method [public org.springframework.http.ResponseEntity<springfox.documentation.spring.web.json.Json> springfox.documentation.swagger2.web.Swagger2Controller.getDocumentation(java.lang.String,javax.servlet.http.HttpServletRequest)]
2019-01-06 09:29:36.857  INFO 6260 --- [main] o.s.w.s.handler.SimpleUrlHandlerMapping  : Mapped URL path [/webjars/**] onto handler of type [class org.springframework.web.servlet.resource.ResourceHttpRequestHandler]
2019-01-06 09:29:36.857  INFO 6260 --- [main] o.s.w.s.handler.SimpleUrlHandlerMapping  : Mapped URL path [/**] onto handler of type [class org.springframework.web.servlet.resource.ResourceHttpRequestHandler]
2019-01-06 09:29:36.877  INFO 6260 --- [main] o.s.w.s.handler.SimpleUrlHandlerMapping  : Mapped URL path [/**/favicon.ico] onto handler of type [class org.springframework.web.servlet.resource.ResourceHttpRequestHandler]
2019-01-06 09:29:36.892  INFO 6260 --- [main] o.s.s.web.DefaultSecurityFilterChain     : Creating filter chain: Ant [pattern='/**/*.gif'], []
2019-01-06 09:29:36.893  INFO 6260 --- [main] o.s.s.web.DefaultSecurityFilterChain     : Creating filter chain: Ant [pattern='/**/*.png'], []
2019-01-06 09:29:36.893  INFO 6260 --- [main] o.s.s.web.DefaultSecurityFilterChain     : Creating filter chain: Ant [pattern='/**/*.jpg'], []
2019-01-06 09:29:36.893  INFO 6260 --- [main] o.s.s.web.DefaultSecurityFilterChain     : Creating filter chain: Ant [pattern='/**/*.html'], []
2019-01-06 09:29:36.893  INFO 6260 --- [main] o.s.s.web.DefaultSecurityFilterChain     : Creating filter chain: Ant [pattern='/**/*.js'], []
2019-01-06 09:29:36.893  INFO 6260 --- [main] o.s.s.web.DefaultSecurityFilterChain     : Creating filter chain: Ant [pattern='/**/*.css'], []
2019-01-06 09:29:36.893  INFO 6260 --- [main] o.s.s.web.DefaultSecurityFilterChain     : Creating filter chain: Ant [pattern='/**/*.ico'], []
2019-01-06 09:29:36.893  INFO 6260 --- [main] o.s.s.web.DefaultSecurityFilterChain     : Creating filter chain: Ant [pattern='/webjars/**'], []
2019-01-06 09:29:36.893  INFO 6260 --- [main] o.s.s.web.DefaultSecurityFilterChain     : Creating filter chain: Ant [pattern='/swagger-ui.html*/**'], []
2019-01-06 09:29:36.893  INFO 6260 --- [main] o.s.s.web.DefaultSecurityFilterChain     : Creating filter chain: org.springframework.security.web.servlet.util.matcher.MvcRequestMatcher@6818fd48, []
2019-01-06 09:29:36.893  INFO 6260 --- [main] o.s.s.web.DefaultSecurityFilterChain     : Creating filter chain: org.springframework.security.web.servlet.util.matcher.MvcRequestMatcher@9263c54, []
2019-01-06 09:29:36.893  INFO 6260 --- [main] o.s.s.web.DefaultSecurityFilterChain     : Creating filter chain: org.springframework.security.web.servlet.util.matcher.MvcRequestMatcher@28daf506, []
2019-01-06 09:29:36.893  INFO 6260 --- [main] o.s.s.web.DefaultSecurityFilterChain     : Creating filter chain: org.springframework.security.web.servlet.util.matcher.MvcRequestMatcher@4662752a, []
2019-01-06 09:29:36.893  INFO 6260 --- [main] o.s.s.web.DefaultSecurityFilterChain     : Creating filter chain: org.springframework.security.web.servlet.util.matcher.MvcRequestMatcher@693f2213, []
2019-01-06 09:29:36.893  INFO 6260 --- [main] o.s.s.web.DefaultSecurityFilterChain     : Creating filter chain: org.springframework.security.web.servlet.util.matcher.MvcRequestMatcher@514377fc, []
2019-01-06 09:29:36.963  INFO 6260 --- [main] o.s.s.web.DefaultSecurityFilterChain     : Creating filter chain: org.springframework.security.web.util.matcher.AnyRequestMatcher@1, [org.springframework.security.web.context.request.async.WebAsyncManagerIntegrationFilter@374c3975, org.springframework.security.web.context.SecurityContextPersistenceFilter@37d699a1, org.springframework.security.web.header.HeaderWriterFilter@5514579e, org.springframework.security.web.authentication.logout.LogoutFilter@6d969330, com.jit.skiad.jwtsecurity.filter.JwtAuthenticationFilter@43c39321, org.springframework.security.web.savedrequest.RequestCacheAwareFilter@8eb6f9a, org.springframework.security.web.servletapi.SecurityContextHolderAwareRequestFilter@6c07add6, org.springframework.security.web.authentication.AnonymousAuthenticationFilter@52aa7742, org.springframework.security.web.session.SessionManagementFilter@7de147e9, org.springframework.security.web.access.ExceptionTranslationFilter@4bcdd11, org.springframework.security.web.access.intercept.FilterSecurityInterceptor@22048bd6]
2019-01-06 09:29:37.238  INFO 6260 --- [main] s.w.s.m.m.a.RequestMappingHandlerAdapter : Looking for @ControllerAdvice: org.springframework.boot.context.embedded.AnnotationConfigEmbeddedWebApplicationContext@3e821657: startup date [Sun Jan 06 09:29:32 CST 2019]; root of context hierarchy
2019-01-06 09:29:37.279  INFO 6260 --- [main] .m.m.a.ExceptionHandlerExceptionResolver : Detected @ExceptionHandler methods in customExceptionHandler
2019-01-06 09:29:37.589  INFO 6260 --- [main] o.s.ui.freemarker.SpringTemplateLoader   : SpringTemplateLoader for FreeMarker: using resource loader [org.springframework.boot.context.embedded.AnnotationConfigEmbeddedWebApplicationContext@3e821657: startup date [Sun Jan 06 09:29:32 CST 2019]; root of context hierarchy] and template loader path [classpath:/templates/]
2019-01-06 09:29:37.590  INFO 6260 --- [main] o.s.w.s.v.f.FreeMarkerConfigurer         : ClassTemplateLoader for Spring macros added to FreeMarker configuration
2019-01-06 09:29:37.868  INFO 6260 --- [main] o.s.j.e.a.AnnotationMBeanExporter        : Registering beans for JMX exposure on startup
2019-01-06 09:29:37.877  INFO 6260 --- [main] o.s.c.support.DefaultLifecycleProcessor  : Starting beans in phase 2147483647
2019-01-06 09:29:37.878  INFO 6260 --- [main] d.s.w.p.DocumentationPluginsBootstrapper : Context refreshed
2019-01-06 09:29:37.894  INFO 6260 --- [main] d.s.w.p.DocumentationPluginsBootstrapper : Found 1 custom documentation plugin(s)
2019-01-06 09:29:37.922  INFO 6260 --- [main] s.d.s.w.s.ApiListingReferenceScanner     : Scanning for api listing references
2019-01-06 09:29:38.081  INFO 6260 --- [main] .d.s.w.r.o.CachingOperationNameGenerator : Generating unique operation named: deleteUserInfoUsingDELETE_1
2019-01-06 09:29:38.169  INFO 6260 --- [main] s.b.c.e.t.TomcatEmbeddedServletContainer : Tomcat started on port(s): 8431 (http)
2019-01-06 09:29:38.174  INFO 6260 --- [main] com.jit.skiad.SkiadApplication           : Started SkiadApplication in 6.061 seconds (JVM running for 8.461)
2019-01-06 09:29:38.175  INFO 6260 --- [main] com.jit.skiad.SkiadApplication           : skiad application is running.........
2019-01-06 09:29:46.376  INFO 6260 --- [http-nio-8431-exec-1] o.a.c.c.C.[Tomcat].[localhost].[/]       : Initializing Spring FrameworkServlet 'dispatcherServlet'
2019-01-06 09:29:46.376  INFO 6260 --- [http-nio-8431-exec-1] o.s.web.servlet.DispatcherServlet        : FrameworkServlet 'dispatcherServlet': initialization started
2019-01-06 09:29:46.432  INFO 6260 --- [http-nio-8431-exec-1] o.s.web.servlet.DispatcherServlet        : FrameworkServlet 'dispatcherServlet': initialization completed in 55 ms
2019-01-06 09:30:48.651  INFO 9024 --- [main] com.jit.skiad.SkiadApplication           : Starting SkiadApplication on dell-PC with PID 9024 (started by Administrator in D:\项目开发\苏垦新项目\back\skiad(redis+minaClient)12-29\skiad)
2019-01-06 09:30:48.654  INFO 9024 --- [main] com.jit.skiad.SkiadApplication           : No active profile set, falling back to default profiles: default
2019-01-06 09:30:48.701  INFO 9024 --- [main] ationConfigEmbeddedWebApplicationContext : Refreshing org.springframework.boot.context.embedded.AnnotationConfigEmbeddedWebApplicationContext@305b7c14: startup date [Sun Jan 06 09:30:48 CST 2019]; root of context hierarchy
2019-01-06 09:30:49.440  INFO 9024 --- [main] o.s.b.f.s.DefaultListableBeanFactory     : Overriding bean definition for bean 'dataSource' with a different definition: replacing [Root bean: class [null]; scope=; abstract=false; lazyInit=false; autowireMode=3; dependencyCheck=0; autowireCandidate=true; primary=false; factoryBeanName=org.springframework.boot.autoconfigure.jdbc.DataSourceConfiguration$Dbcp2; factoryMethodName=dataSource; initMethodName=null; destroyMethodName=(inferred); defined in class path resource [org/springframework/boot/autoconfigure/jdbc/DataSourceConfiguration$Dbcp2.class]] with [Root bean: class [null]; scope=; abstract=false; lazyInit=false; autowireMode=3; dependencyCheck=0; autowireCandidate=true; primary=false; factoryBeanName=org.springframework.boot.autoconfigure.jdbc.DataSourceConfiguration$Tomcat; factoryMethodName=dataSource; initMethodName=null; destroyMethodName=(inferred); defined in class path resource [org/springframework/boot/autoconfigure/jdbc/DataSourceConfiguration$Tomcat.class]]
2019-01-06 09:30:49.468  INFO 9024 --- [main] .s.d.r.c.RepositoryConfigurationDelegate : Multiple Spring Data modules found, entering strict repository configuration mode!
2019-01-06 09:30:49.769  INFO 9024 --- [main] trationDelegate$BeanPostProcessorChecker : Bean 'org.springframework.transaction.annotation.ProxyTransactionManagementConfiguration' of type [org.springframework.transaction.annotation.ProxyTransactionManagementConfiguration$$EnhancerBySpringCGLIB$$1f8ac32d] is not eligible for getting processed by all BeanPostProcessors (for example: not eligible for auto-proxying)
2019-01-06 09:30:49.777  INFO 9024 --- [main] trationDelegate$BeanPostProcessorChecker : Bean 'redisConfig' of type [com.jit.skiad.config.RedisConfig$$EnhancerBySpringCGLIB$$483594c3] is not eligible for getting processed by all BeanPostProcessors (for example: not eligible for auto-proxying)
2019-01-06 09:30:49.787  INFO 9024 --- [main] trationDelegate$BeanPostProcessorChecker : Bean 'keyGenerator' of type [com.jit.skiad.config.RedisConfig$1] is not eligible for getting processed by all BeanPostProcessors (for example: not eligible for auto-proxying)
2019-01-06 09:30:49.787  INFO 9024 --- [main] trationDelegate$BeanPostProcessorChecker : Bean 'org.springframework.cache.annotation.ProxyCachingConfiguration' of type [org.springframework.cache.annotation.ProxyCachingConfiguration$$EnhancerBySpringCGLIB$$689cf94b] is not eligible for getting processed by all BeanPostProcessors (for example: not eligible for auto-proxying)
2019-01-06 09:30:50.067  INFO 9024 --- [main] s.b.c.e.t.TomcatEmbeddedServletContainer : Tomcat initialized with port(s): 8431 (http)
2019-01-06 09:30:50.074  INFO 9024 --- [main] o.apache.catalina.core.StandardService   : Starting service [Tomcat]
2019-01-06 09:30:50.074  INFO 9024 --- [main] org.apache.catalina.core.StandardEngine  : Starting Servlet Engine: Apache Tomcat/8.5.20
2019-01-06 09:30:50.175  INFO 9024 --- [localhost-startStop-1] o.a.c.c.C.[Tomcat].[localhost].[/]       : Initializing Spring embedded WebApplicationContext
2019-01-06 09:30:50.176  INFO 9024 --- [localhost-startStop-1] o.s.web.context.ContextLoader            : Root WebApplicationContext: initialization completed in 1474 ms
2019-01-06 09:30:51.072  INFO 9024 --- [localhost-startStop-1] o.s.b.w.servlet.FilterRegistrationBean   : Mapping filter: 'corsConfig' to: [/*]
2019-01-06 09:30:51.072  INFO 9024 --- [localhost-startStop-1] o.s.b.w.servlet.FilterRegistrationBean   : Mapping filter: 'characterEncodingFilter' to: [/*]
2019-01-06 09:30:51.072  INFO 9024 --- [localhost-startStop-1] o.s.b.w.servlet.FilterRegistrationBean   : Mapping filter: 'hiddenHttpMethodFilter' to: [/*]
2019-01-06 09:30:51.073  INFO 9024 --- [localhost-startStop-1] o.s.b.w.servlet.FilterRegistrationBean   : Mapping filter: 'httpPutFormContentFilter' to: [/*]
2019-01-06 09:30:51.073  INFO 9024 --- [localhost-startStop-1] o.s.b.w.servlet.FilterRegistrationBean   : Mapping filter: 'requestContextFilter' to: [/*]
2019-01-06 09:30:51.073  INFO 9024 --- [localhost-startStop-1] .s.DelegatingFilterProxyRegistrationBean : Mapping filter: 'springSecurityFilterChain' to: [/*]
2019-01-06 09:30:51.073  INFO 9024 --- [localhost-startStop-1] o.s.b.w.servlet.FilterRegistrationBean   : Mapping filter: 'jwtAuthenticationFilter' to: [/*]
2019-01-06 09:30:51.074  INFO 9024 --- [localhost-startStop-1] o.s.b.w.servlet.ServletRegistrationBean  : Mapping servlet: 'dispatcherServlet' to [/]
2019-01-06 09:30:51.810  INFO 9024 --- [main] s.w.s.m.m.a.RequestMappingHandlerMapping : Mapped "{[/alarm/user/water],methods=[PUT]}" onto public com.jit.skiad.commons.ObjectRestResponse<com.jit.skiad.domain.GatewayDO> com.jit.skiad.controller.AlarmController.updateWaterLevel(java.lang.Integer,java.lang.Float)
2019-01-06 09:30:51.811  INFO 9024 --- [main] s.w.s.m.m.a.RequestMappingHandlerMapping : Mapped "{[/alarm/user/water],methods=[GET]}" onto public com.jit.skiad.commons.ObjectRestResponse<com.jit.skiad.domain.GatewayDO> com.jit.skiad.controller.AlarmController.getWaterLevel(java.lang.Integer)
2019-01-06 09:30:51.812  INFO 9024 --- [main] s.w.s.m.m.a.RequestMappingHandlerMapping : Mapped "{[/alarm/user/number],methods=[GET]}" onto public com.jit.skiad.commons.ObjectRestResponse<java.lang.Integer> com.jit.skiad.controller.AlarmController.getAlarmNumber()
2019-01-06 09:30:51.812  INFO 9024 --- [main] s.w.s.m.m.a.RequestMappingHandlerMapping : Mapped "{[/alarm/user/list],methods=[GET]}" onto public com.jit.skiad.commons.ObjectRestResponse<java.util.List<com.jit.skiad.domain.AlarmDO>> com.jit.skiad.controller.AlarmController.getAlarmList(java.lang.Integer)
2019-01-06 09:30:51.813  INFO 9024 --- [main] s.w.s.m.m.a.RequestMappingHandlerMapping : Mapped "{[/auth/signup],methods=[POST]}" onto public com.jit.skiad.commons.ObjectRestResponse<java.lang.Void> com.jit.skiad.controller.AuthController.register(com.jit.skiad.dto.UserDTO)
2019-01-06 09:30:51.814  INFO 9024 --- [main] s.w.s.m.m.a.RequestMappingHandlerMapping : Mapped "{[/auth/login],methods=[POST]}" onto public com.jit.skiad.commons.ObjectRestResponse<com.jit.skiad.dto.UserDTO> com.jit.skiad.controller.AuthController.createAuthenticationToken(com.jit.skiad.dto.JwtUser)
2019-01-06 09:30:51.814  INFO 9024 --- [main] s.w.s.m.m.a.RequestMappingHandlerMapping : Mapped "{[/auth/forgetpw],methods=[PUT]}" onto public com.jit.skiad.commons.ObjectRestResponse<java.lang.Void> com.jit.skiad.controller.AuthController.forgetPassWord(java.lang.String,java.lang.String)
2019-01-06 09:30:51.815  INFO 9024 --- [main] s.w.s.m.m.a.RequestMappingHandlerMapping : Mapped "{[/gate/user/data],methods=[GET]}" onto com.jit.skiad.commons.ObjectRestResponse<java.util.List<com.jit.skiad.dto.GateDTO>> com.jit.skiad.controller.GateController.getGateData(java.lang.Integer)
2019-01-06 09:30:51.815  INFO 9024 --- [main] s.w.s.m.m.a.RequestMappingHandlerMapping : Mapped "{[/gate/user/update],methods=[PUT]}" onto com.jit.skiad.commons.ObjectRestResponse<com.jit.skiad.dto.GateDTO> com.jit.skiad.controller.GateController.updateGateStatus(com.jit.skiad.dto.ControlDTO)
2019-01-06 09:30:51.815  INFO 9024 --- [main] s.w.s.m.m.a.RequestMappingHandlerMapping : Mapped "{[/pump/user/data],methods=[GET]}" onto com.jit.skiad.commons.ObjectRestResponse<java.util.List<com.jit.skiad.dto.PumpDTO>> com.jit.skiad.controller.PumpController.getPumpData(java.lang.Integer)
2019-01-06 09:30:51.816  INFO 9024 --- [main] s.w.s.m.m.a.RequestMappingHandlerMapping : Mapped "{[/pump/user/status],methods=[PUT]}" onto com.jit.skiad.commons.ObjectRestResponse<com.jit.skiad.dto.PumpDTO> com.jit.skiad.controller.PumpController.updatePumpStatus(com.jit.skiad.dto.ControlDTO)
2019-01-06 09:30:51.819  INFO 9024 --- [main] s.w.s.m.m.a.RequestMappingHandlerMapping : Mapped "{[/user/admin/add],methods=[POST]}" onto com.jit.skiad.commons.ObjectRestResponse<com.jit.skiad.dto.UserDTO> com.jit.skiad.controller.UserController.addUser(com.jit.skiad.dto.UserAddDTO)
2019-01-06 09:30:51.819  INFO 9024 --- [main] s.w.s.m.m.a.RequestMappingHandlerMapping : Mapped "{[/user/admin/one],methods=[GET]}" onto com.jit.skiad.commons.ObjectRestResponse<com.jit.skiad.dto.UserDTO> com.jit.skiad.controller.UserController.getOneUserbyAdmin(java.lang.Integer)
2019-01-06 09:30:51.819  INFO 9024 --- [main] s.w.s.m.m.a.RequestMappingHandlerMapping : Mapped "{[/user/user/permission],methods=[GET]}" onto com.jit.skiad.commons.ObjectRestResponse<java.util.List<com.jit.skiad.dto.UserDTO>> com.jit.skiad.controller.UserController.getUserPermissionByGwId(java.lang.Integer)
2019-01-06 09:30:51.819  INFO 9024 --- [main] s.w.s.m.m.a.RequestMappingHandlerMapping : Mapped "{[/user/admin/page],methods=[GET]}" onto com.jit.skiad.commons.ObjectRestResponse<com.github.pagehelper.PageInfo<com.jit.skiad.dto.UserDTO>> com.jit.skiad.controller.UserController.getListByPage(java.lang.Integer,java.lang.Integer)
2019-01-06 09:30:51.820  INFO 9024 --- [main] s.w.s.m.m.a.RequestMappingHandlerMapping : Mapped "{[/user/admin/all],methods=[GET]}" onto com.jit.skiad.commons.ObjectRestResponse<java.util.List<com.jit.skiad.dto.UserDTO>> com.jit.skiad.controller.UserController.getLists()
2019-01-06 09:30:51.820  INFO 9024 --- [main] s.w.s.m.m.a.RequestMappingHandlerMapping : Mapped "{[/user/user/one],methods=[GET]}" onto com.jit.skiad.commons.ObjectRestResponse<com.jit.skiad.dto.UserDTO> com.jit.skiad.controller.UserController.getOneUserbyUser()
2019-01-06 09:30:51.820  INFO 9024 --- [main] s.w.s.m.m.a.RequestMappingHandlerMapping : Mapped "{[/user/user/resetpassword],methods=[PUT]}" onto com.jit.skiad.commons.ObjectRestResponse<com.jit.skiad.dto.UserDTO> com.jit.skiad.controller.UserController.resetPassword(javax.servlet.http.HttpServletRequest,com.jit.skiad.dto.ResetPassword)
2019-01-06 09:30:51.820  INFO 9024 --- [main] s.w.s.m.m.a.RequestMappingHandlerMapping : Mapped "{[/user/user/resetinfo],methods=[PUT]}" onto com.jit.skiad.commons.ObjectRestResponse<com.jit.skiad.dto.UserDTO> com.jit.skiad.controller.UserController.resetUserInfo(com.jit.skiad.domain.UserDO)
2019-01-06 09:30:51.821  INFO 9024 --- [main] s.w.s.m.m.a.RequestMappingHandlerMapping : Mapped "{[/user/admin/{userId}],methods=[DELETE]}" onto com.jit.skiad.commons.ObjectRestResponse<java.lang.Boolean> com.jit.skiad.controller.UserController.deleteUserInfo(java.lang.Integer)
2019-01-06 09:30:51.821  INFO 9024 --- [main] s.w.s.m.m.a.RequestMappingHandlerMapping : Mapped "{[/user/admin/ids],methods=[DELETE]}" onto com.jit.skiad.commons.ObjectRestResponse<java.lang.Boolean> com.jit.skiad.controller.UserController.deleteUserInfo(java.lang.String)
2019-01-06 09:30:51.821  INFO 9024 --- [main] s.w.s.m.m.a.RequestMappingHandlerMapping : Mapped "{[/user/admin/permit],methods=[PUT]}" onto com.jit.skiad.commons.ObjectRestResponse<java.lang.Boolean> com.jit.skiad.controller.UserController.permitUserInfo(java.lang.Integer,java.lang.Integer)
2019-01-06 09:30:51.823  INFO 9024 --- [main] s.w.s.m.m.a.RequestMappingHandlerMapping : Mapped "{[/user/admin/initpassword],methods=[PUT]}" onto com.jit.skiad.commons.ObjectRestResponse<java.lang.Void> com.jit.skiad.controller.UserController.initPassword(java.lang.String)
2019-01-06 09:30:51.823  INFO 9024 --- [main] s.w.s.m.m.a.RequestMappingHandlerMapping : Mapped "{[/water/user/data],methods=[GET]}" onto com.jit.skiad.commons.ObjectRestResponse<com.jit.skiad.dto.WaterDTO> com.jit.skiad.controller.WaterController.getDataByTime(java.lang.Integer,java.lang.String,java.lang.String)
2019-01-06 09:30:51.824  INFO 9024 --- [main] s.w.s.m.m.a.RequestMappingHandlerMapping : Mapped "{[/water/user/current],methods=[GET]}" onto com.jit.skiad.commons.ObjectRestResponse<com.jit.skiad.dto.WaterDTO> com.jit.skiad.controller.WaterController.getCurrentData(java.lang.Integer)
2019-01-06 09:30:51.827  INFO 9024 --- [main] s.w.s.m.m.a.RequestMappingHandlerMapping : Mapped "{[/swagger-resources/configuration/security]}" onto public org.springframework.http.ResponseEntity<springfox.documentation.swagger.web.SecurityConfiguration> springfox.documentation.swagger.web.ApiResourceController.securityConfiguration()
2019-01-06 09:30:51.827  INFO 9024 --- [main] s.w.s.m.m.a.RequestMappingHandlerMapping : Mapped "{[/swagger-resources]}" onto public org.springframework.http.ResponseEntity<java.util.List<springfox.documentation.swagger.web.SwaggerResource>> springfox.documentation.swagger.web.ApiResourceController.swaggerResources()
2019-01-06 09:30:51.828  INFO 9024 --- [main] s.w.s.m.m.a.RequestMappingHandlerMapping : Mapped "{[/swagger-resources/configuration/ui]}" onto public org.springframework.http.ResponseEntity<springfox.documentation.swagger.web.UiConfiguration> springfox.documentation.swagger.web.ApiResourceController.uiConfiguration()
2019-01-06 09:30:51.830  INFO 9024 --- [main] s.w.s.m.m.a.RequestMappingHandlerMapping : Mapped "{[/error]}" onto public org.springframework.http.ResponseEntity<java.util.Map<java.lang.String, java.lang.Object>> org.springframework.boot.autoconfigure.web.BasicErrorController.error(javax.servlet.http.HttpServletRequest)
2019-01-06 09:30:51.830  INFO 9024 --- [main] s.w.s.m.m.a.RequestMappingHandlerMapping : Mapped "{[/error],produces=[text/html]}" onto public org.springframework.web.servlet.ModelAndView org.springframework.boot.autoconfigure.web.BasicErrorController.errorHtml(javax.servlet.http.HttpServletRequest,javax.servlet.http.HttpServletResponse)
2019-01-06 09:30:51.990  INFO 9024 --- [main] pertySourcedRequestMappingHandlerMapping : Mapped URL path [/v2/api-docs] onto method [public org.springframework.http.ResponseEntity<springfox.documentation.spring.web.json.Json> springfox.documentation.swagger2.web.Swagger2Controller.getDocumentation(java.lang.String,javax.servlet.http.HttpServletRequest)]
2019-01-06 09:30:52.008  INFO 9024 --- [main] o.s.w.s.handler.SimpleUrlHandlerMapping  : Mapped URL path [/webjars/**] onto handler of type [class org.springframework.web.servlet.resource.ResourceHttpRequestHandler]
2019-01-06 09:30:52.008  INFO 9024 --- [main] o.s.w.s.handler.SimpleUrlHandlerMapping  : Mapped URL path [/**] onto handler of type [class org.springframework.web.servlet.resource.ResourceHttpRequestHandler]
2019-01-06 09:30:52.023  INFO 9024 --- [main] o.s.w.s.handler.SimpleUrlHandlerMapping  : Mapped URL path [/**/favicon.ico] onto handler of type [class org.springframework.web.servlet.resource.ResourceHttpRequestHandler]
2019-01-06 09:30:52.035  INFO 9024 --- [main] o.s.s.web.DefaultSecurityFilterChain     : Creating filter chain: Ant [pattern='/**/*.gif'], []
2019-01-06 09:30:52.036  INFO 9024 --- [main] o.s.s.web.DefaultSecurityFilterChain     : Creating filter chain: Ant [pattern='/**/*.png'], []
2019-01-06 09:30:52.036  INFO 9024 --- [main] o.s.s.web.DefaultSecurityFilterChain     : Creating filter chain: Ant [pattern='/**/*.jpg'], []
2019-01-06 09:30:52.036  INFO 9024 --- [main] o.s.s.web.DefaultSecurityFilterChain     : Creating filter chain: Ant [pattern='/**/*.html'], []
2019-01-06 09:30:52.036  INFO 9024 --- [main] o.s.s.web.DefaultSecurityFilterChain     : Creating filter chain: Ant [pattern='/**/*.js'], []
2019-01-06 09:30:52.036  INFO 9024 --- [main] o.s.s.web.DefaultSecurityFilterChain     : Creating filter chain: Ant [pattern='/**/*.css'], []
2019-01-06 09:30:52.036  INFO 9024 --- [main] o.s.s.web.DefaultSecurityFilterChain     : Creating filter chain: Ant [pattern='/**/*.ico'], []
2019-01-06 09:30:52.036  INFO 9024 --- [main] o.s.s.web.DefaultSecurityFilterChain     : Creating filter chain: Ant [pattern='/webjars/**'], []
2019-01-06 09:30:52.036  INFO 9024 --- [main] o.s.s.web.DefaultSecurityFilterChain     : Creating filter chain: Ant [pattern='/swagger-ui.html*/**'], []
2019-01-06 09:30:52.036  INFO 9024 --- [main] o.s.s.web.DefaultSecurityFilterChain     : Creating filter chain: org.springframework.security.web.servlet.util.matcher.MvcRequestMatcher@7650ded6, []
2019-01-06 09:30:52.036  INFO 9024 --- [main] o.s.s.web.DefaultSecurityFilterChain     : Creating filter chain: org.springframework.security.web.servlet.util.matcher.MvcRequestMatcher@6d2a2560, []
2019-01-06 09:30:52.036  INFO 9024 --- [main] o.s.s.web.DefaultSecurityFilterChain     : Creating filter chain: org.springframework.security.web.servlet.util.matcher.MvcRequestMatcher@62d1dc3c, []
2019-01-06 09:30:52.036  INFO 9024 --- [main] o.s.s.web.DefaultSecurityFilterChain     : Creating filter chain: org.springframework.security.web.servlet.util.matcher.MvcRequestMatcher@3811510, []
2019-01-06 09:30:52.036  INFO 9024 --- [main] o.s.s.web.DefaultSecurityFilterChain     : Creating filter chain: org.springframework.security.web.servlet.util.matcher.MvcRequestMatcher@24eeac69, []
2019-01-06 09:30:52.036  INFO 9024 --- [main] o.s.s.web.DefaultSecurityFilterChain     : Creating filter chain: org.springframework.security.web.servlet.util.matcher.MvcRequestMatcher@18539cb1, []
2019-01-06 09:30:52.090  INFO 9024 --- [main] o.s.s.web.DefaultSecurityFilterChain     : Creating filter chain: org.springframework.security.web.util.matcher.AnyRequestMatcher@1, [org.springframework.security.web.context.request.async.WebAsyncManagerIntegrationFilter@3e8b3b79, org.springframework.security.web.context.SecurityContextPersistenceFilter@7cf78c85, org.springframework.security.web.header.HeaderWriterFilter@6bee793f, org.springframework.security.web.authentication.logout.LogoutFilter@314b9e4b, com.jit.skiad.jwtsecurity.filter.JwtAuthenticationFilter@d257579, org.springframework.security.web.savedrequest.RequestCacheAwareFilter@3a4ab7f7, org.springframework.security.web.servletapi.SecurityContextHolderAwareRequestFilter@5e9f73b, org.springframework.security.web.authentication.AnonymousAuthenticationFilter@518ddd3b, org.springframework.security.web.session.SessionManagementFilter@39c96e48, org.springframework.security.web.access.ExceptionTranslationFilter@6bcc3f27, org.springframework.security.web.access.intercept.FilterSecurityInterceptor@49e4c2d5]
2019-01-06 09:30:52.293  INFO 9024 --- [main] s.w.s.m.m.a.RequestMappingHandlerAdapter : Looking for @ControllerAdvice: org.springframework.boot.context.embedded.AnnotationConfigEmbeddedWebApplicationContext@305b7c14: startup date [Sun Jan 06 09:30:48 CST 2019]; root of context hierarchy
2019-01-06 09:30:52.323  INFO 9024 --- [main] .m.m.a.ExceptionHandlerExceptionResolver : Detected @ExceptionHandler methods in customExceptionHandler
2019-01-06 09:30:52.545  INFO 9024 --- [main] o.s.ui.freemarker.SpringTemplateLoader   : SpringTemplateLoader for FreeMarker: using resource loader [org.springframework.boot.context.embedded.AnnotationConfigEmbeddedWebApplicationContext@305b7c14: startup date [Sun Jan 06 09:30:48 CST 2019]; root of context hierarchy] and template loader path [classpath:/templates/]
2019-01-06 09:30:52.546  INFO 9024 --- [main] o.s.w.s.v.f.FreeMarkerConfigurer         : ClassTemplateLoader for Spring macros added to FreeMarker configuration
2019-01-06 09:30:52.664  INFO 9024 --- [main] o.s.j.e.a.AnnotationMBeanExporter        : Registering beans for JMX exposure on startup
2019-01-06 09:30:52.671  INFO 9024 --- [main] o.s.c.support.DefaultLifecycleProcessor  : Starting beans in phase 2147483647
2019-01-06 09:30:52.671  INFO 9024 --- [main] d.s.w.p.DocumentationPluginsBootstrapper : Context refreshed
2019-01-06 09:30:52.683  INFO 9024 --- [main] d.s.w.p.DocumentationPluginsBootstrapper : Found 1 custom documentation plugin(s)
2019-01-06 09:30:52.705  INFO 9024 --- [main] s.d.s.w.s.ApiListingReferenceScanner     : Scanning for api listing references
2019-01-06 09:30:52.856  INFO 9024 --- [main] .d.s.w.r.o.CachingOperationNameGenerator : Generating unique operation named: deleteUserInfoUsingDELETE_1
2019-01-06 09:30:52.930  INFO 9024 --- [main] s.b.c.e.t.TomcatEmbeddedServletContainer : Tomcat started on port(s): 8431 (http)
2019-01-06 09:30:52.934  INFO 9024 --- [main] com.jit.skiad.SkiadApplication           : Started SkiadApplication in 5.059 seconds (JVM running for 6.737)
2019-01-06 09:30:52.935  INFO 9024 --- [main] com.jit.skiad.SkiadApplication           : skiad application is running.........
2019-01-06 09:31:13.764  INFO 9024 --- [http-nio-8431-exec-1] o.a.c.c.C.[Tomcat].[localhost].[/]       : Initializing Spring FrameworkServlet 'dispatcherServlet'
2019-01-06 09:31:13.764  INFO 9024 --- [http-nio-8431-exec-1] o.s.web.servlet.DispatcherServlet        : FrameworkServlet 'dispatcherServlet': initialization started
2019-01-06 09:31:13.791  INFO 9024 --- [http-nio-8431-exec-1] o.s.web.servlet.DispatcherServlet        : FrameworkServlet 'dispatcherServlet': initialization completed in 27 ms
2019-01-06 09:38:55.060  INFO 1248 --- [main] com.jit.skiad.SkiadApplication           : Starting SkiadApplication on dell-PC with PID 1248 (started by Administrator in D:\项目开发\苏垦新项目\back\skiad(redis+minaClient)12-29\skiad)
2019-01-06 09:38:55.063  INFO 1248 --- [main] com.jit.skiad.SkiadApplication           : No active profile set, falling back to default profiles: default
2019-01-06 09:38:55.099  INFO 1248 --- [main] ationConfigEmbeddedWebApplicationContext : Refreshing org.springframework.boot.context.embedded.AnnotationConfigEmbeddedWebApplicationContext@66d18979: startup date [Sun Jan 06 09:38:55 CST 2019]; root of context hierarchy
2019-01-06 09:38:55.969  INFO 1248 --- [main] o.s.b.f.s.DefaultListableBeanFactory     : Overriding bean definition for bean 'dataSource' with a different definition: replacing [Root bean: class [null]; scope=; abstract=false; lazyInit=false; autowireMode=3; dependencyCheck=0; autowireCandidate=true; primary=false; factoryBeanName=org.springframework.boot.autoconfigure.jdbc.DataSourceConfiguration$Dbcp2; factoryMethodName=dataSource; initMethodName=null; destroyMethodName=(inferred); defined in class path resource [org/springframework/boot/autoconfigure/jdbc/DataSourceConfiguration$Dbcp2.class]] with [Root bean: class [null]; scope=; abstract=false; lazyInit=false; autowireMode=3; dependencyCheck=0; autowireCandidate=true; primary=false; factoryBeanName=org.springframework.boot.autoconfigure.jdbc.DataSourceConfiguration$Tomcat; factoryMethodName=dataSource; initMethodName=null; destroyMethodName=(inferred); defined in class path resource [org/springframework/boot/autoconfigure/jdbc/DataSourceConfiguration$Tomcat.class]]
2019-01-06 09:38:56.000  INFO 1248 --- [main] .s.d.r.c.RepositoryConfigurationDelegate : Multiple Spring Data modules found, entering strict repository configuration mode!
2019-01-06 09:38:56.463  INFO 1248 --- [main] trationDelegate$BeanPostProcessorChecker : Bean 'org.springframework.transaction.annotation.ProxyTransactionManagementConfiguration' of type [org.springframework.transaction.annotation.ProxyTransactionManagementConfiguration$$EnhancerBySpringCGLIB$$9b2ff040] is not eligible for getting processed by all BeanPostProcessors (for example: not eligible for auto-proxying)
2019-01-06 09:38:56.471  INFO 1248 --- [main] trationDelegate$BeanPostProcessorChecker : Bean 'redisConfig' of type [com.jit.skiad.config.RedisConfig$$EnhancerBySpringCGLIB$$c3dac1d6] is not eligible for getting processed by all BeanPostProcessors (for example: not eligible for auto-proxying)
2019-01-06 09:38:56.481  INFO 1248 --- [main] trationDelegate$BeanPostProcessorChecker : Bean 'keyGenerator' of type [com.jit.skiad.config.RedisConfig$1] is not eligible for getting processed by all BeanPostProcessors (for example: not eligible for auto-proxying)
2019-01-06 09:38:56.481  INFO 1248 --- [main] trationDelegate$BeanPostProcessorChecker : Bean 'org.springframework.cache.annotation.ProxyCachingConfiguration' of type [org.springframework.cache.annotation.ProxyCachingConfiguration$$EnhancerBySpringCGLIB$$e442265e] is not eligible for getting processed by all BeanPostProcessors (for example: not eligible for auto-proxying)
2019-01-06 09:38:56.856  INFO 1248 --- [main] s.b.c.e.t.TomcatEmbeddedServletContainer : Tomcat initialized with port(s): 8431 (http)
2019-01-06 09:38:56.865  INFO 1248 --- [main] o.apache.catalina.core.StandardService   : Starting service [Tomcat]
2019-01-06 09:38:56.865  INFO 1248 --- [main] org.apache.catalina.core.StandardEngine  : Starting Servlet Engine: Apache Tomcat/8.5.20
2019-01-06 09:38:56.965  INFO 1248 --- [localhost-startStop-1] o.a.c.c.C.[Tomcat].[localhost].[/]       : Initializing Spring embedded WebApplicationContext
2019-01-06 09:38:56.965  INFO 1248 --- [localhost-startStop-1] o.s.web.context.ContextLoader            : Root WebApplicationContext: initialization completed in 1866 ms
2019-01-06 09:38:57.955  INFO 1248 --- [localhost-startStop-1] o.s.b.w.servlet.FilterRegistrationBean   : Mapping filter: 'corsConfig' to: [/*]
2019-01-06 09:38:57.955  INFO 1248 --- [localhost-startStop-1] o.s.b.w.servlet.FilterRegistrationBean   : Mapping filter: 'characterEncodingFilter' to: [/*]
2019-01-06 09:38:57.956  INFO 1248 --- [localhost-startStop-1] o.s.b.w.servlet.FilterRegistrationBean   : Mapping filter: 'hiddenHttpMethodFilter' to: [/*]
2019-01-06 09:38:57.956  INFO 1248 --- [localhost-startStop-1] o.s.b.w.servlet.FilterRegistrationBean   : Mapping filter: 'httpPutFormContentFilter' to: [/*]
2019-01-06 09:38:57.956  INFO 1248 --- [localhost-startStop-1] o.s.b.w.servlet.FilterRegistrationBean   : Mapping filter: 'requestContextFilter' to: [/*]
2019-01-06 09:38:57.957  INFO 1248 --- [localhost-startStop-1] .s.DelegatingFilterProxyRegistrationBean : Mapping filter: 'springSecurityFilterChain' to: [/*]
2019-01-06 09:38:57.958  INFO 1248 --- [localhost-startStop-1] o.s.b.w.servlet.FilterRegistrationBean   : Mapping filter: 'jwtAuthenticationFilter' to: [/*]
2019-01-06 09:38:57.958  INFO 1248 --- [localhost-startStop-1] o.s.b.w.servlet.ServletRegistrationBean  : Mapping servlet: 'dispatcherServlet' to [/]
2019-01-06 09:38:58.827  INFO 1248 --- [main] s.w.s.m.m.a.RequestMappingHandlerMapping : Mapped "{[/alarm/user/water],methods=[PUT]}" onto public com.jit.skiad.commons.ObjectRestResponse<com.jit.skiad.domain.GatewayDO> com.jit.skiad.controller.AlarmController.updateWaterLevel(java.lang.Integer,java.lang.Float)
2019-01-06 09:38:58.828  INFO 1248 --- [main] s.w.s.m.m.a.RequestMappingHandlerMapping : Mapped "{[/alarm/user/water],methods=[GET]}" onto public com.jit.skiad.commons.ObjectRestResponse<com.jit.skiad.domain.GatewayDO> com.jit.skiad.controller.AlarmController.getWaterLevel(java.lang.Integer)
2019-01-06 09:38:58.828  INFO 1248 --- [main] s.w.s.m.m.a.RequestMappingHandlerMapping : Mapped "{[/alarm/user/number],methods=[GET]}" onto public com.jit.skiad.commons.ObjectRestResponse<java.lang.Integer> com.jit.skiad.controller.AlarmController.getAlarmNumber()
2019-01-06 09:38:58.828  INFO 1248 --- [main] s.w.s.m.m.a.RequestMappingHandlerMapping : Mapped "{[/alarm/user/list],methods=[GET]}" onto public com.jit.skiad.commons.ObjectRestResponse<java.util.List<com.jit.skiad.domain.AlarmDO>> com.jit.skiad.controller.AlarmController.getAlarmList(java.lang.Integer)
2019-01-06 09:38:58.830  INFO 1248 --- [main] s.w.s.m.m.a.RequestMappingHandlerMapping : Mapped "{[/auth/signup],methods=[POST]}" onto public com.jit.skiad.commons.ObjectRestResponse<java.lang.Void> com.jit.skiad.controller.AuthController.register(com.jit.skiad.dto.UserDTO)
2019-01-06 09:38:58.830  INFO 1248 --- [main] s.w.s.m.m.a.RequestMappingHandlerMapping : Mapped "{[/auth/forgetpw],methods=[PUT]}" onto public com.jit.skiad.commons.ObjectRestResponse<java.lang.Void> com.jit.skiad.controller.AuthController.forgetPassWord(java.lang.String,java.lang.String)
2019-01-06 09:38:58.830  INFO 1248 --- [main] s.w.s.m.m.a.RequestMappingHandlerMapping : Mapped "{[/auth/login],methods=[POST]}" onto public com.jit.skiad.commons.ObjectRestResponse<com.jit.skiad.dto.UserDTO> com.jit.skiad.controller.AuthController.createAuthenticationToken(com.jit.skiad.dto.JwtUser)
2019-01-06 09:38:58.831  INFO 1248 --- [main] s.w.s.m.m.a.RequestMappingHandlerMapping : Mapped "{[/gate/user/data],methods=[GET]}" onto com.jit.skiad.commons.ObjectRestResponse<java.util.List<com.jit.skiad.dto.GateDTO>> com.jit.skiad.controller.GateController.getGateData(java.lang.Integer)
2019-01-06 09:38:58.831  INFO 1248 --- [main] s.w.s.m.m.a.RequestMappingHandlerMapping : Mapped "{[/gate/user/update],methods=[PUT]}" onto com.jit.skiad.commons.ObjectRestResponse<com.jit.skiad.dto.GateDTO> com.jit.skiad.controller.GateController.updateGateStatus(com.jit.skiad.dto.ControlDTO)
2019-01-06 09:38:58.832  INFO 1248 --- [main] s.w.s.m.m.a.RequestMappingHandlerMapping : Mapped "{[/pump/user/data],methods=[GET]}" onto com.jit.skiad.commons.ObjectRestResponse<java.util.List<com.jit.skiad.dto.PumpDTO>> com.jit.skiad.controller.PumpController.getPumpData(java.lang.Integer)
2019-01-06 09:38:58.833  INFO 1248 --- [main] s.w.s.m.m.a.RequestMappingHandlerMapping : Mapped "{[/pump/user/status],methods=[PUT]}" onto com.jit.skiad.commons.ObjectRestResponse<com.jit.skiad.dto.PumpDTO> com.jit.skiad.controller.PumpController.updatePumpStatus(com.jit.skiad.dto.ControlDTO)
2019-01-06 09:38:58.838  INFO 1248 --- [main] s.w.s.m.m.a.RequestMappingHandlerMapping : Mapped "{[/user/admin/page],methods=[GET]}" onto com.jit.skiad.commons.ObjectRestResponse<com.github.pagehelper.PageInfo<com.jit.skiad.dto.UserDTO>> com.jit.skiad.controller.UserController.getListByPage(java.lang.Integer,java.lang.Integer)
2019-01-06 09:38:58.839  INFO 1248 --- [main] s.w.s.m.m.a.RequestMappingHandlerMapping : Mapped "{[/user/admin/all],methods=[GET]}" onto com.jit.skiad.commons.ObjectRestResponse<java.util.List<com.jit.skiad.dto.UserDTO>> com.jit.skiad.controller.UserController.getLists()
2019-01-06 09:38:58.839  INFO 1248 --- [main] s.w.s.m.m.a.RequestMappingHandlerMapping : Mapped "{[/user/user/one],methods=[GET]}" onto com.jit.skiad.commons.ObjectRestResponse<com.jit.skiad.dto.UserDTO> com.jit.skiad.controller.UserController.getOneUserbyUser()
2019-01-06 09:38:58.840  INFO 1248 --- [main] s.w.s.m.m.a.RequestMappingHandlerMapping : Mapped "{[/user/user/resetpassword],methods=[PUT]}" onto com.jit.skiad.commons.ObjectRestResponse<com.jit.skiad.dto.UserDTO> com.jit.skiad.controller.UserController.resetPassword(javax.servlet.http.HttpServletRequest,com.jit.skiad.dto.ResetPassword)
2019-01-06 09:38:58.840  INFO 1248 --- [main] s.w.s.m.m.a.RequestMappingHandlerMapping : Mapped "{[/user/user/resetinfo],methods=[PUT]}" onto com.jit.skiad.commons.ObjectRestResponse<com.jit.skiad.dto.UserDTO> com.jit.skiad.controller.UserController.resetUserInfo(com.jit.skiad.domain.UserDO)
2019-01-06 09:38:58.840  INFO 1248 --- [main] s.w.s.m.m.a.RequestMappingHandlerMapping : Mapped "{[/user/admin/ids],methods=[DELETE]}" onto com.jit.skiad.commons.ObjectRestResponse<java.lang.Boolean> com.jit.skiad.controller.UserController.deleteUserInfo(java.lang.String)
2019-01-06 09:38:58.841  INFO 1248 --- [main] s.w.s.m.m.a.RequestMappingHandlerMapping : Mapped "{[/user/admin/{userId}],methods=[DELETE]}" onto com.jit.skiad.commons.ObjectRestResponse<java.lang.Boolean> com.jit.skiad.controller.UserController.deleteUserInfo(java.lang.Integer)
2019-01-06 09:38:58.841  INFO 1248 --- [main] s.w.s.m.m.a.RequestMappingHandlerMapping : Mapped "{[/user/admin/permit],methods=[PUT]}" onto com.jit.skiad.commons.ObjectRestResponse<java.lang.Boolean> com.jit.skiad.controller.UserController.permitUserInfo(java.lang.Integer,java.lang.Integer)
2019-01-06 09:38:58.841  INFO 1248 --- [main] s.w.s.m.m.a.RequestMappingHandlerMapping : Mapped "{[/user/admin/initpassword],methods=[PUT]}" onto com.jit.skiad.commons.ObjectRestResponse<java.lang.Void> com.jit.skiad.controller.UserController.initPassword(java.lang.String)
2019-01-06 09:38:58.841  INFO 1248 --- [main] s.w.s.m.m.a.RequestMappingHandlerMapping : Mapped "{[/user/admin/one],methods=[GET]}" onto com.jit.skiad.commons.ObjectRestResponse<com.jit.skiad.dto.UserDTO> com.jit.skiad.controller.UserController.getOneUserbyAdmin(java.lang.Integer)
2019-01-06 09:38:58.842  INFO 1248 --- [main] s.w.s.m.m.a.RequestMappingHandlerMapping : Mapped "{[/user/user/permission],methods=[GET]}" onto com.jit.skiad.commons.ObjectRestResponse<java.util.List<com.jit.skiad.dto.UserDTO>> com.jit.skiad.controller.UserController.getUserPermissionByGwId(java.lang.Integer)
2019-01-06 09:38:58.844  INFO 1248 --- [main] s.w.s.m.m.a.RequestMappingHandlerMapping : Mapped "{[/user/admin/add],methods=[POST]}" onto com.jit.skiad.commons.ObjectRestResponse<com.jit.skiad.dto.UserDTO> com.jit.skiad.controller.UserController.addUser(com.jit.skiad.dto.UserAddDTO)
2019-01-06 09:38:58.846  INFO 1248 --- [main] s.w.s.m.m.a.RequestMappingHandlerMapping : Mapped "{[/water/user/data],methods=[GET]}" onto com.jit.skiad.commons.ObjectRestResponse<com.jit.skiad.dto.WaterDTO> com.jit.skiad.controller.WaterController.getDataByTime(java.lang.Integer,java.lang.String,java.lang.String)
2019-01-06 09:38:58.846  INFO 1248 --- [main] s.w.s.m.m.a.RequestMappingHandlerMapping : Mapped "{[/water/user/current],methods=[GET]}" onto com.jit.skiad.commons.ObjectRestResponse<com.jit.skiad.dto.WaterDTO> com.jit.skiad.controller.WaterController.getCurrentData(java.lang.Integer)
2019-01-06 09:38:58.849  INFO 1248 --- [main] s.w.s.m.m.a.RequestMappingHandlerMapping : Mapped "{[/swagger-resources/configuration/security]}" onto public org.springframework.http.ResponseEntity<springfox.documentation.swagger.web.SecurityConfiguration> springfox.documentation.swagger.web.ApiResourceController.securityConfiguration()
2019-01-06 09:38:58.850  INFO 1248 --- [main] s.w.s.m.m.a.RequestMappingHandlerMapping : Mapped "{[/swagger-resources]}" onto public org.springframework.http.ResponseEntity<java.util.List<springfox.documentation.swagger.web.SwaggerResource>> springfox.documentation.swagger.web.ApiResourceController.swaggerResources()
2019-01-06 09:38:58.852  INFO 1248 --- [main] s.w.s.m.m.a.RequestMappingHandlerMapping : Mapped "{[/swagger-resources/configuration/ui]}" onto public org.springframework.http.ResponseEntity<springfox.documentation.swagger.web.UiConfiguration> springfox.documentation.swagger.web.ApiResourceController.uiConfiguration()
2019-01-06 09:38:58.857  INFO 1248 --- [main] s.w.s.m.m.a.RequestMappingHandlerMapping : Mapped "{[/error]}" onto public org.springframework.http.ResponseEntity<java.util.Map<java.lang.String, java.lang.Object>> org.springframework.boot.autoconfigure.web.BasicErrorController.error(javax.servlet.http.HttpServletRequest)
2019-01-06 09:38:58.858  INFO 1248 --- [main] s.w.s.m.m.a.RequestMappingHandlerMapping : Mapped "{[/error],produces=[text/html]}" onto public org.springframework.web.servlet.ModelAndView org.springframework.boot.autoconfigure.web.BasicErrorController.errorHtml(javax.servlet.http.HttpServletRequest,javax.servlet.http.HttpServletResponse)
2019-01-06 09:38:59.048  INFO 1248 --- [main] pertySourcedRequestMappingHandlerMapping : Mapped URL path [/v2/api-docs] onto method [public org.springframework.http.ResponseEntity<springfox.documentation.spring.web.json.Json> springfox.documentation.swagger2.web.Swagger2Controller.getDocumentation(java.lang.String,javax.servlet.http.HttpServletRequest)]
2019-01-06 09:38:59.068  INFO 1248 --- [main] o.s.w.s.handler.SimpleUrlHandlerMapping  : Mapped URL path [/webjars/**] onto handler of type [class org.springframework.web.servlet.resource.ResourceHttpRequestHandler]
2019-01-06 09:38:59.068  INFO 1248 --- [main] o.s.w.s.handler.SimpleUrlHandlerMapping  : Mapped URL path [/**] onto handler of type [class org.springframework.web.servlet.resource.ResourceHttpRequestHandler]
2019-01-06 09:38:59.082  INFO 1248 --- [main] o.s.w.s.handler.SimpleUrlHandlerMapping  : Mapped URL path [/**/favicon.ico] onto handler of type [class org.springframework.web.servlet.resource.ResourceHttpRequestHandler]
2019-01-06 09:38:59.094  INFO 1248 --- [main] o.s.s.web.DefaultSecurityFilterChain     : Creating filter chain: Ant [pattern='/**/*.gif'], []
2019-01-06 09:38:59.094  INFO 1248 --- [main] o.s.s.web.DefaultSecurityFilterChain     : Creating filter chain: Ant [pattern='/**/*.png'], []
2019-01-06 09:38:59.094  INFO 1248 --- [main] o.s.s.web.DefaultSecurityFilterChain     : Creating filter chain: Ant [pattern='/**/*.jpg'], []
2019-01-06 09:38:59.094  INFO 1248 --- [main] o.s.s.web.DefaultSecurityFilterChain     : Creating filter chain: Ant [pattern='/**/*.html'], []
2019-01-06 09:38:59.094  INFO 1248 --- [main] o.s.s.web.DefaultSecurityFilterChain     : Creating filter chain: Ant [pattern='/**/*.js'], []
2019-01-06 09:38:59.094  INFO 1248 --- [main] o.s.s.web.DefaultSecurityFilterChain     : Creating filter chain: Ant [pattern='/**/*.css'], []
2019-01-06 09:38:59.094  INFO 1248 --- [main] o.s.s.web.DefaultSecurityFilterChain     : Creating filter chain: Ant [pattern='/**/*.ico'], []
2019-01-06 09:38:59.094  INFO 1248 --- [main] o.s.s.web.DefaultSecurityFilterChain     : Creating filter chain: Ant [pattern='/webjars/**'], []
2019-01-06 09:38:59.094  INFO 1248 --- [main] o.s.s.web.DefaultSecurityFilterChain     : Creating filter chain: Ant [pattern='/swagger-ui.html*/**'], []
2019-01-06 09:38:59.094  INFO 1248 --- [main] o.s.s.web.DefaultSecurityFilterChain     : Creating filter chain: org.springframework.security.web.servlet.util.matcher.MvcRequestMatcher@2a43e0ac, []
2019-01-06 09:38:59.094  INFO 1248 --- [main] o.s.s.web.DefaultSecurityFilterChain     : Creating filter chain: org.springframework.security.web.servlet.util.matcher.MvcRequestMatcher@4aa11206, []
2019-01-06 09:38:59.094  INFO 1248 --- [main] o.s.s.web.DefaultSecurityFilterChain     : Creating filter chain: org.springframework.security.web.servlet.util.matcher.MvcRequestMatcher@40d60f2, []
2019-01-06 09:38:59.094  INFO 1248 --- [main] o.s.s.web.DefaultSecurityFilterChain     : Creating filter chain: org.springframework.security.web.servlet.util.matcher.MvcRequestMatcher@3382cf68, []
2019-01-06 09:38:59.094  INFO 1248 --- [main] o.s.s.web.DefaultSecurityFilterChain     : Creating filter chain: org.springframework.security.web.servlet.util.matcher.MvcRequestMatcher@2f74900b, []
2019-01-06 09:38:59.094  INFO 1248 --- [main] o.s.s.web.DefaultSecurityFilterChain     : Creating filter chain: org.springframework.security.web.servlet.util.matcher.MvcRequestMatcher@6d8796c1, []
2019-01-06 09:38:59.147  INFO 1248 --- [main] o.s.s.web.DefaultSecurityFilterChain     : Creating filter chain: org.springframework.security.web.util.matcher.AnyRequestMatcher@1, [org.springframework.security.web.context.request.async.WebAsyncManagerIntegrationFilter@56e9a474, org.springframework.security.web.context.SecurityContextPersistenceFilter@2fd64b11, org.springframework.security.web.header.HeaderWriterFilter@7cf78c85, org.springframework.security.web.authentication.logout.LogoutFilter@abbe000, com.jit.skiad.jwtsecurity.filter.JwtAuthenticationFilter@45b15381, org.springframework.security.web.savedrequest.RequestCacheAwareFilter@43d3aba5, org.springframework.security.web.servletapi.SecurityContextHolderAwareRequestFilter@303c55fa, org.springframework.security.web.authentication.AnonymousAuthenticationFilter@2dbfcf7, org.springframework.security.web.session.SessionManagementFilter@5befbac1, org.springframework.security.web.access.ExceptionTranslationFilter@3a90c13c, org.springframework.security.web.access.intercept.FilterSecurityInterceptor@939ff41]
2019-01-06 09:38:59.332  INFO 1248 --- [main] s.w.s.m.m.a.RequestMappingHandlerAdapter : Looking for @ControllerAdvice: org.springframework.boot.context.embedded.AnnotationConfigEmbeddedWebApplicationContext@66d18979: startup date [Sun Jan 06 09:38:55 CST 2019]; root of context hierarchy
2019-01-06 09:38:59.365  INFO 1248 --- [main] .m.m.a.ExceptionHandlerExceptionResolver : Detected @ExceptionHandler methods in customExceptionHandler
2019-01-06 09:38:59.593  INFO 1248 --- [main] o.s.ui.freemarker.SpringTemplateLoader   : SpringTemplateLoader for FreeMarker: using resource loader [org.springframework.boot.context.embedded.AnnotationConfigEmbeddedWebApplicationContext@66d18979: startup date [Sun Jan 06 09:38:55 CST 2019]; root of context hierarchy] and template loader path [classpath:/templates/]
2019-01-06 09:38:59.593  INFO 1248 --- [main] o.s.w.s.v.f.FreeMarkerConfigurer         : ClassTemplateLoader for Spring macros added to FreeMarker configuration
2019-01-06 09:38:59.749  INFO 1248 --- [main] o.s.j.e.a.AnnotationMBeanExporter        : Registering beans for JMX exposure on startup
2019-01-06 09:38:59.756  INFO 1248 --- [main] o.s.c.support.DefaultLifecycleProcessor  : Starting beans in phase 2147483647
2019-01-06 09:38:59.757  INFO 1248 --- [main] d.s.w.p.DocumentationPluginsBootstrapper : Context refreshed
2019-01-06 09:38:59.770  INFO 1248 --- [main] d.s.w.p.DocumentationPluginsBootstrapper : Found 1 custom documentation plugin(s)
2019-01-06 09:38:59.795  INFO 1248 --- [main] s.d.s.w.s.ApiListingReferenceScanner     : Scanning for api listing references
2019-01-06 09:38:59.956  INFO 1248 --- [main] .d.s.w.r.o.CachingOperationNameGenerator : Generating unique operation named: deleteUserInfoUsingDELETE_1
2019-01-06 09:39:00.037  INFO 1248 --- [main] s.b.c.e.t.TomcatEmbeddedServletContainer : Tomcat started on port(s): 8431 (http)
2019-01-06 09:39:00.042  INFO 1248 --- [main] com.jit.skiad.SkiadApplication           : Started SkiadApplication in 5.57 seconds (JVM running for 6.378)
2019-01-06 09:39:00.042  INFO 1248 --- [main] com.jit.skiad.SkiadApplication           : skiad application is running.........
2019-01-06 09:39:45.603  INFO 1248 --- [http-nio-8431-exec-1] o.a.c.c.C.[Tomcat].[localhost].[/]       : Initializing Spring FrameworkServlet 'dispatcherServlet'
2019-01-06 09:39:45.603  INFO 1248 --- [http-nio-8431-exec-1] o.s.web.servlet.DispatcherServlet        : FrameworkServlet 'dispatcherServlet': initialization started
2019-01-06 09:39:45.633  INFO 1248 --- [http-nio-8431-exec-1] o.s.web.servlet.DispatcherServlet        : FrameworkServlet 'dispatcherServlet': initialization completed in 30 ms
