2018-12-03 16:48:34.352  INFO 50364 --- [main] com.jit.skiad.SkiadApplication           : Starting SkiadApplication on DESKTOP-E87SLA0 with PID 50364 (D:\workspaces\workspace_irrigation\skiad\target\classes started by nsizm in D:\workspaces\workspace_irrigation\skiad)
2018-12-03 16:48:34.367  INFO 50364 --- [main] com.jit.skiad.SkiadApplication           : No active profile set, falling back to default profiles: default
2018-12-03 16:48:34.522  INFO 50364 --- [main] ationConfigEmbeddedWebApplicationContext : Refreshing org.springframework.boot.context.embedded.AnnotationConfigEmbeddedWebApplicationContext@37ceb1df: startup date [Mon Dec 03 16:48:34 CST 2018]; root of context hierarchy
2018-12-03 16:48:37.156  INFO 50364 --- [main] o.s.b.f.s.DefaultListableBeanFactory     : Overriding bean definition for bean 'dataSource' with a different definition: replacing [Root bean: class [null]; scope=; abstract=false; lazyInit=false; autowireMode=3; dependencyCheck=0; autowireCandidate=true; primary=false; factoryBeanName=org.springframework.boot.autoconfigure.jdbc.DataSourceConfiguration$Dbcp2; factoryMethodName=dataSource; initMethodName=null; destroyMethodName=(inferred); defined in class path resource [org/springframework/boot/autoconfigure/jdbc/DataSourceConfiguration$Dbcp2.class]] with [Root bean: class [null]; scope=; abstract=false; lazyInit=false; autowireMode=3; dependencyCheck=0; autowireCandidate=true; primary=false; factoryBeanName=org.springframework.boot.autoconfigure.jdbc.DataSourceConfiguration$Tomcat; factoryMethodName=dataSource; initMethodName=null; destroyMethodName=(inferred); defined in class path resource [org/springframework/boot/autoconfigure/jdbc/DataSourceConfiguration$Tomcat.class]]
2018-12-03 16:48:37.338  INFO 50364 --- [main] .s.d.r.c.RepositoryConfigurationDelegate : Multiple Spring Data modules found, entering strict repository configuration mode!
2018-12-03 16:48:38.040  INFO 50364 --- [main] trationDelegate$BeanPostProcessorChecker : Bean 'org.springframework.transaction.annotation.ProxyTransactionManagementConfiguration' of type [org.springframework.transaction.annotation.ProxyTransactionManagementConfiguration$$EnhancerBySpringCGLIB$$6fd8ccf1] is not eligible for getting processed by all BeanPostProcessors (for example: not eligible for auto-proxying)
2018-12-03 16:48:38.051  INFO 50364 --- [main] trationDelegate$BeanPostProcessorChecker : Bean 'redisConfig' of type [com.jit.skiad.config.RedisConfig$$EnhancerBySpringCGLIB$$98839e87] is not eligible for getting processed by all BeanPostProcessors (for example: not eligible for auto-proxying)
2018-12-03 16:48:38.063  INFO 50364 --- [main] trationDelegate$BeanPostProcessorChecker : Bean 'keyGenerator' of type [com.jit.skiad.config.RedisConfig$1] is not eligible for getting processed by all BeanPostProcessors (for example: not eligible for auto-proxying)
2018-12-03 16:48:38.063  INFO 50364 --- [main] trationDelegate$BeanPostProcessorChecker : Bean 'org.springframework.cache.annotation.ProxyCachingConfiguration' of type [org.springframework.cache.annotation.ProxyCachingConfiguration$$EnhancerBySpringCGLIB$$b8eb030f] is not eligible for getting processed by all BeanPostProcessors (for example: not eligible for auto-proxying)
2018-12-03 16:48:38.888  INFO 50364 --- [main] s.b.c.e.t.TomcatEmbeddedServletContainer : Tomcat initialized with port(s): 8080 (http)
2018-12-03 16:48:38.902  INFO 50364 --- [main] o.apache.catalina.core.StandardService   : Starting service [Tomcat]
2018-12-03 16:48:38.904  INFO 50364 --- [main] org.apache.catalina.core.StandardEngine  : Starting Servlet Engine: Apache Tomcat/8.5.20
2018-12-03 16:48:39.078  INFO 50364 --- [localhost-startStop-1] o.a.c.c.C.[Tomcat].[localhost].[/]       : Initializing Spring embedded WebApplicationContext
2018-12-03 16:48:39.078  INFO 50364 --- [localhost-startStop-1] o.s.web.context.ContextLoader            : Root WebApplicationContext: initialization completed in 4556 ms
2018-12-03 16:48:40.880  INFO 50364 --- [localhost-startStop-1] o.s.b.w.servlet.FilterRegistrationBean   : Mapping filter: 'characterEncodingFilter' to: [/*]
2018-12-03 16:48:40.881  INFO 50364 --- [localhost-startStop-1] o.s.b.w.servlet.FilterRegistrationBean   : Mapping filter: 'hiddenHttpMethodFilter' to: [/*]
2018-12-03 16:48:40.882  INFO 50364 --- [localhost-startStop-1] o.s.b.w.servlet.FilterRegistrationBean   : Mapping filter: 'httpPutFormContentFilter' to: [/*]
2018-12-03 16:48:40.882  INFO 50364 --- [localhost-startStop-1] o.s.b.w.servlet.FilterRegistrationBean   : Mapping filter: 'requestContextFilter' to: [/*]
2018-12-03 16:48:40.884  INFO 50364 --- [localhost-startStop-1] .s.DelegatingFilterProxyRegistrationBean : Mapping filter: 'springSecurityFilterChain' to: [/*]
2018-12-03 16:48:40.885  INFO 50364 --- [localhost-startStop-1] o.s.b.w.servlet.FilterRegistrationBean   : Mapping filter: 'jwtAuthenticationFilter' to: [/*]
2018-12-03 16:48:40.885  INFO 50364 --- [localhost-startStop-1] o.s.b.w.servlet.ServletRegistrationBean  : Mapping servlet: 'dispatcherServlet' to [/]
2018-12-03 16:48:42.059  INFO 50364 --- [main] s.w.s.m.m.a.RequestMappingHandlerMapping : Mapped "{[/auth/signup],methods=[POST]}" onto public com.jit.skiad.commons.ObjectRestResponse<java.lang.Void> com.jit.skiad.controller.AuthController.register(com.jit.skiad.dto.UserDTO)
2018-12-03 16:48:42.060  INFO 50364 --- [main] s.w.s.m.m.a.RequestMappingHandlerMapping : Mapped "{[/auth/login],methods=[POST]}" onto public com.jit.skiad.commons.ObjectRestResponse<com.jit.skiad.dto.UserDTO> com.jit.skiad.controller.AuthController.createAuthenticationToken(com.jit.skiad.dto.JwtUser)
2018-12-03 16:48:42.062  INFO 50364 --- [main] s.w.s.m.m.a.RequestMappingHandlerMapping : Mapped "{[/user/admin],methods=[GET]}" onto com.jit.skiad.commons.ObjectRestResponse<com.github.pagehelper.PageInfo<com.jit.skiad.dto.UserDTO>> com.jit.skiad.controller.UserController.getLists(java.lang.Integer,java.lang.Integer)
2018-12-03 16:48:42.063  INFO 50364 --- [main] s.w.s.m.m.a.RequestMappingHandlerMapping : Mapped "{[/user/user/resetpassword],methods=[PUT]}" onto com.jit.skiad.commons.ObjectRestResponse<com.jit.skiad.dto.UserDTO> com.jit.skiad.controller.UserController.resetPassword(javax.servlet.http.HttpServletRequest,com.jit.skiad.dto.ResetPassword)
2018-12-03 16:48:42.063  INFO 50364 --- [main] s.w.s.m.m.a.RequestMappingHandlerMapping : Mapped "{[/user/user/resetinfo],methods=[PUT]}" onto com.jit.skiad.commons.ObjectRestResponse<com.jit.skiad.dto.UserDTO> com.jit.skiad.controller.UserController.resetUserInfo(javax.servlet.http.HttpServletRequest,com.jit.skiad.dto.UserDTO)
2018-12-03 16:48:42.068  INFO 50364 --- [main] s.w.s.m.m.a.RequestMappingHandlerMapping : Mapped "{[/swagger-resources/configuration/security]}" onto public org.springframework.http.ResponseEntity<springfox.documentation.swagger.web.SecurityConfiguration> springfox.documentation.swagger.web.ApiResourceController.securityConfiguration()
2018-12-03 16:48:42.070  INFO 50364 --- [main] s.w.s.m.m.a.RequestMappingHandlerMapping : Mapped "{[/swagger-resources/configuration/ui]}" onto public org.springframework.http.ResponseEntity<springfox.documentation.swagger.web.UiConfiguration> springfox.documentation.swagger.web.ApiResourceController.uiConfiguration()
2018-12-03 16:48:42.071  INFO 50364 --- [main] s.w.s.m.m.a.RequestMappingHandlerMapping : Mapped "{[/swagger-resources]}" onto public org.springframework.http.ResponseEntity<java.util.List<springfox.documentation.swagger.web.SwaggerResource>> springfox.documentation.swagger.web.ApiResourceController.swaggerResources()
2018-12-03 16:48:42.074  INFO 50364 --- [main] s.w.s.m.m.a.RequestMappingHandlerMapping : Mapped "{[/error]}" onto public org.springframework.http.ResponseEntity<java.util.Map<java.lang.String, java.lang.Object>> org.springframework.boot.autoconfigure.web.BasicErrorController.error(javax.servlet.http.HttpServletRequest)
2018-12-03 16:48:42.075  INFO 50364 --- [main] s.w.s.m.m.a.RequestMappingHandlerMapping : Mapped "{[/error],produces=[text/html]}" onto public org.springframework.web.servlet.ModelAndView org.springframework.boot.autoconfigure.web.BasicErrorController.errorHtml(javax.servlet.http.HttpServletRequest,javax.servlet.http.HttpServletResponse)
2018-12-03 16:48:42.297  INFO 50364 --- [main] pertySourcedRequestMappingHandlerMapping : Mapped URL path [/v2/api-docs] onto method [public org.springframework.http.ResponseEntity<springfox.documentation.spring.web.json.Json> springfox.documentation.swagger2.web.Swagger2Controller.getDocumentation(java.lang.String,javax.servlet.http.HttpServletRequest)]
2018-12-03 16:48:42.604  INFO 50364 --- [main] o.s.s.web.DefaultSecurityFilterChain     : Creating filter chain: org.springframework.security.web.util.matcher.AnyRequestMatcher@1, [org.springframework.security.web.context.request.async.WebAsyncManagerIntegrationFilter@1192b58e, org.springframework.security.web.context.SecurityContextPersistenceFilter@30839e44, org.springframework.security.web.header.HeaderWriterFilter@493ac8d3, org.springframework.security.web.authentication.logout.LogoutFilter@34585ac9, com.jit.skiad.jwtsecurity.filter.JwtAuthenticationFilter@4f8d86e4, org.springframework.security.web.savedrequest.RequestCacheAwareFilter@1945113f, org.springframework.security.web.servletapi.SecurityContextHolderAwareRequestFilter@7978e022, org.springframework.security.web.authentication.AnonymousAuthenticationFilter@5f631ca0, org.springframework.security.web.session.SessionManagementFilter@3c8a7e38, org.springframework.security.web.access.ExceptionTranslationFilter@41da3aee, org.springframework.security.web.access.intercept.FilterSecurityInterceptor@3b1dc579]
2018-12-03 16:48:43.014  INFO 50364 --- [main] s.w.s.m.m.a.RequestMappingHandlerAdapter : Looking for @ControllerAdvice: org.springframework.boot.context.embedded.AnnotationConfigEmbeddedWebApplicationContext@37ceb1df: startup date [Mon Dec 03 16:48:34 CST 2018]; root of context hierarchy
2018-12-03 16:48:43.106  INFO 50364 --- [main] o.s.w.s.handler.SimpleUrlHandlerMapping  : Mapped URL path [/webjars/**] onto handler of type [class org.springframework.web.servlet.resource.ResourceHttpRequestHandler]
2018-12-03 16:48:43.106  INFO 50364 --- [main] o.s.w.s.handler.SimpleUrlHandlerMapping  : Mapped URL path [/**] onto handler of type [class org.springframework.web.servlet.resource.ResourceHttpRequestHandler]
2018-12-03 16:48:43.121  INFO 50364 --- [main] .m.m.a.ExceptionHandlerExceptionResolver : Detected @ExceptionHandler methods in customExceptionHandler
2018-12-03 16:48:43.140  INFO 50364 --- [main] o.s.w.s.handler.SimpleUrlHandlerMapping  : Mapped URL path [/**/favicon.ico] onto handler of type [class org.springframework.web.servlet.resource.ResourceHttpRequestHandler]
2018-12-03 16:48:43.571  INFO 50364 --- [main] o.s.ui.freemarker.SpringTemplateLoader   : SpringTemplateLoader for FreeMarker: using resource loader [org.springframework.boot.context.embedded.AnnotationConfigEmbeddedWebApplicationContext@37ceb1df: startup date [Mon Dec 03 16:48:34 CST 2018]; root of context hierarchy] and template loader path [classpath:/templates/]
2018-12-03 16:48:43.572  INFO 50364 --- [main] o.s.w.s.v.f.FreeMarkerConfigurer         : ClassTemplateLoader for Spring macros added to FreeMarker configuration
2018-12-03 16:48:43.802  INFO 50364 --- [main] o.s.j.e.a.AnnotationMBeanExporter        : Registering beans for JMX exposure on startup
2018-12-03 16:48:43.916  INFO 50364 --- [main] o.s.c.support.DefaultLifecycleProcessor  : Starting beans in phase 2147483647
2018-12-03 16:48:43.917  INFO 50364 --- [main] d.s.w.p.DocumentationPluginsBootstrapper : Context refreshed
2018-12-03 16:48:44.103  INFO 50364 --- [main] d.s.w.p.DocumentationPluginsBootstrapper : Found 1 custom documentation plugin(s)
2018-12-03 16:48:44.572  INFO 50364 --- [main] s.d.s.w.s.ApiListingReferenceScanner     : Scanning for api listing references
2018-12-03 16:48:45.838  INFO 50364 --- [main] s.b.c.e.t.TomcatEmbeddedServletContainer : Tomcat started on port(s): 8080 (http)
2018-12-03 16:48:45.877  INFO 50364 --- [main] com.jit.skiad.SkiadApplication           : Started SkiadApplication in 12.703 seconds (JVM running for 14.815)
2018-12-03 16:48:45.877  INFO 50364 --- [main] com.jit.skiad.SkiadApplication           : skiad application is running.........
2018-12-03 16:52:30.217  INFO 50364 --- [http-nio-8080-exec-1] o.a.c.c.C.[Tomcat].[localhost].[/]       : Initializing Spring FrameworkServlet 'dispatcherServlet'
2018-12-03 16:52:30.217  INFO 50364 --- [http-nio-8080-exec-1] o.s.web.servlet.DispatcherServlet        : FrameworkServlet 'dispatcherServlet': initialization started
2018-12-03 16:52:30.257  INFO 50364 --- [http-nio-8080-exec-1] o.s.web.servlet.DispatcherServlet        : FrameworkServlet 'dispatcherServlet': initialization completed in 39 ms
