2018-11-28 09:03:38.980  INFO 273312 --- [main] com.jit.skiad.SkiadApplication           : Starting SkiadApplication on DESKTOP-E87SLA0 with PID 273312 (D:\workspaces\workspace_irrigation\skiad\target\classes started by nsizm in D:\workspaces\workspace_irrigation\skiad)
2018-11-28 09:03:38.991  INFO 273312 --- [main] com.jit.skiad.SkiadApplication           : No active profile set, falling back to default profiles: default
2018-11-28 09:03:39.103  INFO 273312 --- [main] ationConfigEmbeddedWebApplicationContext : Refreshing org.springframework.boot.context.embedded.AnnotationConfigEmbeddedWebApplicationContext@316bcf94: startup date [Wed Nov 28 09:03:39 CST 2018]; root of context hierarchy
2018-11-28 09:03:40.902  INFO 273312 --- [main] o.s.b.f.s.DefaultListableBeanFactory     : Overriding bean definition for bean 'dataSource' with a different definition: replacing [Root bean: class [null]; scope=; abstract=false; lazyInit=false; autowireMode=3; dependencyCheck=0; autowireCandidate=true; primary=false; factoryBeanName=org.springframework.boot.autoconfigure.jdbc.DataSourceConfiguration$Dbcp2; factoryMethodName=dataSource; initMethodName=null; destroyMethodName=(inferred); defined in class path resource [org/springframework/boot/autoconfigure/jdbc/DataSourceConfiguration$Dbcp2.class]] with [Root bean: class [null]; scope=; abstract=false; lazyInit=false; autowireMode=3; dependencyCheck=0; autowireCandidate=true; primary=false; factoryBeanName=org.springframework.boot.autoconfigure.jdbc.DataSourceConfiguration$Tomcat; factoryMethodName=dataSource; initMethodName=null; destroyMethodName=(inferred); defined in class path resource [org/springframework/boot/autoconfigure/jdbc/DataSourceConfiguration$Tomcat.class]]
2018-11-28 09:03:41.069  INFO 273312 --- [main] .s.d.r.c.RepositoryConfigurationDelegate : Multiple Spring Data modules found, entering strict repository configuration mode!
2018-11-28 09:03:41.685  INFO 273312 --- [main] trationDelegate$BeanPostProcessorChecker : Bean 'org.springframework.transaction.annotation.ProxyTransactionManagementConfiguration' of type [org.springframework.transaction.annotation.ProxyTransactionManagementConfiguration$$EnhancerBySpringCGLIB$$f63d45e4] is not eligible for getting processed by all BeanPostProcessors (for example: not eligible for auto-proxying)
2018-11-28 09:03:42.241  INFO 273312 --- [main] s.b.c.e.t.TomcatEmbeddedServletContainer : Tomcat initialized with port(s): 8080 (http)
2018-11-28 09:03:42.252  INFO 273312 --- [main] o.apache.catalina.core.StandardService   : Starting service [Tomcat]
2018-11-28 09:03:42.260  INFO 273312 --- [main] org.apache.catalina.core.StandardEngine  : Starting Servlet Engine: Apache Tomcat/8.5.20
2018-11-28 09:03:42.465  INFO 273312 --- [localhost-startStop-1] o.a.c.c.C.[Tomcat].[localhost].[/]       : Initializing Spring embedded WebApplicationContext
2018-11-28 09:03:42.466  INFO 273312 --- [localhost-startStop-1] o.s.web.context.ContextLoader            : Root WebApplicationContext: initialization completed in 3363 ms
2018-11-28 09:03:43.757  INFO 273312 --- [localhost-startStop-1] o.s.b.w.servlet.FilterRegistrationBean   : Mapping filter: 'characterEncodingFilter' to: [/*]
2018-11-28 09:03:43.758  INFO 273312 --- [localhost-startStop-1] o.s.b.w.servlet.FilterRegistrationBean   : Mapping filter: 'hiddenHttpMethodFilter' to: [/*]
2018-11-28 09:03:43.759  INFO 273312 --- [localhost-startStop-1] o.s.b.w.servlet.FilterRegistrationBean   : Mapping filter: 'httpPutFormContentFilter' to: [/*]
2018-11-28 09:03:43.759  INFO 273312 --- [localhost-startStop-1] o.s.b.w.servlet.FilterRegistrationBean   : Mapping filter: 'requestContextFilter' to: [/*]
2018-11-28 09:03:43.760  INFO 273312 --- [localhost-startStop-1] .s.DelegatingFilterProxyRegistrationBean : Mapping filter: 'springSecurityFilterChain' to: [/*]
2018-11-28 09:03:43.760  INFO 273312 --- [localhost-startStop-1] o.s.b.w.servlet.FilterRegistrationBean   : Mapping filter: 'jwtAuthenticationFilter' to: [/*]
2018-11-28 09:03:43.760  INFO 273312 --- [localhost-startStop-1] o.s.b.w.servlet.ServletRegistrationBean  : Mapping servlet: 'dispatcherServlet' to [/]
2018-11-28 09:03:44.540  INFO 273312 --- [main] s.w.s.m.m.a.RequestMappingHandlerMapping : Mapped "{[/auth/signup],methods=[POST]}" onto public com.jit.skiad.commons.ObjectRestResponse<java.lang.Void> com.jit.skiad.controller.AuthController.register(com.jit.skiad.dto.UserDTO)
2018-11-28 09:03:44.541  INFO 273312 --- [main] s.w.s.m.m.a.RequestMappingHandlerMapping : Mapped "{[/auth/login],methods=[POST]}" onto public com.jit.skiad.commons.ObjectRestResponse<com.jit.skiad.dto.UserDTO> com.jit.skiad.controller.AuthController.createAuthenticationToken(com.jit.skiad.dto.JwtUser)
2018-11-28 09:03:44.544  INFO 273312 --- [main] s.w.s.m.m.a.RequestMappingHandlerMapping : Mapped "{[/user/user/resetinfo],methods=[PUT]}" onto com.jit.skiad.commons.ObjectRestResponse<com.jit.skiad.dto.UserDTO> com.jit.skiad.controller.UserController.resetUserInfo(javax.servlet.http.HttpServletRequest,com.jit.skiad.dto.UserDTO)
2018-11-28 09:03:44.544  INFO 273312 --- [main] s.w.s.m.m.a.RequestMappingHandlerMapping : Mapped "{[/user/admin],methods=[GET]}" onto com.jit.skiad.commons.ObjectRestResponse<com.github.pagehelper.PageInfo<com.jit.skiad.dto.UserDTO>> com.jit.skiad.controller.UserController.getLists(java.lang.Integer,java.lang.Integer)
2018-11-28 09:03:44.544  INFO 273312 --- [main] s.w.s.m.m.a.RequestMappingHandlerMapping : Mapped "{[/user/user/resetpassword],methods=[PUT]}" onto com.jit.skiad.commons.ObjectRestResponse<com.jit.skiad.dto.UserDTO> com.jit.skiad.controller.UserController.resetPassword(javax.servlet.http.HttpServletRequest,java.lang.String)
2018-11-28 09:03:44.549  INFO 273312 --- [main] s.w.s.m.m.a.RequestMappingHandlerMapping : Mapped "{[/swagger-resources/configuration/ui]}" onto public org.springframework.http.ResponseEntity<springfox.documentation.swagger.web.UiConfiguration> springfox.documentation.swagger.web.ApiResourceController.uiConfiguration()
2018-11-28 09:03:44.549  INFO 273312 --- [main] s.w.s.m.m.a.RequestMappingHandlerMapping : Mapped "{[/swagger-resources]}" onto public org.springframework.http.ResponseEntity<java.util.List<springfox.documentation.swagger.web.SwaggerResource>> springfox.documentation.swagger.web.ApiResourceController.swaggerResources()
2018-11-28 09:03:44.550  INFO 273312 --- [main] s.w.s.m.m.a.RequestMappingHandlerMapping : Mapped "{[/swagger-resources/configuration/security]}" onto public org.springframework.http.ResponseEntity<springfox.documentation.swagger.web.SecurityConfiguration> springfox.documentation.swagger.web.ApiResourceController.securityConfiguration()
2018-11-28 09:03:44.553  INFO 273312 --- [main] s.w.s.m.m.a.RequestMappingHandlerMapping : Mapped "{[/error]}" onto public org.springframework.http.ResponseEntity<java.util.Map<java.lang.String, java.lang.Object>> org.springframework.boot.autoconfigure.web.BasicErrorController.error(javax.servlet.http.HttpServletRequest)
2018-11-28 09:03:44.553  INFO 273312 --- [main] s.w.s.m.m.a.RequestMappingHandlerMapping : Mapped "{[/error],produces=[text/html]}" onto public org.springframework.web.servlet.ModelAndView org.springframework.boot.autoconfigure.web.BasicErrorController.errorHtml(javax.servlet.http.HttpServletRequest,javax.servlet.http.HttpServletResponse)
2018-11-28 09:03:44.680  INFO 273312 --- [main] pertySourcedRequestMappingHandlerMapping : Mapped URL path [/v2/api-docs] onto method [public org.springframework.http.ResponseEntity<springfox.documentation.spring.web.json.Json> springfox.documentation.swagger2.web.Swagger2Controller.getDocumentation(java.lang.String,javax.servlet.http.HttpServletRequest)]
2018-11-28 09:03:44.884  INFO 273312 --- [main] o.s.s.web.DefaultSecurityFilterChain     : Creating filter chain: org.springframework.security.web.util.matcher.AnyRequestMatcher@1, [org.springframework.security.web.context.request.async.WebAsyncManagerIntegrationFilter@3664f108, org.springframework.security.web.context.SecurityContextPersistenceFilter@e38f0b7, org.springframework.security.web.header.HeaderWriterFilter@dd2856e, org.springframework.security.web.authentication.logout.LogoutFilter@58d6e55a, com.jit.skiad.jwtsecurity.filter.JwtAuthenticationFilter@77dba4cd, org.springframework.security.web.savedrequest.RequestCacheAwareFilter@4f8d86e4, org.springframework.security.web.servletapi.SecurityContextHolderAwareRequestFilter@6e3eb0cd, org.springframework.security.web.authentication.AnonymousAuthenticationFilter@34a2d6e0, org.springframework.security.web.session.SessionManagementFilter@777d191f, org.springframework.security.web.access.ExceptionTranslationFilter@b0a1231, org.springframework.security.web.access.intercept.FilterSecurityInterceptor@31120021]
2018-11-28 09:03:45.186  INFO 273312 --- [main] s.w.s.m.m.a.RequestMappingHandlerAdapter : Looking for @ControllerAdvice: org.springframework.boot.context.embedded.AnnotationConfigEmbeddedWebApplicationContext@316bcf94: startup date [Wed Nov 28 09:03:39 CST 2018]; root of context hierarchy
2018-11-28 09:03:45.256  INFO 273312 --- [main] o.s.w.s.handler.SimpleUrlHandlerMapping  : Mapped URL path [/webjars/**] onto handler of type [class org.springframework.web.servlet.resource.ResourceHttpRequestHandler]
2018-11-28 09:03:45.256  INFO 273312 --- [main] o.s.w.s.handler.SimpleUrlHandlerMapping  : Mapped URL path [/**] onto handler of type [class org.springframework.web.servlet.resource.ResourceHttpRequestHandler]
2018-11-28 09:03:45.274  INFO 273312 --- [main] .m.m.a.ExceptionHandlerExceptionResolver : Detected @ExceptionHandler methods in customExceptionHandler
2018-11-28 09:03:45.297  INFO 273312 --- [main] o.s.w.s.handler.SimpleUrlHandlerMapping  : Mapped URL path [/**/favicon.ico] onto handler of type [class org.springframework.web.servlet.resource.ResourceHttpRequestHandler]
2018-11-28 09:03:45.799  INFO 273312 --- [main] o.s.ui.freemarker.SpringTemplateLoader   : SpringTemplateLoader for FreeMarker: using resource loader [org.springframework.boot.context.embedded.AnnotationConfigEmbeddedWebApplicationContext@316bcf94: startup date [Wed Nov 28 09:03:39 CST 2018]; root of context hierarchy] and template loader path [classpath:/templates/]
2018-11-28 09:03:45.799  INFO 273312 --- [main] o.s.w.s.v.f.FreeMarkerConfigurer         : ClassTemplateLoader for Spring macros added to FreeMarker configuration
2018-11-28 09:03:45.972  INFO 273312 --- [main] o.s.j.e.a.AnnotationMBeanExporter        : Registering beans for JMX exposure on startup
2018-11-28 09:03:45.997  INFO 273312 --- [main] o.s.c.support.DefaultLifecycleProcessor  : Starting beans in phase 2147483647
2018-11-28 09:03:45.997  INFO 273312 --- [main] d.s.w.p.DocumentationPluginsBootstrapper : Context refreshed
2018-11-28 09:03:46.035  INFO 273312 --- [main] d.s.w.p.DocumentationPluginsBootstrapper : Found 1 custom documentation plugin(s)
2018-11-28 09:03:46.074  INFO 273312 --- [main] s.d.s.w.s.ApiListingReferenceScanner     : Scanning for api listing references
2018-11-28 09:03:46.363  INFO 273312 --- [main] s.b.c.e.t.TomcatEmbeddedServletContainer : Tomcat started on port(s): 8080 (http)
2018-11-28 09:03:46.375  INFO 273312 --- [main] com.jit.skiad.SkiadApplication           : Started SkiadApplication in 8.497 seconds (JVM running for 11.495)
2018-11-28 09:03:46.376  INFO 273312 --- [main] com.jit.skiad.SkiadApplication           : skiad application is running.........
2018-11-28 09:04:27.883  INFO 273312 --- [http-nio-8080-exec-2] o.a.c.c.C.[Tomcat].[localhost].[/]       : Initializing Spring FrameworkServlet 'dispatcherServlet'
2018-11-28 09:04:27.883  INFO 273312 --- [http-nio-8080-exec-2] o.s.web.servlet.DispatcherServlet        : FrameworkServlet 'dispatcherServlet': initialization started
2018-11-28 09:04:27.912  INFO 273312 --- [http-nio-8080-exec-2] o.s.web.servlet.DispatcherServlet        : FrameworkServlet 'dispatcherServlet': initialization completed in 29 ms
2018-11-28 09:07:03.235  INFO 274880 --- [main] com.jit.skiad.SkiadApplication           : Starting SkiadApplication on DESKTOP-E87SLA0 with PID 274880 (D:\workspaces\workspace_irrigation\skiad\target\classes started by nsizm in D:\workspaces\workspace_irrigation\skiad)
2018-11-28 09:07:03.310  INFO 274880 --- [main] com.jit.skiad.SkiadApplication           : No active profile set, falling back to default profiles: default
2018-11-28 09:07:03.440  INFO 274880 --- [main] ationConfigEmbeddedWebApplicationContext : Refreshing org.springframework.boot.context.embedded.AnnotationConfigEmbeddedWebApplicationContext@316bcf94: startup date [Wed Nov 28 09:07:03 CST 2018]; root of context hierarchy
2018-11-28 09:07:04.507  INFO 274880 --- [main] o.s.b.f.s.DefaultListableBeanFactory     : Overriding bean definition for bean 'dataSource' with a different definition: replacing [Root bean: class [null]; scope=; abstract=false; lazyInit=false; autowireMode=3; dependencyCheck=0; autowireCandidate=true; primary=false; factoryBeanName=org.springframework.boot.autoconfigure.jdbc.DataSourceConfiguration$Dbcp2; factoryMethodName=dataSource; initMethodName=null; destroyMethodName=(inferred); defined in class path resource [org/springframework/boot/autoconfigure/jdbc/DataSourceConfiguration$Dbcp2.class]] with [Root bean: class [null]; scope=; abstract=false; lazyInit=false; autowireMode=3; dependencyCheck=0; autowireCandidate=true; primary=false; factoryBeanName=org.springframework.boot.autoconfigure.jdbc.DataSourceConfiguration$Tomcat; factoryMethodName=dataSource; initMethodName=null; destroyMethodName=(inferred); defined in class path resource [org/springframework/boot/autoconfigure/jdbc/DataSourceConfiguration$Tomcat.class]]
2018-11-28 09:07:04.562  INFO 274880 --- [main] .s.d.r.c.RepositoryConfigurationDelegate : Multiple Spring Data modules found, entering strict repository configuration mode!
2018-11-28 09:07:04.953  INFO 274880 --- [main] trationDelegate$BeanPostProcessorChecker : Bean 'org.springframework.transaction.annotation.ProxyTransactionManagementConfiguration' of type [org.springframework.transaction.annotation.ProxyTransactionManagementConfiguration$$EnhancerBySpringCGLIB$$a82df495] is not eligible for getting processed by all BeanPostProcessors (for example: not eligible for auto-proxying)
2018-11-28 09:07:05.291  INFO 274880 --- [main] s.b.c.e.t.TomcatEmbeddedServletContainer : Tomcat initialized with port(s): 8080 (http)
2018-11-28 09:07:05.300  INFO 274880 --- [main] o.apache.catalina.core.StandardService   : Starting service [Tomcat]
2018-11-28 09:07:05.300  INFO 274880 --- [main] org.apache.catalina.core.StandardEngine  : Starting Servlet Engine: Apache Tomcat/8.5.20
2018-11-28 09:07:05.441  INFO 274880 --- [localhost-startStop-1] o.a.c.c.C.[Tomcat].[localhost].[/]       : Initializing Spring embedded WebApplicationContext
2018-11-28 09:07:05.441  INFO 274880 --- [localhost-startStop-1] o.s.web.context.ContextLoader            : Root WebApplicationContext: initialization completed in 2001 ms
2018-11-28 09:07:06.521  INFO 274880 --- [localhost-startStop-1] o.s.b.w.servlet.FilterRegistrationBean   : Mapping filter: 'characterEncodingFilter' to: [/*]
2018-11-28 09:07:06.521  INFO 274880 --- [localhost-startStop-1] o.s.b.w.servlet.FilterRegistrationBean   : Mapping filter: 'hiddenHttpMethodFilter' to: [/*]
2018-11-28 09:07:06.522  INFO 274880 --- [localhost-startStop-1] o.s.b.w.servlet.FilterRegistrationBean   : Mapping filter: 'httpPutFormContentFilter' to: [/*]
2018-11-28 09:07:06.522  INFO 274880 --- [localhost-startStop-1] o.s.b.w.servlet.FilterRegistrationBean   : Mapping filter: 'requestContextFilter' to: [/*]
2018-11-28 09:07:06.523  INFO 274880 --- [localhost-startStop-1] .s.DelegatingFilterProxyRegistrationBean : Mapping filter: 'springSecurityFilterChain' to: [/*]
2018-11-28 09:07:06.523  INFO 274880 --- [localhost-startStop-1] o.s.b.w.servlet.FilterRegistrationBean   : Mapping filter: 'jwtAuthenticationFilter' to: [/*]
2018-11-28 09:07:06.524  INFO 274880 --- [localhost-startStop-1] o.s.b.w.servlet.ServletRegistrationBean  : Mapping servlet: 'dispatcherServlet' to [/]
2018-11-28 09:07:07.186  INFO 274880 --- [main] s.w.s.m.m.a.RequestMappingHandlerMapping : Mapped "{[/auth/signup],methods=[POST]}" onto public com.jit.skiad.commons.ObjectRestResponse<java.lang.Void> com.jit.skiad.controller.AuthController.register(com.jit.skiad.dto.UserDTO)
2018-11-28 09:07:07.187  INFO 274880 --- [main] s.w.s.m.m.a.RequestMappingHandlerMapping : Mapped "{[/auth/login],methods=[POST]}" onto public com.jit.skiad.commons.ObjectRestResponse<com.jit.skiad.dto.UserDTO> com.jit.skiad.controller.AuthController.createAuthenticationToken(com.jit.skiad.dto.JwtUser)
2018-11-28 09:07:07.190  INFO 274880 --- [main] s.w.s.m.m.a.RequestMappingHandlerMapping : Mapped "{[/user/admin],methods=[GET]}" onto com.jit.skiad.commons.ObjectRestResponse<com.github.pagehelper.PageInfo<com.jit.skiad.dto.UserDTO>> com.jit.skiad.controller.UserController.getLists(java.lang.Integer,java.lang.Integer)
2018-11-28 09:07:07.190  INFO 274880 --- [main] s.w.s.m.m.a.RequestMappingHandlerMapping : Mapped "{[/user/user/resetinfo],methods=[PUT]}" onto com.jit.skiad.commons.ObjectRestResponse<com.jit.skiad.dto.UserDTO> com.jit.skiad.controller.UserController.resetUserInfo(javax.servlet.http.HttpServletRequest,com.jit.skiad.dto.UserDTO)
2018-11-28 09:07:07.190  INFO 274880 --- [main] s.w.s.m.m.a.RequestMappingHandlerMapping : Mapped "{[/user/user/resetpassword],methods=[PUT]}" onto com.jit.skiad.commons.ObjectRestResponse<com.jit.skiad.dto.UserDTO> com.jit.skiad.controller.UserController.resetPassword(javax.servlet.http.HttpServletRequest,java.lang.String)
2018-11-28 09:07:07.194  INFO 274880 --- [main] s.w.s.m.m.a.RequestMappingHandlerMapping : Mapped "{[/swagger-resources]}" onto public org.springframework.http.ResponseEntity<java.util.List<springfox.documentation.swagger.web.SwaggerResource>> springfox.documentation.swagger.web.ApiResourceController.swaggerResources()
2018-11-28 09:07:07.195  INFO 274880 --- [main] s.w.s.m.m.a.RequestMappingHandlerMapping : Mapped "{[/swagger-resources/configuration/ui]}" onto public org.springframework.http.ResponseEntity<springfox.documentation.swagger.web.UiConfiguration> springfox.documentation.swagger.web.ApiResourceController.uiConfiguration()
2018-11-28 09:07:07.195  INFO 274880 --- [main] s.w.s.m.m.a.RequestMappingHandlerMapping : Mapped "{[/swagger-resources/configuration/security]}" onto public org.springframework.http.ResponseEntity<springfox.documentation.swagger.web.SecurityConfiguration> springfox.documentation.swagger.web.ApiResourceController.securityConfiguration()
2018-11-28 09:07:07.197  INFO 274880 --- [main] s.w.s.m.m.a.RequestMappingHandlerMapping : Mapped "{[/error]}" onto public org.springframework.http.ResponseEntity<java.util.Map<java.lang.String, java.lang.Object>> org.springframework.boot.autoconfigure.web.BasicErrorController.error(javax.servlet.http.HttpServletRequest)
2018-11-28 09:07:07.198  INFO 274880 --- [main] s.w.s.m.m.a.RequestMappingHandlerMapping : Mapped "{[/error],produces=[text/html]}" onto public org.springframework.web.servlet.ModelAndView org.springframework.boot.autoconfigure.web.BasicErrorController.errorHtml(javax.servlet.http.HttpServletRequest,javax.servlet.http.HttpServletResponse)
2018-11-28 09:07:07.315  INFO 274880 --- [main] pertySourcedRequestMappingHandlerMapping : Mapped URL path [/v2/api-docs] onto method [public org.springframework.http.ResponseEntity<springfox.documentation.spring.web.json.Json> springfox.documentation.swagger2.web.Swagger2Controller.getDocumentation(java.lang.String,javax.servlet.http.HttpServletRequest)]
2018-11-28 09:07:07.474  INFO 274880 --- [main] o.s.s.web.DefaultSecurityFilterChain     : Creating filter chain: org.springframework.security.web.util.matcher.AnyRequestMatcher@1, [org.springframework.security.web.context.request.async.WebAsyncManagerIntegrationFilter@118dcbbd, org.springframework.security.web.context.SecurityContextPersistenceFilter@4976085, org.springframework.security.web.header.HeaderWriterFilter@b0a1231, org.springframework.security.web.authentication.logout.LogoutFilter@2f4b98f6, com.jit.skiad.jwtsecurity.filter.JwtAuthenticationFilter@7d979d34, org.springframework.security.web.savedrequest.RequestCacheAwareFilter@7fc420b8, org.springframework.security.web.servletapi.SecurityContextHolderAwareRequestFilter@767599a7, org.springframework.security.web.authentication.AnonymousAuthenticationFilter@350ec690, org.springframework.security.web.session.SessionManagementFilter@221a2068, org.springframework.security.web.access.ExceptionTranslationFilter@5d4e13e1, org.springframework.security.web.access.intercept.FilterSecurityInterceptor@1e95b653]
2018-11-28 09:07:07.692  INFO 274880 --- [main] s.w.s.m.m.a.RequestMappingHandlerAdapter : Looking for @ControllerAdvice: org.springframework.boot.context.embedded.AnnotationConfigEmbeddedWebApplicationContext@316bcf94: startup date [Wed Nov 28 09:07:03 CST 2018]; root of context hierarchy
2018-11-28 09:07:07.740  INFO 274880 --- [main] o.s.w.s.handler.SimpleUrlHandlerMapping  : Mapped URL path [/webjars/**] onto handler of type [class org.springframework.web.servlet.resource.ResourceHttpRequestHandler]
2018-11-28 09:07:07.740  INFO 274880 --- [main] o.s.w.s.handler.SimpleUrlHandlerMapping  : Mapped URL path [/**] onto handler of type [class org.springframework.web.servlet.resource.ResourceHttpRequestHandler]
2018-11-28 09:07:07.756  INFO 274880 --- [main] .m.m.a.ExceptionHandlerExceptionResolver : Detected @ExceptionHandler methods in customExceptionHandler
2018-11-28 09:07:07.775  INFO 274880 --- [main] o.s.w.s.handler.SimpleUrlHandlerMapping  : Mapped URL path [/**/favicon.ico] onto handler of type [class org.springframework.web.servlet.resource.ResourceHttpRequestHandler]
2018-11-28 09:07:08.123  INFO 274880 --- [main] o.s.ui.freemarker.SpringTemplateLoader   : SpringTemplateLoader for FreeMarker: using resource loader [org.springframework.boot.context.embedded.AnnotationConfigEmbeddedWebApplicationContext@316bcf94: startup date [Wed Nov 28 09:07:03 CST 2018]; root of context hierarchy] and template loader path [classpath:/templates/]
2018-11-28 09:07:08.123  INFO 274880 --- [main] o.s.w.s.v.f.FreeMarkerConfigurer         : ClassTemplateLoader for Spring macros added to FreeMarker configuration
2018-11-28 09:07:08.259  INFO 274880 --- [main] o.s.j.e.a.AnnotationMBeanExporter        : Registering beans for JMX exposure on startup
2018-11-28 09:07:08.267  INFO 274880 --- [main] o.s.c.support.DefaultLifecycleProcessor  : Starting beans in phase 2147483647
2018-11-28 09:07:08.267  INFO 274880 --- [main] d.s.w.p.DocumentationPluginsBootstrapper : Context refreshed
2018-11-28 09:07:08.284  INFO 274880 --- [main] d.s.w.p.DocumentationPluginsBootstrapper : Found 1 custom documentation plugin(s)
2018-11-28 09:07:08.308  INFO 274880 --- [main] s.d.s.w.s.ApiListingReferenceScanner     : Scanning for api listing references
2018-11-28 09:07:08.511  INFO 274880 --- [main] s.b.c.e.t.TomcatEmbeddedServletContainer : Tomcat started on port(s): 8080 (http)
2018-11-28 09:07:08.518  INFO 274880 --- [main] com.jit.skiad.SkiadApplication           : Started SkiadApplication in 6.503 seconds (JVM running for 7.606)
2018-11-28 09:07:08.518  INFO 274880 --- [main] com.jit.skiad.SkiadApplication           : skiad application is running.........
2018-11-28 09:07:34.125  INFO 274880 --- [http-nio-8080-exec-2] o.a.c.c.C.[Tomcat].[localhost].[/]       : Initializing Spring FrameworkServlet 'dispatcherServlet'
2018-11-28 09:07:34.125  INFO 274880 --- [http-nio-8080-exec-2] o.s.web.servlet.DispatcherServlet        : FrameworkServlet 'dispatcherServlet': initialization started
2018-11-28 09:07:34.147  INFO 274880 --- [http-nio-8080-exec-2] o.s.web.servlet.DispatcherServlet        : FrameworkServlet 'dispatcherServlet': initialization completed in 22 ms
2018-11-28 09:11:16.778  INFO 186132 --- [main] com.jit.skiad.SkiadApplication           : Starting SkiadApplication on DESKTOP-E87SLA0 with PID 186132 (D:\workspaces\workspace_irrigation\skiad\target\classes started by nsizm in D:\workspaces\workspace_irrigation\skiad)
2018-11-28 09:11:16.782  INFO 186132 --- [main] com.jit.skiad.SkiadApplication           : No active profile set, falling back to default profiles: default
2018-11-28 09:11:16.848  INFO 186132 --- [main] ationConfigEmbeddedWebApplicationContext : Refreshing org.springframework.boot.context.embedded.AnnotationConfigEmbeddedWebApplicationContext@7817fd62: startup date [Wed Nov 28 09:11:16 CST 2018]; root of context hierarchy
2018-11-28 09:11:18.026  INFO 186132 --- [main] o.s.b.f.s.DefaultListableBeanFactory     : Overriding bean definition for bean 'dataSource' with a different definition: replacing [Root bean: class [null]; scope=; abstract=false; lazyInit=false; autowireMode=3; dependencyCheck=0; autowireCandidate=true; primary=false; factoryBeanName=org.springframework.boot.autoconfigure.jdbc.DataSourceConfiguration$Dbcp2; factoryMethodName=dataSource; initMethodName=null; destroyMethodName=(inferred); defined in class path resource [org/springframework/boot/autoconfigure/jdbc/DataSourceConfiguration$Dbcp2.class]] with [Root bean: class [null]; scope=; abstract=false; lazyInit=false; autowireMode=3; dependencyCheck=0; autowireCandidate=true; primary=false; factoryBeanName=org.springframework.boot.autoconfigure.jdbc.DataSourceConfiguration$Tomcat; factoryMethodName=dataSource; initMethodName=null; destroyMethodName=(inferred); defined in class path resource [org/springframework/boot/autoconfigure/jdbc/DataSourceConfiguration$Tomcat.class]]
2018-11-28 09:11:18.063  INFO 186132 --- [main] .s.d.r.c.RepositoryConfigurationDelegate : Multiple Spring Data modules found, entering strict repository configuration mode!
2018-11-28 09:11:18.411  INFO 186132 --- [main] trationDelegate$BeanPostProcessorChecker : Bean 'org.springframework.transaction.annotation.ProxyTransactionManagementConfiguration' of type [org.springframework.transaction.annotation.ProxyTransactionManagementConfiguration$$EnhancerBySpringCGLIB$$7beb6de2] is not eligible for getting processed by all BeanPostProcessors (for example: not eligible for auto-proxying)
2018-11-28 09:11:18.771  INFO 186132 --- [main] s.b.c.e.t.TomcatEmbeddedServletContainer : Tomcat initialized with port(s): 8080 (http)
2018-11-28 09:11:18.785  INFO 186132 --- [main] o.apache.catalina.core.StandardService   : Starting service [Tomcat]
2018-11-28 09:11:18.787  INFO 186132 --- [main] org.apache.catalina.core.StandardEngine  : Starting Servlet Engine: Apache Tomcat/8.5.20
2018-11-28 09:11:18.923  INFO 186132 --- [localhost-startStop-1] o.a.c.c.C.[Tomcat].[localhost].[/]       : Initializing Spring embedded WebApplicationContext
2018-11-28 09:11:18.923  INFO 186132 --- [localhost-startStop-1] o.s.web.context.ContextLoader            : Root WebApplicationContext: initialization completed in 2075 ms
2018-11-28 09:11:19.962  INFO 186132 --- [localhost-startStop-1] o.s.b.w.servlet.FilterRegistrationBean   : Mapping filter: 'characterEncodingFilter' to: [/*]
2018-11-28 09:11:19.963  INFO 186132 --- [localhost-startStop-1] o.s.b.w.servlet.FilterRegistrationBean   : Mapping filter: 'hiddenHttpMethodFilter' to: [/*]
2018-11-28 09:11:19.963  INFO 186132 --- [localhost-startStop-1] o.s.b.w.servlet.FilterRegistrationBean   : Mapping filter: 'httpPutFormContentFilter' to: [/*]
2018-11-28 09:11:19.963  INFO 186132 --- [localhost-startStop-1] o.s.b.w.servlet.FilterRegistrationBean   : Mapping filter: 'requestContextFilter' to: [/*]
2018-11-28 09:11:19.964  INFO 186132 --- [localhost-startStop-1] .s.DelegatingFilterProxyRegistrationBean : Mapping filter: 'springSecurityFilterChain' to: [/*]
2018-11-28 09:11:19.965  INFO 186132 --- [localhost-startStop-1] o.s.b.w.servlet.FilterRegistrationBean   : Mapping filter: 'jwtAuthenticationFilter' to: [/*]
2018-11-28 09:11:19.965  INFO 186132 --- [localhost-startStop-1] o.s.b.w.servlet.ServletRegistrationBean  : Mapping servlet: 'dispatcherServlet' to [/]
2018-11-28 09:11:20.647  INFO 186132 --- [main] s.w.s.m.m.a.RequestMappingHandlerMapping : Mapped "{[/auth/signup],methods=[POST]}" onto public com.jit.skiad.commons.ObjectRestResponse<java.lang.Void> com.jit.skiad.controller.AuthController.register(com.jit.skiad.dto.UserDTO)
2018-11-28 09:11:20.649  INFO 186132 --- [main] s.w.s.m.m.a.RequestMappingHandlerMapping : Mapped "{[/auth/login],methods=[POST]}" onto public com.jit.skiad.commons.ObjectRestResponse<com.jit.skiad.dto.UserDTO> com.jit.skiad.controller.AuthController.createAuthenticationToken(com.jit.skiad.dto.JwtUser)
2018-11-28 09:11:20.654  INFO 186132 --- [main] s.w.s.m.m.a.RequestMappingHandlerMapping : Mapped "{[/user/user/resetinfo],methods=[PUT]}" onto com.jit.skiad.commons.ObjectRestResponse<com.jit.skiad.dto.UserDTO> com.jit.skiad.controller.UserController.resetUserInfo(javax.servlet.http.HttpServletRequest,com.jit.skiad.dto.UserDTO)
2018-11-28 09:11:20.654  INFO 186132 --- [main] s.w.s.m.m.a.RequestMappingHandlerMapping : Mapped "{[/user/admin],methods=[GET]}" onto com.jit.skiad.commons.ObjectRestResponse<com.github.pagehelper.PageInfo<com.jit.skiad.dto.UserDTO>> com.jit.skiad.controller.UserController.getLists(java.lang.Integer,java.lang.Integer)
2018-11-28 09:11:20.655  INFO 186132 --- [main] s.w.s.m.m.a.RequestMappingHandlerMapping : Mapped "{[/user/user/resetpassword],methods=[PUT]}" onto com.jit.skiad.commons.ObjectRestResponse<com.jit.skiad.dto.UserDTO> com.jit.skiad.controller.UserController.resetPassword(javax.servlet.http.HttpServletRequest,java.lang.String)
2018-11-28 09:11:20.661  INFO 186132 --- [main] s.w.s.m.m.a.RequestMappingHandlerMapping : Mapped "{[/swagger-resources/configuration/security]}" onto public org.springframework.http.ResponseEntity<springfox.documentation.swagger.web.SecurityConfiguration> springfox.documentation.swagger.web.ApiResourceController.securityConfiguration()
2018-11-28 09:11:20.662  INFO 186132 --- [main] s.w.s.m.m.a.RequestMappingHandlerMapping : Mapped "{[/swagger-resources/configuration/ui]}" onto public org.springframework.http.ResponseEntity<springfox.documentation.swagger.web.UiConfiguration> springfox.documentation.swagger.web.ApiResourceController.uiConfiguration()
2018-11-28 09:11:20.663  INFO 186132 --- [main] s.w.s.m.m.a.RequestMappingHandlerMapping : Mapped "{[/swagger-resources]}" onto public org.springframework.http.ResponseEntity<java.util.List<springfox.documentation.swagger.web.SwaggerResource>> springfox.documentation.swagger.web.ApiResourceController.swaggerResources()
2018-11-28 09:11:20.666  INFO 186132 --- [main] s.w.s.m.m.a.RequestMappingHandlerMapping : Mapped "{[/error]}" onto public org.springframework.http.ResponseEntity<java.util.Map<java.lang.String, java.lang.Object>> org.springframework.boot.autoconfigure.web.BasicErrorController.error(javax.servlet.http.HttpServletRequest)
2018-11-28 09:11:20.667  INFO 186132 --- [main] s.w.s.m.m.a.RequestMappingHandlerMapping : Mapped "{[/error],produces=[text/html]}" onto public org.springframework.web.servlet.ModelAndView org.springframework.boot.autoconfigure.web.BasicErrorController.errorHtml(javax.servlet.http.HttpServletRequest,javax.servlet.http.HttpServletResponse)
2018-11-28 09:11:20.845  INFO 186132 --- [main] pertySourcedRequestMappingHandlerMapping : Mapped URL path [/v2/api-docs] onto method [public org.springframework.http.ResponseEntity<springfox.documentation.spring.web.json.Json> springfox.documentation.swagger2.web.Swagger2Controller.getDocumentation(java.lang.String,javax.servlet.http.HttpServletRequest)]
2018-11-28 09:11:21.062  INFO 186132 --- [main] o.s.s.web.DefaultSecurityFilterChain     : Creating filter chain: org.springframework.security.web.util.matcher.AnyRequestMatcher@1, [org.springframework.security.web.context.request.async.WebAsyncManagerIntegrationFilter@643d2dae, org.springframework.security.web.context.SecurityContextPersistenceFilter@1a8df0b3, org.springframework.security.web.header.HeaderWriterFilter@37637a24, org.springframework.security.web.authentication.logout.LogoutFilter@244418a, com.jit.skiad.jwtsecurity.filter.JwtAuthenticationFilter@52d6d273, org.springframework.security.web.savedrequest.RequestCacheAwareFilter@5961e92d, org.springframework.security.web.servletapi.SecurityContextHolderAwareRequestFilter@7b32b129, org.springframework.security.web.authentication.AnonymousAuthenticationFilter@4667c4c1, org.springframework.security.web.session.SessionManagementFilter@310aee0b, org.springframework.security.web.access.ExceptionTranslationFilter@6dab01d9, org.springframework.security.web.access.intercept.FilterSecurityInterceptor@2ab26378]
2018-11-28 09:11:21.255  INFO 186132 --- [main] s.w.s.m.m.a.RequestMappingHandlerAdapter : Looking for @ControllerAdvice: org.springframework.boot.context.embedded.AnnotationConfigEmbeddedWebApplicationContext@7817fd62: startup date [Wed Nov 28 09:11:16 CST 2018]; root of context hierarchy
2018-11-28 09:11:21.307  INFO 186132 --- [main] o.s.w.s.handler.SimpleUrlHandlerMapping  : Mapped URL path [/webjars/**] onto handler of type [class org.springframework.web.servlet.resource.ResourceHttpRequestHandler]
2018-11-28 09:11:21.308  INFO 186132 --- [main] o.s.w.s.handler.SimpleUrlHandlerMapping  : Mapped URL path [/**] onto handler of type [class org.springframework.web.servlet.resource.ResourceHttpRequestHandler]
2018-11-28 09:11:21.324  INFO 186132 --- [main] .m.m.a.ExceptionHandlerExceptionResolver : Detected @ExceptionHandler methods in customExceptionHandler
2018-11-28 09:11:21.343  INFO 186132 --- [main] o.s.w.s.handler.SimpleUrlHandlerMapping  : Mapped URL path [/**/favicon.ico] onto handler of type [class org.springframework.web.servlet.resource.ResourceHttpRequestHandler]
2018-11-28 09:11:21.692  INFO 186132 --- [main] o.s.ui.freemarker.SpringTemplateLoader   : SpringTemplateLoader for FreeMarker: using resource loader [org.springframework.boot.context.embedded.AnnotationConfigEmbeddedWebApplicationContext@7817fd62: startup date [Wed Nov 28 09:11:16 CST 2018]; root of context hierarchy] and template loader path [classpath:/templates/]
2018-11-28 09:11:21.693  INFO 186132 --- [main] o.s.w.s.v.f.FreeMarkerConfigurer         : ClassTemplateLoader for Spring macros added to FreeMarker configuration
2018-11-28 09:11:21.825  INFO 186132 --- [main] o.s.j.e.a.AnnotationMBeanExporter        : Registering beans for JMX exposure on startup
2018-11-28 09:11:21.839  INFO 186132 --- [main] o.s.c.support.DefaultLifecycleProcessor  : Starting beans in phase 2147483647
2018-11-28 09:11:21.840  INFO 186132 --- [main] d.s.w.p.DocumentationPluginsBootstrapper : Context refreshed
2018-11-28 09:11:21.859  INFO 186132 --- [main] d.s.w.p.DocumentationPluginsBootstrapper : Found 1 custom documentation plugin(s)
2018-11-28 09:11:21.884  INFO 186132 --- [main] s.d.s.w.s.ApiListingReferenceScanner     : Scanning for api listing references
2018-11-28 09:11:22.085  INFO 186132 --- [main] s.b.c.e.t.TomcatEmbeddedServletContainer : Tomcat started on port(s): 8080 (http)
2018-11-28 09:11:22.089  INFO 186132 --- [main] com.jit.skiad.SkiadApplication           : Started SkiadApplication in 6.057 seconds (JVM running for 7.126)
2018-11-28 09:11:22.090  INFO 186132 --- [main] com.jit.skiad.SkiadApplication           : skiad application is running.........
2018-11-28 09:11:59.207  INFO 282444 --- [main] com.jit.skiad.SkiadApplication           : Starting SkiadApplication on DESKTOP-E87SLA0 with PID 282444 (D:\workspaces\workspace_irrigation\skiad\target\classes started by nsizm in D:\workspaces\workspace_irrigation\skiad)
2018-11-28 09:11:59.211  INFO 282444 --- [main] com.jit.skiad.SkiadApplication           : No active profile set, falling back to default profiles: default
2018-11-28 09:11:59.314  INFO 282444 --- [main] ationConfigEmbeddedWebApplicationContext : Refreshing org.springframework.boot.context.embedded.AnnotationConfigEmbeddedWebApplicationContext@fbd1f6: startup date [Wed Nov 28 09:11:59 CST 2018]; root of context hierarchy
2018-11-28 09:12:00.527  INFO 282444 --- [main] o.s.b.f.s.DefaultListableBeanFactory     : Overriding bean definition for bean 'dataSource' with a different definition: replacing [Root bean: class [null]; scope=; abstract=false; lazyInit=false; autowireMode=3; dependencyCheck=0; autowireCandidate=true; primary=false; factoryBeanName=org.springframework.boot.autoconfigure.jdbc.DataSourceConfiguration$Dbcp2; factoryMethodName=dataSource; initMethodName=null; destroyMethodName=(inferred); defined in class path resource [org/springframework/boot/autoconfigure/jdbc/DataSourceConfiguration$Dbcp2.class]] with [Root bean: class [null]; scope=; abstract=false; lazyInit=false; autowireMode=3; dependencyCheck=0; autowireCandidate=true; primary=false; factoryBeanName=org.springframework.boot.autoconfigure.jdbc.DataSourceConfiguration$Tomcat; factoryMethodName=dataSource; initMethodName=null; destroyMethodName=(inferred); defined in class path resource [org/springframework/boot/autoconfigure/jdbc/DataSourceConfiguration$Tomcat.class]]
2018-11-28 09:12:00.576  INFO 282444 --- [main] .s.d.r.c.RepositoryConfigurationDelegate : Multiple Spring Data modules found, entering strict repository configuration mode!
2018-11-28 09:12:00.955  INFO 282444 --- [main] trationDelegate$BeanPostProcessorChecker : Bean 'org.springframework.transaction.annotation.ProxyTransactionManagementConfiguration' of type [org.springframework.transaction.annotation.ProxyTransactionManagementConfiguration$$EnhancerBySpringCGLIB$$b715e4f6] is not eligible for getting processed by all BeanPostProcessors (for example: not eligible for auto-proxying)
2018-11-28 09:12:01.318  INFO 282444 --- [main] s.b.c.e.t.TomcatEmbeddedServletContainer : Tomcat initialized with port(s): 8080 (http)
2018-11-28 09:12:01.326  INFO 282444 --- [main] o.apache.catalina.core.StandardService   : Starting service [Tomcat]
2018-11-28 09:12:01.327  INFO 282444 --- [main] org.apache.catalina.core.StandardEngine  : Starting Servlet Engine: Apache Tomcat/8.5.20
2018-11-28 09:12:01.438  INFO 282444 --- [localhost-startStop-1] o.a.c.c.C.[Tomcat].[localhost].[/]       : Initializing Spring embedded WebApplicationContext
2018-11-28 09:12:01.439  INFO 282444 --- [localhost-startStop-1] o.s.web.context.ContextLoader            : Root WebApplicationContext: initialization completed in 2125 ms
2018-11-28 09:12:02.513  INFO 282444 --- [localhost-startStop-1] o.s.b.w.servlet.FilterRegistrationBean   : Mapping filter: 'characterEncodingFilter' to: [/*]
2018-11-28 09:12:02.513  INFO 282444 --- [localhost-startStop-1] o.s.b.w.servlet.FilterRegistrationBean   : Mapping filter: 'hiddenHttpMethodFilter' to: [/*]
2018-11-28 09:12:02.514  INFO 282444 --- [localhost-startStop-1] o.s.b.w.servlet.FilterRegistrationBean   : Mapping filter: 'httpPutFormContentFilter' to: [/*]
2018-11-28 09:12:02.514  INFO 282444 --- [localhost-startStop-1] o.s.b.w.servlet.FilterRegistrationBean   : Mapping filter: 'requestContextFilter' to: [/*]
2018-11-28 09:12:02.515  INFO 282444 --- [localhost-startStop-1] .s.DelegatingFilterProxyRegistrationBean : Mapping filter: 'springSecurityFilterChain' to: [/*]
2018-11-28 09:12:02.516  INFO 282444 --- [localhost-startStop-1] o.s.b.w.servlet.FilterRegistrationBean   : Mapping filter: 'jwtAuthenticationFilter' to: [/*]
2018-11-28 09:12:02.516  INFO 282444 --- [localhost-startStop-1] o.s.b.w.servlet.ServletRegistrationBean  : Mapping servlet: 'dispatcherServlet' to [/]
2018-11-28 09:12:03.155  INFO 282444 --- [main] s.w.s.m.m.a.RequestMappingHandlerMapping : Mapped "{[/auth/signup],methods=[POST]}" onto public com.jit.skiad.commons.ObjectRestResponse<java.lang.Void> com.jit.skiad.controller.AuthController.register(com.jit.skiad.dto.UserDTO)
2018-11-28 09:12:03.156  INFO 282444 --- [main] s.w.s.m.m.a.RequestMappingHandlerMapping : Mapped "{[/auth/login],methods=[POST]}" onto public com.jit.skiad.commons.ObjectRestResponse<com.jit.skiad.dto.UserDTO> com.jit.skiad.controller.AuthController.createAuthenticationToken(com.jit.skiad.dto.JwtUser)
2018-11-28 09:12:03.158  INFO 282444 --- [main] s.w.s.m.m.a.RequestMappingHandlerMapping : Mapped "{[/user/admin],methods=[GET]}" onto com.jit.skiad.commons.ObjectRestResponse<com.github.pagehelper.PageInfo<com.jit.skiad.dto.UserDTO>> com.jit.skiad.controller.UserController.getLists(java.lang.Integer,java.lang.Integer)
2018-11-28 09:12:03.159  INFO 282444 --- [main] s.w.s.m.m.a.RequestMappingHandlerMapping : Mapped "{[/user/user/resetpassword],methods=[PUT]}" onto com.jit.skiad.commons.ObjectRestResponse<com.jit.skiad.dto.UserDTO> com.jit.skiad.controller.UserController.resetPassword(javax.servlet.http.HttpServletRequest,java.lang.String)
2018-11-28 09:12:03.159  INFO 282444 --- [main] s.w.s.m.m.a.RequestMappingHandlerMapping : Mapped "{[/user/user/resetinfo],methods=[PUT]}" onto com.jit.skiad.commons.ObjectRestResponse<com.jit.skiad.dto.UserDTO> com.jit.skiad.controller.UserController.resetUserInfo(javax.servlet.http.HttpServletRequest,com.jit.skiad.dto.UserDTO)
2018-11-28 09:12:03.163  INFO 282444 --- [main] s.w.s.m.m.a.RequestMappingHandlerMapping : Mapped "{[/swagger-resources/configuration/ui]}" onto public org.springframework.http.ResponseEntity<springfox.documentation.swagger.web.UiConfiguration> springfox.documentation.swagger.web.ApiResourceController.uiConfiguration()
2018-11-28 09:12:03.164  INFO 282444 --- [main] s.w.s.m.m.a.RequestMappingHandlerMapping : Mapped "{[/swagger-resources]}" onto public org.springframework.http.ResponseEntity<java.util.List<springfox.documentation.swagger.web.SwaggerResource>> springfox.documentation.swagger.web.ApiResourceController.swaggerResources()
2018-11-28 09:12:03.165  INFO 282444 --- [main] s.w.s.m.m.a.RequestMappingHandlerMapping : Mapped "{[/swagger-resources/configuration/security]}" onto public org.springframework.http.ResponseEntity<springfox.documentation.swagger.web.SecurityConfiguration> springfox.documentation.swagger.web.ApiResourceController.securityConfiguration()
2018-11-28 09:12:03.167  INFO 282444 --- [main] s.w.s.m.m.a.RequestMappingHandlerMapping : Mapped "{[/error]}" onto public org.springframework.http.ResponseEntity<java.util.Map<java.lang.String, java.lang.Object>> org.springframework.boot.autoconfigure.web.BasicErrorController.error(javax.servlet.http.HttpServletRequest)
2018-11-28 09:12:03.167  INFO 282444 --- [main] s.w.s.m.m.a.RequestMappingHandlerMapping : Mapped "{[/error],produces=[text/html]}" onto public org.springframework.web.servlet.ModelAndView org.springframework.boot.autoconfigure.web.BasicErrorController.errorHtml(javax.servlet.http.HttpServletRequest,javax.servlet.http.HttpServletResponse)
2018-11-28 09:12:03.287  INFO 282444 --- [main] pertySourcedRequestMappingHandlerMapping : Mapped URL path [/v2/api-docs] onto method [public org.springframework.http.ResponseEntity<springfox.documentation.spring.web.json.Json> springfox.documentation.swagger2.web.Swagger2Controller.getDocumentation(java.lang.String,javax.servlet.http.HttpServletRequest)]
2018-11-28 09:12:03.440  INFO 282444 --- [main] o.s.s.web.DefaultSecurityFilterChain     : Creating filter chain: org.springframework.security.web.util.matcher.AnyRequestMatcher@1, [org.springframework.security.web.context.request.async.WebAsyncManagerIntegrationFilter@404eca05, org.springframework.security.web.context.SecurityContextPersistenceFilter@6dd1f638, org.springframework.security.web.header.HeaderWriterFilter@1921994e, org.springframework.security.web.authentication.logout.LogoutFilter@541179e7, com.jit.skiad.jwtsecurity.filter.JwtAuthenticationFilter@58b91d57, org.springframework.security.web.savedrequest.RequestCacheAwareFilter@4b76aa5a, org.springframework.security.web.servletapi.SecurityContextHolderAwareRequestFilter@7c112f5f, org.springframework.security.web.authentication.AnonymousAuthenticationFilter@61a91c9b, org.springframework.security.web.session.SessionManagementFilter@37637a24, org.springframework.security.web.access.ExceptionTranslationFilter@3337d04c, org.springframework.security.web.access.intercept.FilterSecurityInterceptor@61bcbcce]
2018-11-28 09:12:03.683  INFO 282444 --- [main] s.w.s.m.m.a.RequestMappingHandlerAdapter : Looking for @ControllerAdvice: org.springframework.boot.context.embedded.AnnotationConfigEmbeddedWebApplicationContext@fbd1f6: startup date [Wed Nov 28 09:11:59 CST 2018]; root of context hierarchy
2018-11-28 09:12:03.732  INFO 282444 --- [main] o.s.w.s.handler.SimpleUrlHandlerMapping  : Mapped URL path [/webjars/**] onto handler of type [class org.springframework.web.servlet.resource.ResourceHttpRequestHandler]
2018-11-28 09:12:03.732  INFO 282444 --- [main] o.s.w.s.handler.SimpleUrlHandlerMapping  : Mapped URL path [/**] onto handler of type [class org.springframework.web.servlet.resource.ResourceHttpRequestHandler]
2018-11-28 09:12:03.747  INFO 282444 --- [main] .m.m.a.ExceptionHandlerExceptionResolver : Detected @ExceptionHandler methods in customExceptionHandler
2018-11-28 09:12:03.767  INFO 282444 --- [main] o.s.w.s.handler.SimpleUrlHandlerMapping  : Mapped URL path [/**/favicon.ico] onto handler of type [class org.springframework.web.servlet.resource.ResourceHttpRequestHandler]
2018-11-28 09:12:04.124  INFO 282444 --- [main] o.s.ui.freemarker.SpringTemplateLoader   : SpringTemplateLoader for FreeMarker: using resource loader [org.springframework.boot.context.embedded.AnnotationConfigEmbeddedWebApplicationContext@fbd1f6: startup date [Wed Nov 28 09:11:59 CST 2018]; root of context hierarchy] and template loader path [classpath:/templates/]
2018-11-28 09:12:04.125  INFO 282444 --- [main] o.s.w.s.v.f.FreeMarkerConfigurer         : ClassTemplateLoader for Spring macros added to FreeMarker configuration
2018-11-28 09:12:04.267  INFO 282444 --- [main] o.s.j.e.a.AnnotationMBeanExporter        : Registering beans for JMX exposure on startup
2018-11-28 09:12:04.275  INFO 282444 --- [main] o.s.c.support.DefaultLifecycleProcessor  : Starting beans in phase 2147483647
2018-11-28 09:12:04.276  INFO 282444 --- [main] d.s.w.p.DocumentationPluginsBootstrapper : Context refreshed
2018-11-28 09:12:04.292  INFO 282444 --- [main] d.s.w.p.DocumentationPluginsBootstrapper : Found 1 custom documentation plugin(s)
2018-11-28 09:12:04.318  INFO 282444 --- [main] s.d.s.w.s.ApiListingReferenceScanner     : Scanning for api listing references
2018-11-28 09:12:04.519  INFO 282444 --- [main] s.b.c.e.t.TomcatEmbeddedServletContainer : Tomcat started on port(s): 8080 (http)
2018-11-28 09:12:04.524  INFO 282444 --- [main] com.jit.skiad.SkiadApplication           : Started SkiadApplication in 6.035 seconds (JVM running for 7.21)
2018-11-28 09:12:04.524  INFO 282444 --- [main] com.jit.skiad.SkiadApplication           : skiad application is running.........
2018-11-28 09:12:38.562  INFO 282444 --- [http-nio-8080-exec-2] o.a.c.c.C.[Tomcat].[localhost].[/]       : Initializing Spring FrameworkServlet 'dispatcherServlet'
2018-11-28 09:12:38.563  INFO 282444 --- [http-nio-8080-exec-2] o.s.web.servlet.DispatcherServlet        : FrameworkServlet 'dispatcherServlet': initialization started
2018-11-28 09:12:38.584  INFO 282444 --- [http-nio-8080-exec-2] o.s.web.servlet.DispatcherServlet        : FrameworkServlet 'dispatcherServlet': initialization completed in 21 ms
2018-11-28 09:13:09.628  INFO 282084 --- [main] com.jit.skiad.SkiadApplication           : Starting SkiadApplication on DESKTOP-E87SLA0 with PID 282084 (D:\workspaces\workspace_irrigation\skiad\target\classes started by nsizm in D:\workspaces\workspace_irrigation\skiad)
2018-11-28 09:13:09.633  INFO 282084 --- [main] com.jit.skiad.SkiadApplication           : No active profile set, falling back to default profiles: default
2018-11-28 09:13:09.704  INFO 282084 --- [main] ationConfigEmbeddedWebApplicationContext : Refreshing org.springframework.boot.context.embedded.AnnotationConfigEmbeddedWebApplicationContext@510f3d34: startup date [Wed Nov 28 09:13:09 CST 2018]; root of context hierarchy
2018-11-28 09:13:10.900  INFO 282084 --- [main] o.s.b.f.s.DefaultListableBeanFactory     : Overriding bean definition for bean 'dataSource' with a different definition: replacing [Root bean: class [null]; scope=; abstract=false; lazyInit=false; autowireMode=3; dependencyCheck=0; autowireCandidate=true; primary=false; factoryBeanName=org.springframework.boot.autoconfigure.jdbc.DataSourceConfiguration$Dbcp2; factoryMethodName=dataSource; initMethodName=null; destroyMethodName=(inferred); defined in class path resource [org/springframework/boot/autoconfigure/jdbc/DataSourceConfiguration$Dbcp2.class]] with [Root bean: class [null]; scope=; abstract=false; lazyInit=false; autowireMode=3; dependencyCheck=0; autowireCandidate=true; primary=false; factoryBeanName=org.springframework.boot.autoconfigure.jdbc.DataSourceConfiguration$Tomcat; factoryMethodName=dataSource; initMethodName=null; destroyMethodName=(inferred); defined in class path resource [org/springframework/boot/autoconfigure/jdbc/DataSourceConfiguration$Tomcat.class]]
2018-11-28 09:13:10.938  INFO 282084 --- [main] .s.d.r.c.RepositoryConfigurationDelegate : Multiple Spring Data modules found, entering strict repository configuration mode!
2018-11-28 09:13:11.324  INFO 282084 --- [main] trationDelegate$BeanPostProcessorChecker : Bean 'org.springframework.transaction.annotation.ProxyTransactionManagementConfiguration' of type [org.springframework.transaction.annotation.ProxyTransactionManagementConfiguration$$EnhancerBySpringCGLIB$$b6d3269f] is not eligible for getting processed by all BeanPostProcessors (for example: not eligible for auto-proxying)
2018-11-28 09:13:11.681  INFO 282084 --- [main] s.b.c.e.t.TomcatEmbeddedServletContainer : Tomcat initialized with port(s): 8080 (http)
2018-11-28 09:13:11.689  INFO 282084 --- [main] o.apache.catalina.core.StandardService   : Starting service [Tomcat]
2018-11-28 09:13:11.690  INFO 282084 --- [main] org.apache.catalina.core.StandardEngine  : Starting Servlet Engine: Apache Tomcat/8.5.20
2018-11-28 09:13:11.801  INFO 282084 --- [localhost-startStop-1] o.a.c.c.C.[Tomcat].[localhost].[/]       : Initializing Spring embedded WebApplicationContext
2018-11-28 09:13:11.801  INFO 282084 --- [localhost-startStop-1] o.s.web.context.ContextLoader            : Root WebApplicationContext: initialization completed in 2098 ms
2018-11-28 09:13:12.823  INFO 282084 --- [localhost-startStop-1] o.s.b.w.servlet.FilterRegistrationBean   : Mapping filter: 'characterEncodingFilter' to: [/*]
2018-11-28 09:13:12.823  INFO 282084 --- [localhost-startStop-1] o.s.b.w.servlet.FilterRegistrationBean   : Mapping filter: 'hiddenHttpMethodFilter' to: [/*]
2018-11-28 09:13:12.823  INFO 282084 --- [localhost-startStop-1] o.s.b.w.servlet.FilterRegistrationBean   : Mapping filter: 'httpPutFormContentFilter' to: [/*]
2018-11-28 09:13:12.824  INFO 282084 --- [localhost-startStop-1] o.s.b.w.servlet.FilterRegistrationBean   : Mapping filter: 'requestContextFilter' to: [/*]
2018-11-28 09:13:12.825  INFO 282084 --- [localhost-startStop-1] .s.DelegatingFilterProxyRegistrationBean : Mapping filter: 'springSecurityFilterChain' to: [/*]
2018-11-28 09:13:12.825  INFO 282084 --- [localhost-startStop-1] o.s.b.w.servlet.FilterRegistrationBean   : Mapping filter: 'jwtAuthenticationFilter' to: [/*]
2018-11-28 09:13:12.825  INFO 282084 --- [localhost-startStop-1] o.s.b.w.servlet.ServletRegistrationBean  : Mapping servlet: 'dispatcherServlet' to [/]
2018-11-28 09:13:13.479  INFO 282084 --- [main] s.w.s.m.m.a.RequestMappingHandlerMapping : Mapped "{[/auth/signup],methods=[POST]}" onto public com.jit.skiad.commons.ObjectRestResponse<java.lang.Void> com.jit.skiad.controller.AuthController.register(com.jit.skiad.dto.UserDTO)
2018-11-28 09:13:13.480  INFO 282084 --- [main] s.w.s.m.m.a.RequestMappingHandlerMapping : Mapped "{[/auth/login],methods=[POST]}" onto public com.jit.skiad.commons.ObjectRestResponse<com.jit.skiad.dto.UserDTO> com.jit.skiad.controller.AuthController.createAuthenticationToken(com.jit.skiad.dto.JwtUser)
2018-11-28 09:13:13.484  INFO 282084 --- [main] s.w.s.m.m.a.RequestMappingHandlerMapping : Mapped "{[/user/user/resetinfo],methods=[PUT]}" onto com.jit.skiad.commons.ObjectRestResponse<com.jit.skiad.dto.UserDTO> com.jit.skiad.controller.UserController.resetUserInfo(javax.servlet.http.HttpServletRequest,com.jit.skiad.dto.UserDTO)
2018-11-28 09:13:13.484  INFO 282084 --- [main] s.w.s.m.m.a.RequestMappingHandlerMapping : Mapped "{[/user/admin],methods=[GET]}" onto com.jit.skiad.commons.ObjectRestResponse<com.github.pagehelper.PageInfo<com.jit.skiad.dto.UserDTO>> com.jit.skiad.controller.UserController.getLists(java.lang.Integer,java.lang.Integer)
2018-11-28 09:13:13.484  INFO 282084 --- [main] s.w.s.m.m.a.RequestMappingHandlerMapping : Mapped "{[/user/user/resetpassword],methods=[PUT]}" onto com.jit.skiad.commons.ObjectRestResponse<com.jit.skiad.dto.UserDTO> com.jit.skiad.controller.UserController.resetPassword(javax.servlet.http.HttpServletRequest,java.lang.String)
2018-11-28 09:13:13.490  INFO 282084 --- [main] s.w.s.m.m.a.RequestMappingHandlerMapping : Mapped "{[/swagger-resources/configuration/security]}" onto public org.springframework.http.ResponseEntity<springfox.documentation.swagger.web.SecurityConfiguration> springfox.documentation.swagger.web.ApiResourceController.securityConfiguration()
2018-11-28 09:13:13.491  INFO 282084 --- [main] s.w.s.m.m.a.RequestMappingHandlerMapping : Mapped "{[/swagger-resources]}" onto public org.springframework.http.ResponseEntity<java.util.List<springfox.documentation.swagger.web.SwaggerResource>> springfox.documentation.swagger.web.ApiResourceController.swaggerResources()
2018-11-28 09:13:13.492  INFO 282084 --- [main] s.w.s.m.m.a.RequestMappingHandlerMapping : Mapped "{[/swagger-resources/configuration/ui]}" onto public org.springframework.http.ResponseEntity<springfox.documentation.swagger.web.UiConfiguration> springfox.documentation.swagger.web.ApiResourceController.uiConfiguration()
2018-11-28 09:13:13.496  INFO 282084 --- [main] s.w.s.m.m.a.RequestMappingHandlerMapping : Mapped "{[/error]}" onto public org.springframework.http.ResponseEntity<java.util.Map<java.lang.String, java.lang.Object>> org.springframework.boot.autoconfigure.web.BasicErrorController.error(javax.servlet.http.HttpServletRequest)
2018-11-28 09:13:13.497  INFO 282084 --- [main] s.w.s.m.m.a.RequestMappingHandlerMapping : Mapped "{[/error],produces=[text/html]}" onto public org.springframework.web.servlet.ModelAndView org.springframework.boot.autoconfigure.web.BasicErrorController.errorHtml(javax.servlet.http.HttpServletRequest,javax.servlet.http.HttpServletResponse)
2018-11-28 09:13:13.657  INFO 282084 --- [main] pertySourcedRequestMappingHandlerMapping : Mapped URL path [/v2/api-docs] onto method [public org.springframework.http.ResponseEntity<springfox.documentation.spring.web.json.Json> springfox.documentation.swagger2.web.Swagger2Controller.getDocumentation(java.lang.String,javax.servlet.http.HttpServletRequest)]
2018-11-28 09:13:13.833  INFO 282084 --- [main] o.s.s.web.DefaultSecurityFilterChain     : Creating filter chain: org.springframework.security.web.util.matcher.AnyRequestMatcher@1, [org.springframework.security.web.context.request.async.WebAsyncManagerIntegrationFilter@52d6d273, org.springframework.security.web.context.SecurityContextPersistenceFilter@7c112f5f, org.springframework.security.web.header.HeaderWriterFilter@31e76a8d, org.springframework.security.web.authentication.logout.LogoutFilter@4b5a078a, com.jit.skiad.jwtsecurity.filter.JwtAuthenticationFilter@4667c4c1, org.springframework.security.web.savedrequest.RequestCacheAwareFilter@4fd05028, org.springframework.security.web.servletapi.SecurityContextHolderAwareRequestFilter@439e3cb4, org.springframework.security.web.authentication.AnonymousAuthenticationFilter@2f9a4401, org.springframework.security.web.session.SessionManagementFilter@36327cec, org.springframework.security.web.access.ExceptionTranslationFilter@2e09c51, org.springframework.security.web.access.intercept.FilterSecurityInterceptor@f9f3928]
2018-11-28 09:13:14.037  INFO 282084 --- [main] s.w.s.m.m.a.RequestMappingHandlerAdapter : Looking for @ControllerAdvice: org.springframework.boot.context.embedded.AnnotationConfigEmbeddedWebApplicationContext@510f3d34: startup date [Wed Nov 28 09:13:09 CST 2018]; root of context hierarchy
2018-11-28 09:13:14.090  INFO 282084 --- [main] o.s.w.s.handler.SimpleUrlHandlerMapping  : Mapped URL path [/webjars/**] onto handler of type [class org.springframework.web.servlet.resource.ResourceHttpRequestHandler]
2018-11-28 09:13:14.090  INFO 282084 --- [main] o.s.w.s.handler.SimpleUrlHandlerMapping  : Mapped URL path [/**] onto handler of type [class org.springframework.web.servlet.resource.ResourceHttpRequestHandler]
2018-11-28 09:13:14.107  INFO 282084 --- [main] .m.m.a.ExceptionHandlerExceptionResolver : Detected @ExceptionHandler methods in customExceptionHandler
2018-11-28 09:13:14.129  INFO 282084 --- [main] o.s.w.s.handler.SimpleUrlHandlerMapping  : Mapped URL path [/**/favicon.ico] onto handler of type [class org.springframework.web.servlet.resource.ResourceHttpRequestHandler]
2018-11-28 09:13:14.491  INFO 282084 --- [main] o.s.ui.freemarker.SpringTemplateLoader   : SpringTemplateLoader for FreeMarker: using resource loader [org.springframework.boot.context.embedded.AnnotationConfigEmbeddedWebApplicationContext@510f3d34: startup date [Wed Nov 28 09:13:09 CST 2018]; root of context hierarchy] and template loader path [classpath:/templates/]
2018-11-28 09:13:14.492  INFO 282084 --- [main] o.s.w.s.v.f.FreeMarkerConfigurer         : ClassTemplateLoader for Spring macros added to FreeMarker configuration
2018-11-28 09:13:14.638  INFO 282084 --- [main] o.s.j.e.a.AnnotationMBeanExporter        : Registering beans for JMX exposure on startup
2018-11-28 09:13:14.646  INFO 282084 --- [main] o.s.c.support.DefaultLifecycleProcessor  : Starting beans in phase 2147483647
2018-11-28 09:13:14.646  INFO 282084 --- [main] d.s.w.p.DocumentationPluginsBootstrapper : Context refreshed
2018-11-28 09:13:14.663  INFO 282084 --- [main] d.s.w.p.DocumentationPluginsBootstrapper : Found 1 custom documentation plugin(s)
2018-11-28 09:13:14.686  INFO 282084 --- [main] s.d.s.w.s.ApiListingReferenceScanner     : Scanning for api listing references
2018-11-28 09:13:14.896  INFO 282084 --- [main] s.b.c.e.t.TomcatEmbeddedServletContainer : Tomcat started on port(s): 8080 (http)
2018-11-28 09:13:14.902  INFO 282084 --- [main] com.jit.skiad.SkiadApplication           : Started SkiadApplication in 6.092 seconds (JVM running for 7.188)
2018-11-28 09:13:14.902  INFO 282084 --- [main] com.jit.skiad.SkiadApplication           : skiad application is running.........
2018-11-28 10:25:53.278  INFO 282084 --- [http-nio-8080-exec-2] o.a.c.c.C.[Tomcat].[localhost].[/]       : Initializing Spring FrameworkServlet 'dispatcherServlet'
2018-11-28 10:25:53.282  INFO 282084 --- [http-nio-8080-exec-2] o.s.web.servlet.DispatcherServlet        : FrameworkServlet 'dispatcherServlet': initialization started
2018-11-28 10:25:53.365  INFO 282084 --- [http-nio-8080-exec-2] o.s.web.servlet.DispatcherServlet        : FrameworkServlet 'dispatcherServlet': initialization completed in 83 ms
